#
# A fatal error has been detected by the Java Runtime Environment:
#
#  SIGSEGV (0xb) at pc=0x00007fff8649b4dd, pid=2243, tid=0x0000000000000a0b
#
# JRE version: Java(TM) SE Runtime Environment (8.0_111-b14) (build 1.8.0_111-b14)
# Java VM: Java HotSpot(TM) 64-Bit Server VM (25.111-b14 mixed mode bsd-amd64 compressed oops)
# Problematic frame:
# C  [libobjc.A.dylib+0x14dd]  objc_msgSend+0x1d
#
# Failed to write core dump. Core dumps have been disabled. To enable core dumping, try "ulimit -c unlimited" before starting Java again
#
# If you would like to submit a bug report, please visit:
#   http://bugreport.java.com/bugreport/crash.jsp
# The crash happened outside the Java Virtual Machine in native code.
# See problematic frame for where to report the bug.
#

---------------  T H R E A D  ---------------

Current thread (0x00007faf4c09f800):  JavaThread "AWT-AppKit" daemon [_thread_in_native, id=2571, stack(0x00007fff4ff5a000,0x00007fff5075a000)]

siginfo: si_signo: 11 (SIGSEGV), si_code: 1 (SEGV_MAPERR), si_addr: 0x0000000000000018

Registers:
RAX=0x00007faf4f28eef0, RBX=0x000000017f353450, RCX=0x000000012963e3e0, RDX=0x000000012963ed60
RSP=0x00007fff507553f8, RBP=0x00007fff507554b0, RSI=0x00007fff9796fcbe, RDI=0x00007faf4ad3a620
R8 =0x0000000000000000, R9 =0x00000000000008b0, R10=0x00007fff9796fcbe, R11=0x0000000000000000
R12=0x0000000000000000, R13=0x0000000183ea7608, R14=0x000000017f353440, R15=0x00007faf4c09f800
RIP=0x00007fff8649b4dd, EFLAGS=0x0000000000010246, ERR=0x0000000000000004
  TRAPNO=0x000000000000000e

Top of Stack: (sp=0x00007fff507553f8)
0x00007fff507553f8:   000000017f351157 00007fff50755450
0x00007fff50755408:   0000000000000003 00007fff50755430
0x00007fff50755418:   00000001101f27be 0000000183ea7608
0x00007fff50755428:   0000000183ea7608 00007faf4f28eef0
0x00007fff50755438:   000000017f3536a0 000000017f353710
0x00007fff50755448:   00007fff776d1770 00007fff774ff500
0x00007fff50755458:   000000017f353450 000000017f353690
0x00007fff50755468:   00007faf4f28eef0 00007faf4ad3a620
0x00007fff50755478:   00007faf4ae18310 00007faf4f28eef0
0x00007fff50755488:   00007faf4ad3a620 00007fff50755538
0x00007fff50755498:   00007faf4c09f9f8 0000000183ea7608
0x00007fff507554a8:   00007fff50755560 00007fff50755528
0x00007fff507554b8:   0000000110fb89f4 0000000183ea7608
0x00007fff507554c8:   00007fff50755560 00007fff50755528
0x00007fff507554d8:   0000000110fb8787 0000000110fb8742
0x00007fff507554e8:   00007fff507554e8 0000000183ea7608
0x00007fff507554f8:   00007fff50755560 0000000183eaa240
0x00007fff50755508:   0000000000000000 0000000183ea7608
0x00007fff50755518:   0000000000000000 00007fff50755548
0x00007fff50755528:   00007fff507555a8 0000000110fa92bd
0x00007fff50755538:   0000000741552d50 0000000110fb2538
0x00007fff50755548:   00007faf4f28eef0 00007fff507555a8
0x00007fff50755558:   00007faf4ad3a620 0000000110fb3e02
0x00007fff50755568:   00007fff50755568 0000000183ea77d2
0x00007fff50755578:   00007fff507555d0 0000000183eaa240
0x00007fff50755588:   0000000000000000 0000000183ea77e0
0x00007fff50755598:   00007fff50755548 00007fff507555b8
0x00007fff507555a8:   00007fff50755618 0000000110fa92bd
0x00007fff507555b8:   00007faf4f28eef0 0000000741551300
0x00007fff507555c8:   00007faf4ad3a620 0000000741551300
0x00007fff507555d8:   00007fff507555d8 0000000187567b56
0x00007fff507555e8:   00007fff50755628 0000000187567c10 

Instructions: (pc=0x00007fff8649b4dd)
0x00007fff8649b4bd:   44 00 00 48 85 ff 2e 74 62 40 f6 c7 01 2e 75 66
0x00007fff8649b4cd:   49 bb f8 ff ff ff ff 7f 00 00 4c 23 1f 49 89 f2
0x00007fff8649b4dd:   45 23 53 18 49 c1 e2 04 4d 03 53 10 49 3b 32 75
0x00007fff8649b4ed:   04 41 ff 62 08 49 83 3a 01 76 0d 49 83 c2 10 49 

Register to memory mapping:

RAX=0x00007faf4f28eef0 is an unknown value
RBX=0x000000017f353450: Java_jogamp_nativewindow_macosx_OSXUtil_GetScreenRefreshRate0+0x1cf0 in /private/var/folders/tg/tblkpz2s01q491tnsk9818kh0000gn/T/jogamp_0000/file_cache/jln8097606790524359905/jln3673144529564331959/libnativewindow_macosx.jnilib at 0x000000017f34c000
RCX=0x000000012963e3e0 is an unknown value
RDX=0x000000012963ed60 is an unknown value
RSP=0x00007fff507553f8 is pointing into the stack for thread: 0x00007faf4c09f800
RBP=0x00007fff507554b0 is pointing into the stack for thread: 0x00007faf4c09f800
RSI=0x00007fff9796fcbe is an unknown value
RDI=0x00007faf4ad3a620 is an unknown value
R8 =0x0000000000000000 is an unknown value
R9 =0x00000000000008b0 is an unknown value
R10=0x00007fff9796fcbe is an unknown value
R11=0x0000000000000000 is an unknown value
R12=0x0000000000000000 is an unknown value
R13={method} {0x0000000183ea7608} 'UnsetJAWTRootSurfaceLayer0' '(JJ)V' in 'jogamp/nativewindow/jawt/macosx/MacOSXJAWTWindow'
R14=0x000000017f353440: Java_jogamp_nativewindow_macosx_OSXUtil_GetScreenRefreshRate0+0x1ce0 in /private/var/folders/tg/tblkpz2s01q491tnsk9818kh0000gn/T/jogamp_0000/file_cache/jln8097606790524359905/jln3673144529564331959/libnativewindow_macosx.jnilib at 0x000000017f34c000
R15=0x00007faf4c09f800 is a thread


Stack: [0x00007fff4ff5a000,0x00007fff5075a000],  sp=0x00007fff507553f8,  free space=8172k
Native frames: (J=compiled Java code, j=interpreted, Vv=VM code, C=native code)
C  [libobjc.A.dylib+0x14dd]  objc_msgSend+0x1d
j  jogamp.nativewindow.jawt.macosx.MacOSXJAWTWindow.UnsetJAWTRootSurfaceLayer0(JJ)V+0
j  jogamp.nativewindow.jawt.macosx.MacOSXJAWTWindow.access$200(JJ)V+2
j  jogamp.nativewindow.jawt.macosx.MacOSXJAWTWindow$1.run()V+38
j  com.jogamp.common.util.RunnableTask.run()V+24
v  ~StubRoutines::call_stub
V  [libjvm.dylib+0x2ecf8a]  JavaCalls::call_helper(JavaValue*, methodHandle*, JavaCallArguments*, Thread*)+0x6ae
V  [libjvm.dylib+0x324119]  jni_invoke_nonstatic(JNIEnv_*, JavaValue*, _jobject*, JNICallType, _jmethodID*, JNI_ArgumentPusher*, Thread*)+0x2ec
V  [libjvm.dylib+0x3168e7]  jni_CallVoidMethod+0x16b
C  [libnativewindow_macosx.jnilib+0x5326]  Java_jogamp_nativewindow_jawt_macosx_MacOSXJAWTWindow_UnsetJAWTRootSurfaceLayer0+0x2b6
C  [Foundation+0x76fde]  __NSThreadPerformPerform+0x117
C  [CoreFoundation+0xaa881]  __CFRUNLOOP_IS_CALLING_OUT_TO_A_SOURCE0_PERFORM_FUNCTION__+0x11
C  [CoreFoundation+0x89fbc]  __CFRunLoopDoSources0+0x22c
C  [CoreFoundation+0x894df]  __CFRunLoopRun+0x39f
C  [CoreFoundation+0x88ed8]  CFRunLoopRunSpecific+0x128
C  [HIToolbox+0x30935]  RunCurrentEventLoopInMode+0xeb
C  [HIToolbox+0x30677]  ReceiveNextEventCommon+0xb8
C  [HIToolbox+0x305af]  _BlockUntilNextEventMatchingListInModeWithFilter+0x47
C  [AppKit+0x48df6]  _DPSNextEvent+0x42b
C  [AppKit+0x48226]  -[NSApplication _nextEventMatchingEventMask:untilDate:inMode:dequeue:]+0x1c6
C  [libosxapp.dylib+0x23aa]  -[NSApplicationAWT nextEventMatchingMask:untilDate:inMode:dequeue:]+0x7c
C  [AppKit+0x3cd80]  -[NSApplication run]+0x2aa
C  [libosxapp.dylib+0x214d]  +[NSApplicationAWT runAWTLoopWithApp:]+0x9c
C  [libawt_lwawt.dylib+0x444b3]  -[AWTStarter starter:]+0x389
C  [Foundation+0x76fde]  __NSThreadPerformPerform+0x117
C  [CoreFoundation+0xaa881]  __CFRUNLOOP_IS_CALLING_OUT_TO_A_SOURCE0_PERFORM_FUNCTION__+0x11
C  [CoreFoundation+0x89fbc]  __CFRunLoopDoSources0+0x22c
C  [CoreFoundation+0x894df]  __CFRunLoopRun+0x39f
C  [CoreFoundation+0x88ed8]  CFRunLoopRunSpecific+0x128
C  [java+0x6465]  CreateExecutionEnvironment+0x367
C  [java+0x218c]  JLI_Launch+0x7a0
C  [java+0x84c2]  main+0x65
C  [java+0x19e4]  start+0x34
C  0x0000000000000007

Java frames: (J=compiled Java code, j=interpreted, Vv=VM code)
j  jogamp.nativewindow.jawt.macosx.MacOSXJAWTWindow.UnsetJAWTRootSurfaceLayer0(JJ)V+0
j  jogamp.nativewindow.jawt.macosx.MacOSXJAWTWindow.access$200(JJ)V+2
j  jogamp.nativewindow.jawt.macosx.MacOSXJAWTWindow$1.run()V+38
j  com.jogamp.common.util.RunnableTask.run()V+24
v  ~StubRoutines::call_stub

---------------  P R O C E S S  ---------------

Java Threads: ( => current thread )
  0x00007faf4bbfc000 JavaThread "Thread-48" [_thread_blocked, id=33547, stack(0x000070000104a000,0x000070000114a000)]
  0x00007faf4c2f6800 JavaThread "AWT-EventQueue-1" [_thread_in_native, id=58919, stack(0x0000700001868000,0x0000700001968000)]
  0x00007faf4b158800 JavaThread "DestroyJavaVM" [_thread_blocked, id=5891, stack(0x000070000011a000,0x000070000021a000)]
  0x00007faf4c1c8000 JavaThread "AWT-EventQueue-0" [_thread_blocked, id=54279, stack(0x0000700001662000,0x0000700001762000)]
  0x00007faf4b9e5800 JavaThread "Java2D Disposer" daemon [_thread_blocked, id=50199, stack(0x00007000013d9000,0x00007000014d9000)]
  0x00007faf4c956800 JavaThread "Java2D Queue Flusher" daemon [_thread_blocked, id=49927, stack(0x00007000012d6000,0x00007000013d6000)]
  0x00007faf4b964000 JavaThread "AWT-Shutdown" [_thread_blocked, id=29459, stack(0x0000700001150000,0x0000700001250000)]
=>0x00007faf4c09f800 JavaThread "AWT-AppKit" daemon [_thread_in_native, id=2571, stack(0x00007fff4ff5a000,0x00007fff5075a000)]
  0x00007faf4b859000 JavaThread "Service Thread" daemon [_thread_blocked, id=18691, stack(0x0000700000e44000,0x0000700000f44000)]
  0x00007faf4b81d800 JavaThread "C1 CompilerThread2" daemon [_thread_in_native, id=18179, stack(0x0000700000d41000,0x0000700000e41000)]
  0x00007faf4c006800 JavaThread "C2 CompilerThread1" daemon [_thread_blocked, id=17667, stack(0x0000700000c3e000,0x0000700000d3e000)]
  0x00007faf4c801000 JavaThread "C2 CompilerThread0" daemon [_thread_blocked, id=17155, stack(0x0000700000b3b000,0x0000700000c3b000)]
  0x00007faf4c002000 JavaThread "Signal Dispatcher" daemon [_thread_blocked, id=12815, stack(0x0000700000a38000,0x0000700000b38000)]
  0x00007faf4b03c800 JavaThread "Finalizer" daemon [_thread_blocked, id=12291, stack(0x000070000082f000,0x000070000092f000)]
  0x00007faf4b03a000 JavaThread "Reference Handler" daemon [_thread_blocked, id=11779, stack(0x000070000072c000,0x000070000082c000)]

Other Threads:
  0x00007faf4b035000 VMThread [stack: 0x0000700000629000,0x0000700000729000] [id=11267]
  0x00007faf4c82e800 WatcherThread [stack: 0x0000700000f47000,0x0000700001047000] [id=19203]

VM state:not at safepoint (normal execution)

VM Mutex/Monitor currently owned by a thread:  ([mutex/lock_event])
[0x00007faf4af02ec0] CodeCache_lock - owner thread: 0x0000000000000000
[0x00007faf4af042c0] CompileStatistics_lock - owner thread: 0x0000000000000000

Heap:
 PSYoungGen      total 24576K, used 24192K [0x0000000795580000, 0x0000000796e80000, 0x00000007c0000000)
  eden space 24064K, 100% used [0x0000000795580000,0x0000000796d00000,0x0000000796d00000)
  from space 512K, 25% used [0x0000000796d80000,0x0000000796da0000,0x0000000796e00000)
  to   space 512K, 0% used [0x0000000796e00000,0x0000000796e00000,0x0000000796e80000)
 ParOldGen       total 87552K, used 24609K [0x0000000740000000, 0x0000000745580000, 0x0000000795580000)
  object space 87552K, 28% used [0x0000000740000000,0x0000000741808700,0x0000000745580000)
 Metaspace       used 19195K, capacity 19379K, committed 19712K, reserved 1067008K
  class space    used 1879K, capacity 1952K, committed 2048K, reserved 1048576K

Card table byte_map: [0x0000000120361000,0x0000000120762000] byte_map_base: 0x000000011c961000

Marking Bits: (ParMarkBitMap*) 0x00000001108efd20
 Begin Bits: [0x0000000120a0d000, 0x0000000122a0d000)
 End Bits:   [0x0000000122a0d000, 0x0000000124a0d000)

Polling page: 0x000000010f769000

CodeCache: size=245760Kb used=7320Kb max_used=8278Kb free=238439Kb
 bounds [0x0000000110fa1000, 0x00000001117d1000, 0x000000011ffa1000]
 total_blobs=2917 nmethods=2044 adapters=787
 compilation: enabled

Compilation events (10 events):
Event: 1222.808 Thread 0x00007faf4c006800 2376       4       java.awt.geom.AffineTransform::getTranslateX (5 bytes)
Event: 1222.808 Thread 0x00007faf4c006800 nmethod 2376 0x0000000111125f10 code [0x0000000111126060, 0x00000001111260b8]
Event: 1222.808 Thread 0x00007faf4c801000 nmethod 2374 0x00000001115a64d0 code [0x00000001115a6620, 0x00000001115a66f8]
Event: 1222.839 Thread 0x00007faf4c006800 2378       4       java.beans.WeakIdentityMap$Entry::isMatched (22 bytes)
Event: 1222.840 Thread 0x00007faf4c006800 nmethod 2378 0x0000000111449e50 code [0x0000000111449fa0, 0x000000011144a058]
Event: 1222.851 Thread 0x00007faf4c801000 2379  s!   4       sun.misc.URLClassPath::getLoader (197 bytes)
Event: 1222.853 Thread 0x00007faf4b81d800 2380       3       sun.misc.JarIndex::get (49 bytes)
Event: 1222.854 Thread 0x00007faf4b81d800 nmethod 2380 0x0000000111442dd0 code [0x0000000111442fa0, 0x0000000111443818]
Event: 1222.854 Thread 0x00007faf4b81d800 2381   !   3       sun.lwawt.LWComponentPeer::isShowing (49 bytes)
Event: 1222.855 Thread 0x00007faf4b81d800 nmethod 2381 0x000000011125cb90 code [0x000000011125cd40, 0x000000011125d648]

GC Heap History (10 events):
Event: 1204.431 GC heap before
{Heap before GC invocations=323 (full 0):
 PSYoungGen      total 24576K, used 24128K [0x0000000795580000, 0x0000000796e80000, 0x00000007c0000000)
  eden space 24064K, 100% used [0x0000000795580000,0x0000000796d00000,0x0000000796d00000)
  from space 512K, 12% used [0x0000000796e00000,0x0000000796e10000,0x0000000796e80000)
  to   space 512K, 0% used [0x0000000796d80000,0x0000000796d80000,0x0000000796e00000)
 ParOldGen       total 87552K, used 24569K [0x0000000740000000, 0x0000000745580000, 0x0000000795580000)
  object space 87552K, 28% used [0x0000000740000000,0x00000007417fe700,0x0000000745580000)
 Metaspace       used 19121K, capacity 19305K, committed 19456K, reserved 1067008K
  class space    used 1869K, capacity 1951K, committed 2048K, reserved 1048576K
Event: 1204.432 GC heap after
Heap after GC invocations=323 (full 0):
 PSYoungGen      total 24576K, used 64K [0x0000000795580000, 0x0000000796e80000, 0x00000007c0000000)
  eden space 24064K, 0% used [0x0000000795580000,0x0000000795580000,0x0000000796d00000)
  from space 512K, 12% used [0x0000000796d80000,0x0000000796d90000,0x0000000796e00000)
  to   space 512K, 0% used [0x0000000796e00000,0x0000000796e00000,0x0000000796e80000)
 ParOldGen       total 87552K, used 24569K [0x0000000740000000, 0x0000000745580000, 0x0000000795580000)
  object space 87552K, 28% used [0x0000000740000000,0x00000007417fe700,0x0000000745580000)
 Metaspace       used 19121K, capacity 19305K, committed 19456K, reserved 1067008K
  class space    used 1869K, capacity 1951K, committed 2048K, reserved 1048576K
}
Event: 1208.165 GC heap before
{Heap before GC invocations=324 (full 0):
 PSYoungGen      total 24576K, used 24128K [0x0000000795580000, 0x0000000796e80000, 0x00000007c0000000)
  eden space 24064K, 100% used [0x0000000795580000,0x0000000796d00000,0x0000000796d00000)
  from space 512K, 12% used [0x0000000796d80000,0x0000000796d90000,0x0000000796e00000)
  to   space 512K, 0% used [0x0000000796e00000,0x0000000796e00000,0x0000000796e80000)
 ParOldGen       total 87552K, used 24569K [0x0000000740000000, 0x0000000745580000, 0x0000000795580000)
  object space 87552K, 28% used [0x0000000740000000,0x00000007417fe700,0x0000000745580000)
 Metaspace       used 19121K, capacity 19305K, committed 19456K, reserved 1067008K
  class space    used 1869K, capacity 1951K, committed 2048K, reserved 1048576K
Event: 1208.167 GC heap after
Heap after GC invocations=324 (full 0):
 PSYoungGen      total 24576K, used 128K [0x0000000795580000, 0x0000000796e80000, 0x00000007c0000000)
  eden space 24064K, 0% used [0x0000000795580000,0x0000000795580000,0x0000000796d00000)
  from space 512K, 25% used [0x0000000796e00000,0x0000000796e20000,0x0000000796e80000)
  to   space 512K, 0% used [0x0000000796d80000,0x0000000796d80000,0x0000000796e00000)
 ParOldGen       total 87552K, used 24569K [0x0000000740000000, 0x0000000745580000, 0x0000000795580000)
  object space 87552K, 28% used [0x0000000740000000,0x00000007417fe700,0x0000000745580000)
 Metaspace       used 19121K, capacity 19305K, committed 19456K, reserved 1067008K
  class space    used 1869K, capacity 1951K, committed 2048K, reserved 1048576K
}
Event: 1211.835 GC heap before
{Heap before GC invocations=325 (full 0):
 PSYoungGen      total 24576K, used 24192K [0x0000000795580000, 0x0000000796e80000, 0x00000007c0000000)
  eden space 24064K, 100% used [0x0000000795580000,0x0000000796d00000,0x0000000796d00000)
  from space 512K, 25% used [0x0000000796e00000,0x0000000796e20000,0x0000000796e80000)
  to   space 512K, 0% used [0x0000000796d80000,0x0000000796d80000,0x0000000796e00000)
 ParOldGen       total 87552K, used 24569K [0x0000000740000000, 0x0000000745580000, 0x0000000795580000)
  object space 87552K, 28% used [0x0000000740000000,0x00000007417fe700,0x0000000745580000)
 Metaspace       used 19151K, capacity 19375K, committed 19712K, reserved 1067008K
  class space    used 1873K, capacity 1952K, committed 2048K, reserved 1048576K
Event: 1211.836 GC heap after
Heap after GC invocations=325 (full 0):
 PSYoungGen      total 24576K, used 128K [0x0000000795580000, 0x0000000796e80000, 0x00000007c0000000)
  eden space 24064K, 0% used [0x0000000795580000,0x0000000795580000,0x0000000796d00000)
  from space 512K, 25% used [0x0000000796d80000,0x0000000796da0000,0x0000000796e00000)
  to   space 512K, 0% used [0x0000000796e00000,0x0000000796e00000,0x0000000796e80000)
 ParOldGen       total 87552K, used 24577K [0x0000000740000000, 0x0000000745580000, 0x0000000795580000)
  object space 87552K, 28% used [0x0000000740000000,0x0000000741800700,0x0000000745580000)
 Metaspace       used 19151K, capacity 19375K, committed 19712K, reserved 1067008K
  class space    used 1873K, capacity 1952K, committed 2048K, reserved 1048576K
}
Event: 1215.552 GC heap before
{Heap before GC invocations=326 (full 0):
 PSYoungGen      total 24576K, used 24192K [0x0000000795580000, 0x0000000796e80000, 0x00000007c0000000)
  eden space 24064K, 100% used [0x0000000795580000,0x0000000796d00000,0x0000000796d00000)
  from space 512K, 25% used [0x0000000796d80000,0x0000000796da0000,0x0000000796e00000)
  to   space 512K, 0% used [0x0000000796e00000,0x0000000796e00000,0x0000000796e80000)
 ParOldGen       total 87552K, used 24577K [0x0000000740000000, 0x0000000745580000, 0x0000000795580000)
  object space 87552K, 28% used [0x0000000740000000,0x0000000741800700,0x0000000745580000)
 Metaspace       used 19151K, capacity 19375K, committed 19712K, reserved 1067008K
  class space    used 1873K, capacity 1952K, committed 2048K, reserved 1048576K
Event: 1215.554 GC heap after
Heap after GC invocations=326 (full 0):
 PSYoungGen      total 24576K, used 96K [0x0000000795580000, 0x0000000796e80000, 0x00000007c0000000)
  eden space 24064K, 0% used [0x0000000795580000,0x0000000795580000,0x0000000796d00000)
  from space 512K, 18% used [0x0000000796e00000,0x0000000796e18000,0x0000000796e80000)
  to   space 512K, 0% used [0x0000000796d80000,0x0000000796d80000,0x0000000796e00000)
 ParOldGen       total 87552K, used 24609K [0x0000000740000000, 0x0000000745580000, 0x0000000795580000)
  object space 87552K, 28% used [0x0000000740000000,0x0000000741808700,0x0000000745580000)
 Metaspace       used 19151K, capacity 19375K, committed 19712K, reserved 1067008K
  class space    used 1873K, capacity 1952K, committed 2048K, reserved 1048576K
}
Event: 1219.237 GC heap before
{Heap before GC invocations=327 (full 0):
 PSYoungGen      total 24576K, used 24160K [0x0000000795580000, 0x0000000796e80000, 0x00000007c0000000)
  eden space 24064K, 100% used [0x0000000795580000,0x0000000796d00000,0x0000000796d00000)
  from space 512K, 18% used [0x0000000796e00000,0x0000000796e18000,0x0000000796e80000)
  to   space 512K, 0% used [0x0000000796d80000,0x0000000796d80000,0x0000000796e00000)
 ParOldGen       total 87552K, used 24609K [0x0000000740000000, 0x0000000745580000, 0x0000000795580000)
  object space 87552K, 28% used [0x0000000740000000,0x0000000741808700,0x0000000745580000)
 Metaspace       used 19152K, capacity 19375K, committed 19712K, reserved 1067008K
  class space    used 1873K, capacity 1952K, committed 2048K, reserved 1048576K
Event: 1219.238 GC heap after
Heap after GC invocations=327 (full 0):
 PSYoungGen      total 24576K, used 128K [0x0000000795580000, 0x0000000796e80000, 0x00000007c0000000)
  eden space 24064K, 0% used [0x0000000795580000,0x0000000795580000,0x0000000796d00000)
  from space 512K, 25% used [0x0000000796d80000,0x0000000796da0000,0x0000000796e00000)
  to   space 512K, 0% used [0x0000000796e00000,0x0000000796e00000,0x0000000796e80000)
 ParOldGen       total 87552K, used 24609K [0x0000000740000000, 0x0000000745580000, 0x0000000795580000)
  object space 87552K, 28% used [0x0000000740000000,0x0000000741808700,0x0000000745580000)
 Metaspace       used 19152K, capacity 19375K, committed 19712K, reserved 1067008K
  class space    used 1873K, capacity 1952K, committed 2048K, reserved 1048576K
}

Deoptimization events (10 events):
Event: 1222.837 Thread 0x00007faf4b998000 Uncommon trap: reason=unstable_if action=reinterpret pc=0x000000011170b074 method=java.util.HashMap.putVal(ILjava/lang/Object;Ljava/lang/Object;ZZ)Ljava/lang/Object; @ 81
Event: 1222.839 Thread 0x00007faf4c1c8000 Uncommon trap: reason=class_check action=maybe_recompile pc=0x000000011142e500 method=java.awt.event.InvocationEvent.dispatch()V @ 47
Event: 1222.839 Thread 0x00007faf4c1c8000 Uncommon trap: reason=class_check action=maybe_recompile pc=0x00000001117b058c method=java.awt.Component.getGraphics()Ljava/awt/Graphics; @ 114
Event: 1222.842 Thread 0x00007faf4c09f800 Uncommon trap: reason=class_check action=maybe_recompile pc=0x000000011110c900 method=com.jogamp.common.util.RunnableTask.run()V @ 24
Event: 1222.843 Thread 0x00007faf4c09f800 Uncommon trap: reason=unstable_if action=reinterpret pc=0x00000001110c3c3c method=jogamp.nativewindow.macosx.OSXUtil.RunOnMainThread(ZZLjava/lang/Runnable;)V @ 3
Event: 1222.851 Thread 0x00007faf4c2f6800 Uncommon trap: reason=unstable_if action=reinterpret pc=0x00000001117b8e18 method=jogamp.opengl.GLContextImpl.release(Z)V @ 161
Event: 1222.854 Thread 0x00007faf4c2f6800 Uncommon trap: reason=unstable_if action=reinterpret pc=0x00000001117534d8 method=java.util.LinkedList$ListItr.<init>(Ljava/util/LinkedList;I)V @ 26
Event: 1222.855 Thread 0x00007faf4c2f6800 Uncommon trap: reason=unstable_if action=reinterpret pc=0x0000000111728d94 method=java.security.AccessControlContext.optimize()Ljava/security/AccessControlContext; @ 233
Event: 1222.855 Thread 0x00007faf4c2f6800 Uncommon trap: reason=unstable_if action=reinterpret pc=0x0000000111753a04 method=java.util.LinkedList$ListItr.<init>(Ljava/util/LinkedList;I)V @ 26
Event: 1222.856 Thread 0x00007faf4c09f800 Uncommon trap: reason=class_check action=maybe_recompile pc=0x000000011110c900 method=com.jogamp.common.util.RunnableTask.run()V @ 24

Internal exceptions (10 events):
Event: 0.159 Thread 0x00007faf4b800800 Exception <a 'java/lang/NoSuchFieldError': method resolution failed> (0x0000000795786628) thrown at [/Users/java_re/workspace/8-2-build-macosx-x86_64/jdk8u111/7883/hotspot/src/share/vm/prims/methodHandles.cpp, line 1146]
Event: 0.160 Thread 0x00007faf4b800800 Exception <a 'java/lang/NoSuchFieldError': method resolution failed> (0x0000000795793df8) thrown at [/Users/java_re/workspace/8-2-build-macosx-x86_64/jdk8u111/7883/hotspot/src/share/vm/prims/methodHandles.cpp, line 1146]
Event: 0.312 Thread 0x00007faf4b800800 Exception <a 'java/io/FileNotFoundException'> (0x000000079580f530) thrown at [/Users/java_re/workspace/8-2-build-macosx-x86_64/jdk8u111/7883/hotspot/src/share/vm/prims/jni.cpp, line 709]
Event: 0.312 Thread 0x00007faf4b800800 Exception <a 'java/io/FileNotFoundException'> (0x00000007958100d8) thrown at [/Users/java_re/workspace/8-2-build-macosx-x86_64/jdk8u111/7883/hotspot/src/share/vm/prims/jni.cpp, line 709]
Event: 0.425 Thread 0x00007faf4b800800 Exception <a 'java/io/FileNotFoundException'> (0x000000079594c4e8) thrown at [/Users/java_re/workspace/8-2-build-macosx-x86_64/jdk8u111/7883/hotspot/src/share/vm/prims/jni.cpp, line 709]
Event: 1.542 Thread 0x00007faf4c32c000 Exception <a 'java/lang/UnsatisfiedLinkError': com.jogamp.common.util.JarUtil.fixNativeLibAttribs(Ljava/lang/String;)Z> (0x0000000796b280e8) thrown at [/Users/java_re/workspace/8-2-build-macosx-x86_64/jdk8u111/7883/hotspot/src/share/vm/prims/nativeLookup.
Event: 1.827 Thread 0x00007faf4b03c800 Exception <a 'java/lang/NullPointerException'> (0x00000007956aa6d0) thrown at [/Users/java_re/workspace/8-2-build-macosx-x86_64/jdk8u111/7883/hotspot/src/share/vm/interpreter/linkResolver.cpp, line 1178]
Event: 2.311 Thread 0x00007faf4c2f6800 Exception <a 'java/io/FileNotFoundException'> (0x0000000795e61ab0) thrown at [/Users/java_re/workspace/8-2-build-macosx-x86_64/jdk8u111/7883/hotspot/src/share/vm/prims/jni.cpp, line 709]
Event: 2.312 Thread 0x00007faf4c2f6800 Exception <a 'java/io/FileNotFoundException'> (0x0000000795e680c0) thrown at [/Users/java_re/workspace/8-2-build-macosx-x86_64/jdk8u111/7883/hotspot/src/share/vm/prims/jni.cpp, line 709]
Event: 2.312 Thread 0x00007faf4c2f6800 Implicit null exception at 0x0000000111142634 to 0x0000000111142a35

Events (10 events):
Event: 1222.855 loading class java/awt/event/AWTEventListenerProxy
Event: 1222.855 loading class java/awt/event/AWTEventListenerProxy done
Event: 1222.855 loading class java/awt/Toolkit$ToolkitEventMulticaster
Event: 1222.855 loading class java/awt/Toolkit$ToolkitEventMulticaster done
Event: 1222.855 Thread 0x00007faf4c2f6800 Uncommon trap: trap_request=0xffffff65 fr.pc=0x0000000111753a04
Event: 1222.855 Thread 0x00007faf4c2f6800 DEOPT PACKING pc=0x0000000111753a04 sp=0x0000700001965860
Event: 1222.855 Thread 0x00007faf4c2f6800 DEOPT UNPACKING pc=0x0000000110fa6229 sp=0x00007000019657b8 mode 2
Event: 1222.856 Thread 0x00007faf4c09f800 Uncommon trap: trap_request=0xffffffde fr.pc=0x000000011110c900
Event: 1222.856 Thread 0x00007faf4c09f800 DEOPT PACKING pc=0x000000011110c900 sp=0x00007fff50755670
Event: 1222.856 Thread 0x00007faf4c09f800 DEOPT UNPACKING pc=0x0000000110fa6229 sp=0x00007fff50755618 mode 2


Dynamic libraries:
0x0000000005abc000 	/System/Library/Frameworks/Cocoa.framework/Versions/A/Cocoa
0x0000000005abc000 	/System/Library/Frameworks/Security.framework/Versions/A/Security
0x0000000005abc000 	/System/Library/Frameworks/ApplicationServices.framework/Versions/A/ApplicationServices
0x0000000005abc000 	/usr/lib/libz.1.dylib
0x0000000005abc000 	/usr/lib/libSystem.B.dylib
0x0000000005abc000 	/usr/lib/libobjc.A.dylib
0x0000000005abc000 	/System/Library/Frameworks/CoreFoundation.framework/Versions/A/CoreFoundation
0x0000000005abc000 	/System/Library/Frameworks/Foundation.framework/Versions/C/Foundation
0x0000000005abc000 	/System/Library/Frameworks/AppKit.framework/Versions/C/AppKit
0x0000000005abc000 	/System/Library/Frameworks/CoreData.framework/Versions/A/CoreData
0x0000000005abc000 	/System/Library/PrivateFrameworks/RemoteViewServices.framework/Versions/A/RemoteViewServices
0x0000000005abc000 	/System/Library/PrivateFrameworks/UIFoundation.framework/Versions/A/UIFoundation
0x0000000005abc000 	/usr/lib/libScreenReader.dylib
0x0000000005abc000 	/System/Library/Frameworks/Accelerate.framework/Versions/A/Accelerate
0x0000000005abc000 	/System/Library/Frameworks/IOSurface.framework/Versions/A/IOSurface
0x0000000005abc000 	/System/Library/Frameworks/AudioToolbox.framework/Versions/A/AudioToolbox
0x0000000005abc000 	/System/Library/Frameworks/AudioUnit.framework/Versions/A/AudioUnit
0x0000000005abc000 	/System/Library/PrivateFrameworks/DataDetectorsCore.framework/Versions/A/DataDetectorsCore
0x0000000005abc000 	/System/Library/PrivateFrameworks/DesktopServicesPriv.framework/Versions/A/DesktopServicesPriv
0x0000000005abc000 	/System/Library/Frameworks/Carbon.framework/Versions/A/Frameworks/HIToolbox.framework/Versions/A/HIToolbox
0x0000000005abc000 	/System/Library/Frameworks/QuartzCore.framework/Versions/A/QuartzCore
0x0000000005abc000 	/System/Library/Frameworks/Carbon.framework/Versions/A/Frameworks/SpeechRecognition.framework/Versions/A/SpeechRecognition
0x0000000005abc000 	/usr/lib/libauto.dylib
0x0000000005abc000 	/usr/lib/libicucore.A.dylib
0x0000000005abc000 	/usr/lib/libxml2.2.dylib
0x0000000005abc000 	/System/Library/PrivateFrameworks/CoreUI.framework/Versions/A/CoreUI
0x0000000005abc000 	/System/Library/Frameworks/CoreAudio.framework/Versions/A/CoreAudio
0x0000000005abc000 	/System/Library/Frameworks/DiskArbitration.framework/Versions/A/DiskArbitration
0x0000000005abc000 	/usr/lib/liblangid.dylib
0x0000000005abc000 	/System/Library/PrivateFrameworks/MultitouchSupport.framework/Versions/A/MultitouchSupport
0x0000000005abc000 	/System/Library/Frameworks/IOKit.framework/Versions/A/IOKit
0x0000000005abc000 	/usr/lib/libDiagnosticMessagesClient.dylib
0x0000000005abc000 	/System/Library/Frameworks/CoreServices.framework/Versions/A/CoreServices
0x0000000005abc000 	/System/Library/PrivateFrameworks/PerformanceAnalysis.framework/Versions/A/PerformanceAnalysis
0x0000000005abc000 	/System/Library/PrivateFrameworks/GenerationalStorage.framework/Versions/A/GenerationalStorage
0x0000000005abc000 	/System/Library/Frameworks/OpenGL.framework/Versions/A/OpenGL
0x0000000005abc000 	/System/Library/PrivateFrameworks/Sharing.framework/Versions/A/Sharing
0x0000000005abc000 	/System/Library/Frameworks/CoreGraphics.framework/Versions/A/CoreGraphics
0x0000000005abc000 	/System/Library/Frameworks/CoreImage.framework/Versions/A/CoreImage
0x0000000005abc000 	/System/Library/Frameworks/CoreText.framework/Versions/A/CoreText
0x0000000005abc000 	/System/Library/Frameworks/ImageIO.framework/Versions/A/ImageIO
0x0000000005abc000 	/System/Library/PrivateFrameworks/Backup.framework/Versions/A/Backup
0x0000000005abc000 	/usr/lib/libextension.dylib
0x0000000005abc000 	/usr/lib/libarchive.2.dylib
0x0000000005abc000 	/System/Library/Frameworks/CFNetwork.framework/Versions/A/CFNetwork
0x0000000005abc000 	/System/Library/Frameworks/SystemConfiguration.framework/Versions/A/SystemConfiguration
0x0000000005abc000 	/usr/lib/libCRFSuite.dylib
0x0000000005abc000 	/usr/lib/libc++.1.dylib
0x0000000005abc000 	/usr/lib/libc++abi.dylib
0x0000000005abc000 	/usr/lib/system/libcache.dylib
0x0000000005abc000 	/usr/lib/system/libcommonCrypto.dylib
0x0000000005abc000 	/usr/lib/system/libcompiler_rt.dylib
0x0000000005abc000 	/usr/lib/system/libcopyfile.dylib
0x0000000005abc000 	/usr/lib/system/libcorecrypto.dylib
0x0000000005abc000 	/usr/lib/system/libdispatch.dylib
0x0000000005abc000 	/usr/lib/system/libdyld.dylib
0x0000000005abc000 	/usr/lib/system/libkeymgr.dylib
0x0000000005abc000 	/usr/lib/system/liblaunch.dylib
0x0000000005abc000 	/usr/lib/system/libmacho.dylib
0x0000000005abc000 	/usr/lib/system/libquarantine.dylib
0x0000000005abc000 	/usr/lib/system/libremovefile.dylib
0x0000000005abc000 	/usr/lib/system/libsystem_asl.dylib
0x0000000005abc000 	/usr/lib/system/libsystem_blocks.dylib
0x0000000005abc000 	/usr/lib/system/libsystem_c.dylib
0x0000000005abc000 	/usr/lib/system/libsystem_configuration.dylib
0x0000000005abc000 	/usr/lib/system/libsystem_coreservices.dylib
0x0000000005abc000 	/usr/lib/system/libsystem_coretls.dylib
0x0000000005abc000 	/usr/lib/system/libsystem_dnssd.dylib
0x0000000005abc000 	/usr/lib/system/libsystem_info.dylib
0x0000000005abc000 	/usr/lib/system/libsystem_kernel.dylib
0x0000000005abc000 	/usr/lib/system/libsystem_m.dylib
0x0000000005abc000 	/usr/lib/system/libsystem_malloc.dylib
0x0000000005abc000 	/usr/lib/system/libsystem_network.dylib
0x0000000005abc000 	/usr/lib/system/libsystem_networkextension.dylib
0x0000000005abc000 	/usr/lib/system/libsystem_notify.dylib
0x0000000005abc000 	/usr/lib/system/libsystem_platform.dylib
0x0000000005abc000 	/usr/lib/system/libsystem_pthread.dylib
0x0000000005abc000 	/usr/lib/system/libsystem_sandbox.dylib
0x0000000005abc000 	/usr/lib/system/libsystem_secinit.dylib
0x0000000005abc000 	/usr/lib/system/libsystem_trace.dylib
0x0000000005abc000 	/usr/lib/system/libunc.dylib
0x0000000005abc000 	/usr/lib/system/libunwind.dylib
0x0000000005abc000 	/usr/lib/system/libxpc.dylib
0x0000000005abc000 	/usr/lib/libenergytrace.dylib
0x0000000005abc000 	/usr/lib/libbsm.0.dylib
0x0000000005abc000 	/usr/lib/system/libkxld.dylib
0x0000000005abc000 	/usr/lib/libxar.1.dylib
0x0000000005abc000 	/usr/lib/libsqlite3.dylib
0x0000000005abc000 	/usr/lib/libpam.2.dylib
0x0000000005abc000 	/usr/lib/libOpenScriptingUtil.dylib
0x0000000005abc000 	/usr/lib/libbz2.1.0.dylib
0x0000000005abc000 	/usr/lib/liblzma.5.dylib
0x0000000005abc000 	/System/Library/Frameworks/CoreServices.framework/Versions/A/Frameworks/FSEvents.framework/Versions/A/FSEvents
0x0000000005abc000 	/System/Library/Frameworks/CoreServices.framework/Versions/A/Frameworks/CarbonCore.framework/Versions/A/CarbonCore
0x0000000005abc000 	/System/Library/Frameworks/CoreServices.framework/Versions/A/Frameworks/Metadata.framework/Versions/A/Metadata
0x0000000005abc000 	/System/Library/Frameworks/CoreServices.framework/Versions/A/Frameworks/OSServices.framework/Versions/A/OSServices
0x0000000005abc000 	/System/Library/Frameworks/CoreServices.framework/Versions/A/Frameworks/SearchKit.framework/Versions/A/SearchKit
0x0000000005abc000 	/System/Library/Frameworks/CoreServices.framework/Versions/A/Frameworks/AE.framework/Versions/A/AE
0x0000000005abc000 	/System/Library/Frameworks/CoreServices.framework/Versions/A/Frameworks/LaunchServices.framework/Versions/A/LaunchServices
0x0000000005abc000 	/System/Library/Frameworks/CoreServices.framework/Versions/A/Frameworks/DictionaryServices.framework/Versions/A/DictionaryServices
0x0000000005abc000 	/System/Library/Frameworks/CoreServices.framework/Versions/A/Frameworks/SharedFileList.framework/Versions/A/SharedFileList
0x0000000005abc000 	/System/Library/Frameworks/NetFS.framework/Versions/A/NetFS
0x0000000005abc000 	/System/Library/PrivateFrameworks/NetAuth.framework/Versions/A/NetAuth
0x0000000005abc000 	/System/Library/PrivateFrameworks/login.framework/Versions/A/Frameworks/loginsupport.framework/Versions/A/loginsupport
0x0000000005abc000 	/System/Library/PrivateFrameworks/TCC.framework/Versions/A/TCC
0x0000000005abc000 	/usr/lib/libmecabra.dylib
0x0000000005abc000 	/System/Library/Frameworks/ApplicationServices.framework/Versions/A/Frameworks/ATS.framework/Versions/A/ATS
0x0000000005abc000 	/System/Library/Frameworks/ApplicationServices.framework/Versions/A/Frameworks/ColorSync.framework/Versions/A/ColorSync
0x0000000005abc000 	/System/Library/Frameworks/ApplicationServices.framework/Versions/A/Frameworks/HIServices.framework/Versions/A/HIServices
0x0000000005abc000 	/System/Library/Frameworks/ApplicationServices.framework/Versions/A/Frameworks/LangAnalysis.framework/Versions/A/LangAnalysis
0x0000000005abc000 	/System/Library/Frameworks/ApplicationServices.framework/Versions/A/Frameworks/PrintCore.framework/Versions/A/PrintCore
0x0000000005abc000 	/System/Library/Frameworks/ApplicationServices.framework/Versions/A/Frameworks/QD.framework/Versions/A/QD
0x0000000005abc000 	/System/Library/Frameworks/ApplicationServices.framework/Versions/A/Frameworks/SpeechSynthesis.framework/Versions/A/SpeechSynthesis
0x0000000005abc000 	/System/Library/Frameworks/Metal.framework/Versions/A/Metal
0x0000000005abc000 	/System/Library/Frameworks/Accelerate.framework/Versions/A/Frameworks/vImage.framework/Versions/A/vImage
0x0000000005abc000 	/System/Library/Frameworks/Accelerate.framework/Versions/A/Frameworks/vecLib.framework/Versions/A/vecLib
0x0000000005abc000 	/System/Library/Frameworks/Accelerate.framework/Versions/A/Frameworks/vecLib.framework/Versions/A/libvDSP.dylib
0x0000000005abc000 	/System/Library/Frameworks/Accelerate.framework/Versions/A/Frameworks/vecLib.framework/Versions/A/libvMisc.dylib
0x0000000005abc000 	/System/Library/Frameworks/Accelerate.framework/Versions/A/Frameworks/vecLib.framework/Versions/A/libLAPACK.dylib
0x0000000005abc000 	/System/Library/Frameworks/Accelerate.framework/Versions/A/Frameworks/vecLib.framework/Versions/A/libBLAS.dylib
0x0000000005abc000 	/System/Library/Frameworks/Accelerate.framework/Versions/A/Frameworks/vecLib.framework/Versions/A/libLinearAlgebra.dylib
0x0000000005abc000 	/System/Library/Frameworks/Accelerate.framework/Versions/A/Frameworks/vecLib.framework/Versions/A/libSparseBLAS.dylib
0x0000000005abc000 	/System/Library/PrivateFrameworks/GPUCompiler.framework/libmetal_timestamp.dylib
0x0000000005abc000 	/System/Library/Frameworks/OpenGL.framework/Versions/A/Libraries/libCoreFSCache.dylib
0x0000000005abc000 	/System/Library/PrivateFrameworks/IOAccelerator.framework/Versions/A/IOAccelerator
0x0000000005abc000 	/System/Library/Frameworks/ApplicationServices.framework/Versions/A/Frameworks/ATS.framework/Versions/A/Resources/libFontParser.dylib
0x0000000005abc000 	/System/Library/Frameworks/ApplicationServices.framework/Versions/A/Frameworks/ATS.framework/Versions/A/Resources/libFontRegistry.dylib
0x0000000005abc000 	/System/Library/PrivateFrameworks/AppleVPA.framework/Versions/A/AppleVPA
0x0000000005abc000 	/System/Library/PrivateFrameworks/AppleJPEG.framework/Versions/A/AppleJPEG
0x0000000005abc000 	/System/Library/Frameworks/ImageIO.framework/Versions/A/Resources/libJPEG.dylib
0x0000000005abc000 	/System/Library/Frameworks/ImageIO.framework/Versions/A/Resources/libTIFF.dylib
0x0000000005abc000 	/System/Library/Frameworks/ImageIO.framework/Versions/A/Resources/libPng.dylib
0x0000000005abc000 	/System/Library/Frameworks/ImageIO.framework/Versions/A/Resources/libGIF.dylib
0x0000000005abc000 	/System/Library/Frameworks/ImageIO.framework/Versions/A/Resources/libJP2.dylib
0x0000000005abc000 	/System/Library/Frameworks/ImageIO.framework/Versions/A/Resources/libRadiance.dylib
0x0000000005abc000 	/System/Library/Frameworks/CoreVideo.framework/Versions/A/CoreVideo
0x0000000005abc000 	/System/Library/Frameworks/OpenGL.framework/Versions/A/Libraries/libGLU.dylib
0x0000000005abc000 	/System/Library/Frameworks/OpenGL.framework/Versions/A/Libraries/libGFXShared.dylib
0x0000000005abc000 	/System/Library/Frameworks/OpenGL.framework/Versions/A/Libraries/libGL.dylib
0x0000000005abc000 	/System/Library/Frameworks/OpenGL.framework/Versions/A/Libraries/libGLImage.dylib
0x0000000005abc000 	/System/Library/Frameworks/OpenGL.framework/Versions/A/Libraries/libCVMSPluginSupport.dylib
0x0000000005abc000 	/System/Library/Frameworks/OpenGL.framework/Versions/A/Libraries/libCoreVMClient.dylib
0x0000000005abc000 	/usr/lib/libcompression.dylib
0x0000000005abc000 	/usr/lib/libcups.2.dylib
0x0000000005abc000 	/System/Library/Frameworks/Kerberos.framework/Versions/A/Kerberos
0x0000000005abc000 	/System/Library/Frameworks/GSS.framework/Versions/A/GSS
0x0000000005abc000 	/usr/lib/libresolv.9.dylib
0x0000000005abc000 	/usr/lib/libiconv.2.dylib
0x0000000005abc000 	/System/Library/PrivateFrameworks/Heimdal.framework/Versions/A/Heimdal
0x0000000005abc000 	/usr/lib/libheimdal-asn1.dylib
0x0000000005abc000 	/System/Library/Frameworks/OpenDirectory.framework/Versions/A/OpenDirectory
0x0000000005abc000 	/System/Library/PrivateFrameworks/CommonAuth.framework/Versions/A/CommonAuth
0x0000000005abc000 	/System/Library/Frameworks/OpenDirectory.framework/Versions/A/Frameworks/CFOpenDirectory.framework/Versions/A/CFOpenDirectory
0x0000000005abc000 	/System/Library/Frameworks/SecurityFoundation.framework/Versions/A/SecurityFoundation
0x0000000005abc000 	/System/Library/PrivateFrameworks/LanguageModeling.framework/Versions/A/LanguageModeling
0x0000000005abc000 	/usr/lib/libmarisa.dylib
0x0000000005abc000 	/usr/lib/libChineseTokenizer.dylib
0x0000000005abc000 	/usr/lib/libcmph.dylib
0x0000000005abc000 	/System/Library/Frameworks/ServiceManagement.framework/Versions/A/ServiceManagement
0x0000000005abc000 	/usr/lib/libxslt.1.dylib
0x0000000005abc000 	/System/Library/Frameworks/Carbon.framework/Versions/A/Frameworks/Ink.framework/Versions/A/Ink
0x0000000005abc000 	/usr/lib/libFosl_dynamic.dylib
0x0000000005abc000 	/System/Library/PrivateFrameworks/FaceCore.framework/Versions/A/FaceCore
0x0000000005abc000 	/System/Library/Frameworks/OpenCL.framework/Versions/A/OpenCL
0x0000000005abc000 	/System/Library/PrivateFrameworks/CrashReporterSupport.framework/Versions/A/CrashReporterSupport
0x0000000005abc000 	/System/Library/PrivateFrameworks/IconServices.framework/Versions/A/IconServices
0x0000000005abc000 	/System/Library/PrivateFrameworks/Apple80211.framework/Versions/A/Apple80211
0x0000000005abc000 	/System/Library/Frameworks/CoreWLAN.framework/Versions/A/CoreWLAN
0x0000000005abc000 	/System/Library/Frameworks/IOBluetooth.framework/Versions/A/IOBluetooth
0x0000000005abc000 	/System/Library/PrivateFrameworks/CoreWiFi.framework/Versions/A/CoreWiFi
0x0000000005abc000 	/System/Library/Frameworks/CoreBluetooth.framework/Versions/A/CoreBluetooth
0x0000000005abc000 	/System/Library/PrivateFrameworks/ChunkingLibrary.framework/Versions/A/ChunkingLibrary
0x0000000005abc000 	/System/Library/PrivateFrameworks/DebugSymbols.framework/Versions/A/DebugSymbols
0x0000000005abc000 	/System/Library/PrivateFrameworks/CoreSymbolication.framework/Versions/A/CoreSymbolication
0x0000000005abc000 	/System/Library/PrivateFrameworks/Symbolication.framework/Versions/A/Symbolication
0x0000000005abc000 	/System/Library/PrivateFrameworks/SpeechRecognitionCore.framework/Versions/A/SpeechRecognitionCore
0x0000000110000000 	/Library/Java/JavaVirtualMachines/jdk1.8.0_111.jdk/Contents/Home/jre/lib/server/libjvm.dylib
0x0000000005abc000 	/usr/lib/libstdc++.6.dylib
0x000000010f726000 	/Library/Java/JavaVirtualMachines/jdk1.8.0_111.jdk/Contents/Home/jre/lib/libverify.dylib
0x000000010f734000 	/Library/Java/JavaVirtualMachines/jdk1.8.0_111.jdk/Contents/Home/jre/lib/libjava.dylib
0x000000010f773000 	/Library/Java/JavaVirtualMachines/jdk1.8.0_111.jdk/Contents/Home/jre/lib/libzip.dylib
0x0000000126894000 	/System/Library/Frameworks/JavaVM.framework/Frameworks/JavaRuntimeSupport.framework/JavaRuntimeSupport
0x00000001268af000 	/System/Library/Frameworks/JavaVM.framework/Versions/A/Frameworks/JavaNativeFoundation.framework/Versions/A/JavaNativeFoundation
0x000000010f7ed000 	/System/Library/Frameworks/JavaVM.framework/Versions/A/JavaVM
0x0000000005abc000 	/System/Library/Frameworks/Carbon.framework/Versions/A/Carbon
0x00000001268c4000 	/System/Library/PrivateFrameworks/JavaLaunching.framework/Versions/A/JavaLaunching
0x0000000005abc000 	/System/Library/Frameworks/Carbon.framework/Versions/A/Frameworks/CommonPanels.framework/Versions/A/CommonPanels
0x0000000005abc000 	/System/Library/Frameworks/Carbon.framework/Versions/A/Frameworks/Help.framework/Versions/A/Help
0x0000000005abc000 	/System/Library/Frameworks/Carbon.framework/Versions/A/Frameworks/ImageCapture.framework/Versions/A/ImageCapture
0x0000000005abc000 	/System/Library/Frameworks/Carbon.framework/Versions/A/Frameworks/OpenScripting.framework/Versions/A/OpenScripting
0x0000000005abc000 	/System/Library/Frameworks/Carbon.framework/Versions/A/Frameworks/Print.framework/Versions/A/Print
0x0000000005abc000 	/System/Library/Frameworks/Carbon.framework/Versions/A/Frameworks/SecurityHI.framework/Versions/A/SecurityHI
0x00000001281e3000 	/Library/Java/JavaVirtualMachines/jdk1.8.0_111.jdk/Contents/Home/jre/lib/libawt.dylib
0x000000012828b000 	/Library/Java/JavaVirtualMachines/jdk1.8.0_111.jdk/Contents/Home/jre/lib/./libmlib_image.dylib
0x0000000128357000 	/Library/Java/JavaVirtualMachines/jdk1.8.0_111.jdk/Contents/Home/jre/lib/libawt_lwawt.dylib
0x000000012840c000 	/Library/Java/JavaVirtualMachines/jdk1.8.0_111.jdk/Contents/Home/jre/lib/./libosxapp.dylib
0x0000000005abc000 	/System/Library/Frameworks/ExceptionHandling.framework/Versions/A/ExceptionHandling
0x0000000005abc000 	/System/Library/PrivateFrameworks/CoreServicesInternal.framework/Versions/A/CoreServicesInternal
0x0000000005abc000 	/System/Library/Frameworks/CoreGraphics.framework/Versions/A/Resources/libRIP.A.dylib
0x0000000005abc000 	/System/Library/Frameworks/Accelerate.framework/Versions/A/Frameworks/vImage.framework/Versions/A/Libraries/libCGInterfaces.dylib
0x0000000005abc000 	/System/Library/Frameworks/CoreGraphics.framework/Versions/A/Resources/libCGXType.A.dylib
0x0000000005abc000 	/System/Library/Frameworks/OpenCL.framework/Versions/A/Libraries/libcldcpuengine.dylib
0x0000000005abc000 	/System/Library/PrivateFrameworks/DiskImages.framework/Versions/A/DiskImages
0x0000000005abc000 	/System/Library/Frameworks/DiscRecording.framework/Versions/A/DiscRecording
0x0000000005abc000 	/usr/lib/libcsfde.dylib
0x0000000005abc000 	/usr/lib/libcurl.4.dylib
0x0000000005abc000 	/System/Library/PrivateFrameworks/MediaKit.framework/Versions/A/MediaKit
0x0000000005abc000 	/System/Library/PrivateFrameworks/ProtectedCloudStorage.framework/Versions/A/ProtectedCloudStorage
0x0000000005abc000 	/usr/lib/libCoreStorage.dylib
0x0000000005abc000 	/System/Library/PrivateFrameworks/EFILogin.framework/Versions/A/EFILogin
0x0000000005abc000 	/usr/lib/libutil.dylib
0x0000000005abc000 	/System/Library/PrivateFrameworks/FindMyDevice.framework/Versions/A/FindMyDevice
0x0000000005abc000 	/System/Library/Frameworks/LDAP.framework/Versions/A/LDAP
0x0000000005abc000 	/usr/lib/libsasl2.2.dylib
0x0000000005abc000 	/System/Library/PrivateFrameworks/CoreDaemon.framework/Versions/B/CoreDaemon
0x0000000005abc000 	/usr/lib/libcrypto.0.9.8.dylib
0x0000000005abc000 	/System/Library/PrivateFrameworks/AppleSRP.framework/Versions/A/AppleSRP
0x0000000005abc000 	/System/Library/PrivateFrameworks/TrustEvaluationAgent.framework/Versions/A/TrustEvaluationAgent
0x000000012a0ad000 	cl_kernels
0x0000000005abc000 	/System/Library/Frameworks/OpenCL.framework/Versions/A/Libraries/ImageFormats/unorm8_bgra.dylib
0x0000000005abc000 	/System/Library/Frameworks/OpenCL.framework/Versions/A/Libraries/ImageFormats/unorm8_rgba.dylib
0x0000000005abc000 	/System/Library/PrivateFrameworks/FamilyControls.framework/Versions/A/FamilyControls
0x0000000005abc000 	/System/Library/PrivateFrameworks/CommerceKit.framework/Versions/A/Frameworks/CommerceCore.framework/Versions/A/CommerceCore
0x0000000005abc000 	/System/Library/PrivateFrameworks/SystemAdministration.framework/Versions/A/SystemAdministration
0x0000000005abc000 	/System/Library/PrivateFrameworks/AppContainer.framework/Versions/A/AppContainer
0x0000000005abc000 	/System/Library/PrivateFrameworks/SecCodeWrapper.framework/Versions/A/SecCodeWrapper
0x0000000005abc000 	/System/Library/Frameworks/DirectoryService.framework/Versions/A/DirectoryService
0x0000000005abc000 	/System/Library/PrivateFrameworks/LoginUIKit.framework/Versions/A/Frameworks/LoginUICore.framework/Versions/A/LoginUICore
0x0000000005abc000 	/usr/lib/libodfde.dylib
0x0000000005abc000 	/System/Library/Frameworks/OpenGL.framework/Versions/A/Resources/GLEngine.bundle/GLEngine
0x0000000005abc000 	/System/Library/Frameworks/OpenGL.framework/Versions/A/Libraries/libGLProgrammability.dylib
0x000000012b1ab000 	/System/Library/Extensions/AppleIntelBDWGraphicsGLDriver.bundle/Contents/MacOS/AppleIntelBDWGraphicsGLDriver
0x0000000005abc000 	/System/Library/PrivateFrameworks/GPUSupport.framework/Versions/A/Libraries/libGPUSupportMercury.dylib
0x0000000005abc000 	/System/Library/Frameworks/OpenGL.framework/Versions/A/Resources/GLRendererFloat.bundle/GLRendererFloat
0x000000012c12d000 	/Library/Java/JavaVirtualMachines/jdk1.8.0_111.jdk/Contents/Home/jre/lib/libfontmanager.dylib
0x000000012d5f5000 	/Library/Java/JavaVirtualMachines/jdk1.8.0_111.jdk/Contents/Home/jre/lib/libosxui.dylib
0x000000012e2d6000 	/Library/Java/JavaVirtualMachines/jdk1.8.0_111.jdk/Contents/Home/jre/lib/libnet.dylib
0x000000012e0ea000 	/Library/Java/JavaVirtualMachines/jdk1.8.0_111.jdk/Contents/Home/jre/lib/libnio.dylib
0x0000000005abc000 	/System/Library/Frameworks/ApplicationServices.framework/Versions/A/Frameworks/ATS.framework/Versions/A/Resources/libTrueTypeScaler.dylib
0x000000017f435000 	/System/Library/Extensions/AppleIntelBDWGraphicsMTLDriver.bundle/Contents/MacOS/AppleIntelBDWGraphicsMTLDriver
0x0000000129656000 	/private/var/folders/tg/tblkpz2s01q491tnsk9818kh0000gn/T/jogamp_0000/file_cache/jln8097606790524359905/jln3673144529564331959/libgluegen-rt.jnilib
0x0000000129680000 	/private/var/folders/tg/tblkpz2s01q491tnsk9818kh0000gn/T/jogamp_0000/file_cache/jln8097606790524359905/jln3673144529564331959/libnativewindow_awt.jnilib
0x0000000129683000 	/Library/Java/JavaVirtualMachines/jdk1.8.0_111.jdk/Contents/Home/jre/lib/libjawt.dylib
0x000000017f34c000 	/private/var/folders/tg/tblkpz2s01q491tnsk9818kh0000gn/T/jogamp_0000/file_cache/jln8097606790524359905/jln3673144529564331959/libnativewindow_macosx.jnilib
0x000000017fa7d000 	/private/var/folders/tg/tblkpz2s01q491tnsk9818kh0000gn/T/jogamp_0000/file_cache/jln8097606790524359905/jln3673144529564331959/libjogl_desktop.jnilib
0x000000017fc4a000 	/Library/Java/JavaVirtualMachines/jdk1.8.0_111.jdk/Contents/Home/jre/lib/libjpeg.dylib

VM Arguments:
jvm_args: -Djava.security.policy=java.policy.applet -Dfile.encoding=UTF-8 
java_command: sun.applet.AppletViewer module1.HelloWorld1477186448660.html
java_class_path (initial): /Users/gursimransingh/Documents/workspace/UCSDUnfoldingMaps/build:/Users/gursimransingh/Documents/workspace/UCSDUnfoldingMaps/lib/core.jar:/Users/gursimransingh/Documents/workspace/UCSDUnfoldingMaps/lib/gluegen-rt.jar:/Users/gursimransingh/Documents/workspace/UCSDUnfoldingMaps/lib/jogl-all.jar:/Users/gursimransingh/Documents/workspace/UCSDUnfoldingMaps/lib/log4j-1.2.15.jar:/Users/gursimransingh/Documents/workspace/UCSDUnfoldingMaps/lib/sqlite-jdbc-3.7.2.jar:/Users/gursimransingh/Documents/workspace/UCSDUnfoldingMaps/lib/json4processing.jar:/Users/gursimransingh/Documents/workspace/UCSDUnfoldingMaps/lib/libTUIO.jar:/Users/gursimransingh/Documents/workspace/UCSDUnfoldingMaps/lib/unfolding.0.9.7-uscd.jar
Launcher Type: SUN_STANDARD

Environment Variables:
PATH=/usr/bin:/bin:/usr/sbin:/sbin
SHELL=/bin/bash

Signal Handlers:
SIGSEGV: [libjvm.dylib+0x5b03ed], sa_mask[0]=11111111011111110111111111111111, sa_flags=SA_ONSTACK|SA_RESTART|SA_SIGINFO
SIGBUS: [libjvm.dylib+0x5b03ed], sa_mask[0]=11111111011111110111111111111111, sa_flags=SA_RESTART|SA_SIGINFO
SIGFPE: [libjvm.dylib+0x48711c], sa_mask[0]=11111111011111110111111111111111, sa_flags=SA_RESTART|SA_SIGINFO
SIGPIPE: [libjvm.dylib+0x48711c], sa_mask[0]=11111111011111110111111111111111, sa_flags=SA_RESTART|SA_SIGINFO
SIGXFSZ: [libjvm.dylib+0x48711c], sa_mask[0]=11111111011111110111111111111111, sa_flags=SA_RESTART|SA_SIGINFO
SIGILL: [libjvm.dylib+0x48711c], sa_mask[0]=11111111011111110111111111111111, sa_flags=SA_RESTART|SA_SIGINFO
SIGUSR1: SIG_DFL, sa_mask[0]=00000000000000000000000000000000, sa_flags=none
SIGUSR2: [libjvm.dylib+0x486c3a], sa_mask[0]=00100000000000000000000000000000, sa_flags=SA_RESTART|SA_SIGINFO
SIGHUP: [libjvm.dylib+0x485211], sa_mask[0]=11111111011111110111111111111111, sa_flags=SA_RESTART|SA_SIGINFO
SIGINT: [libjvm.dylib+0x485211], sa_mask[0]=11111111011111110111111111111111, sa_flags=SA_RESTART|SA_SIGINFO
SIGTERM: [libjvm.dylib+0x485211], sa_mask[0]=11111111011111110111111111111111, sa_flags=SA_RESTART|SA_SIGINFO
SIGQUIT: [libjvm.dylib+0x485211], sa_mask[0]=11111111011111110111111111111111, sa_flags=SA_RESTART|SA_SIGINFO


---------------  S Y S T E M  ---------------

OS:Bsduname:Darwin 15.6.0 Darwin Kernel Version 15.6.0: Thu Jun 23 18:25:34 PDT 2016; root:xnu-3248.60.10~1/RELEASE_X86_64 x86_64
rlimit: STACK 8192k, CORE 0k, NPROC 709, NOFILE 10240, AS infinity
load average:3.52 4.20 3.75

CPU:total 4 (2 cores per cpu, 2 threads per core) family 6 model 61 stepping 4, cmov, cx8, fxsr, mmx, sse, sse2, sse3, ssse3, sse4.1, sse4.2, popcnt, avx, avx2, aes, clmul, erms, 3dnowpref, lzcnt, ht, tsc, tscinvbit, bmi1, bmi2, adx

Memory: 4k page, physical 8388608k(2989560k free)

/proc/meminfo:


vm_info: Java HotSpot(TM) 64-Bit Server VM (25.111-b14) for bsd-amd64 JRE (1.8.0_111-b14), built on Sep 22 2016 15:31:41 by "java_re" with gcc 4.2.1 (Based on Apple Inc. build 5658) (LLVM build 2336.11.00)

time: Sat Oct 22 21:54:31 2016
elapsed time: 1222 seconds (0d 0h 20m 22s)

