#
# A fatal error has been detected by the Java Runtime Environment:
#
#  SIGSEGV (0xb) at pc=0x00007fff8649b4e9, pid=2194, tid=0x0000000000000a0b
#
# JRE version: Java(TM) SE Runtime Environment (8.0_111-b14) (build 1.8.0_111-b14)
# Java VM: Java HotSpot(TM) 64-Bit Server VM (25.111-b14 mixed mode bsd-amd64 compressed oops)
# Problematic frame:
# C  [libobjc.A.dylib+0x14e9]  objc_msgSend+0x29
#
# Failed to write core dump. Core dumps have been disabled. To enable core dumping, try "ulimit -c unlimited" before starting Java again
#
# If you would like to submit a bug report, please visit:
#   http://bugreport.java.com/bugreport/crash.jsp
# The crash happened outside the Java Virtual Machine in native code.
# See problematic frame for where to report the bug.
#

---------------  T H R E A D  ---------------

Current thread (0x00007fb13b930800):  JavaThread "AWT-AppKit" daemon [_thread_in_native, id=2571, stack(0x00007fff5a323000,0x00007fff5ab23000)]

siginfo: si_signo: 11 (SIGSEGV), si_code: 1 (SEGV_MAPERR), si_addr: 0x0000000000000000

Registers:
RAX=0x00007fb139db45a0, RBX=0x0000000174f7f450, RCX=0x000000011f0e6500, RDX=0x000000011f29b180
RSP=0x00007fff5ab1e308, RBP=0x00007fff5ab1e3c0, RSI=0x00007fff9796fcbe, RDI=0x00007fb13e3ae080
R8 =0x0000000000000000, R9 =0x00000000000008b0, R10=0x0000000000000000, R11=0x000000011e000000
R12=0x0000000000000000, R13=0x0000000179a3cc60, R14=0x0000000174f7f440, R15=0x00007fb13b930800
RIP=0x00007fff8649b4e9, EFLAGS=0x0000000000010246, ERR=0x0000000000000004
  TRAPNO=0x000000000000000e

Top of Stack: (sp=0x00007fff5ab1e308)
0x00007fff5ab1e308:   0000000174f7d157 00007fff5ab1e360
0x00007fff5ab1e318:   0000000000000003 00007fff5ab1e340
0x00007fff5ab1e328:   000000010554b7be 0000000179a3cc60
0x00007fff5ab1e338:   0000000179a3cc60 00007fb139db45a0
0x00007fff5ab1e348:   0000000174f7f6a0 0000000174f7f710
0x00007fff5ab1e358:   00007fff776d1770 00007fff774ff500
0x00007fff5ab1e368:   0000000174f7f450 0000000174f7f690
0x00007fff5ab1e378:   00007fb139db45a0 00007fb13e3ae080
0x00007fff5ab1e388:   00007fb139db4190 00007fb139db45a0
0x00007fff5ab1e398:   00007fb13e3ae080 00007fff5ab1e448
0x00007fff5ab1e3a8:   00007fb13b9309f8 0000000179a3cc60
0x00007fff5ab1e3b8:   00007fff5ab1e470 00007fff5ab1e438
0x00007fff5ab1e3c8:   0000000106c179f4 0000000179a3cc60
0x00007fff5ab1e3d8:   00007fff5ab1e470 00007fff5ab1e438
0x00007fff5ab1e3e8:   0000000106c17787 0000000106c17742
0x00007fff5ab1e3f8:   00007fff5ab1e3f8 0000000179a3cc60
0x00007fff5ab1e408:   00007fff5ab1e470 0000000179a3f898
0x00007fff5ab1e418:   0000000000000000 0000000179a3cc60
0x00007fff5ab1e428:   0000000000000000 00007fff5ab1e458
0x00007fff5ab1e438:   00007fff5ab1e4b8 0000000106c082bd
0x00007fff5ab1e448:   000000074003f768 0000000106c11538
0x00007fff5ab1e458:   00007fb139db45a0 00007fff5ab1e4b8
0x00007fff5ab1e468:   00007fb13e3ae080 0000000106c12e02
0x00007fff5ab1e478:   00007fff5ab1e478 0000000179a3ce2a
0x00007fff5ab1e488:   00007fff5ab1e4e0 0000000179a3f898
0x00007fff5ab1e498:   0000000000000000 0000000179a3ce38
0x00007fff5ab1e4a8:   00007fff5ab1e458 00007fff5ab1e4c8
0x00007fff5ab1e4b8:   00007fff5ab1e528 0000000106c082bd
0x00007fff5ab1e4c8:   00007fb139db45a0 0000000740b71d70
0x00007fff5ab1e4d8:   00007fb13e3ae080 0000000740b71d70
0x00007fff5ab1e4e8:   00007fff5ab1e4e8 000000017bd30a36
0x00007fff5ab1e4f8:   00007fff5ab1e538 000000017bd30af0 

Instructions: (pc=0x00007fff8649b4e9)
0x00007fff8649b4c9:   01 2e 75 66 49 bb f8 ff ff ff ff 7f 00 00 4c 23
0x00007fff8649b4d9:   1f 49 89 f2 45 23 53 18 49 c1 e2 04 4d 03 53 10
0x00007fff8649b4e9:   49 3b 32 75 04 41 ff 62 08 49 83 3a 01 76 0d 49
0x00007fff8649b4f9:   83 c2 10 49 3b 32 75 f1 41 ff 62 08 72 40 4d 8b 

Register to memory mapping:

RAX=0x00007fb139db45a0 is an unknown value
RBX=0x0000000174f7f450: Java_jogamp_nativewindow_macosx_OSXUtil_GetScreenRefreshRate0+0x1cf0 in /private/var/folders/tg/tblkpz2s01q491tnsk9818kh0000gn/T/jogamp_0000/file_cache/jln1743125423122248871/jln4692596584317422302/libnativewindow_macosx.jnilib at 0x0000000174f78000
RCX=0x000000011f0e6500 is an unknown value
RDX=0x000000011f29b180 is an unknown value
RSP=0x00007fff5ab1e308 is pointing into the stack for thread: 0x00007fb13b930800
RBP=0x00007fff5ab1e3c0 is pointing into the stack for thread: 0x00007fb13b930800
RSI=0x00007fff9796fcbe is an unknown value
RDI=0x00007fb13e3ae080 is an unknown value
R8 =0x0000000000000000 is an unknown value
R9 =0x00000000000008b0 is an unknown value
R10=0x0000000000000000 is an unknown value
R11=0x000000011e000000: range.100111+0x16af0 in /Library/Java/JavaVirtualMachines/jdk1.8.0_111.jdk/Contents/Home/jre/lib/libawt_lwawt.dylib at 0x000000011df8e000
R12=0x0000000000000000 is an unknown value
R13={method} {0x0000000179a3cc60} 'UnsetJAWTRootSurfaceLayer0' '(JJ)V' in 'jogamp/nativewindow/jawt/macosx/MacOSXJAWTWindow'
R14=0x0000000174f7f440: Java_jogamp_nativewindow_macosx_OSXUtil_GetScreenRefreshRate0+0x1ce0 in /private/var/folders/tg/tblkpz2s01q491tnsk9818kh0000gn/T/jogamp_0000/file_cache/jln1743125423122248871/jln4692596584317422302/libnativewindow_macosx.jnilib at 0x0000000174f78000
R15=0x00007fb13b930800 is a thread


Stack: [0x00007fff5a323000,0x00007fff5ab23000],  sp=0x00007fff5ab1e308,  free space=8172k
Native frames: (J=compiled Java code, j=interpreted, Vv=VM code, C=native code)
C  [libobjc.A.dylib+0x14e9]  objc_msgSend+0x29
j  jogamp.nativewindow.jawt.macosx.MacOSXJAWTWindow.UnsetJAWTRootSurfaceLayer0(JJ)V+0
j  jogamp.nativewindow.jawt.macosx.MacOSXJAWTWindow.access$200(JJ)V+2
j  jogamp.nativewindow.jawt.macosx.MacOSXJAWTWindow$1.run()V+38
J 1899 C1 com.jogamp.common.util.RunnableTask.run()V (345 bytes) @ 0x00000001072a9374 [0x00000001072a91e0+0x194]
v  ~StubRoutines::call_stub
V  [libjvm.dylib+0x2ecf8a]
V  [libjvm.dylib+0x324119]
V  [libjvm.dylib+0x3168e7]
C  [libnativewindow_macosx.jnilib+0x5326]  Java_jogamp_nativewindow_jawt_macosx_MacOSXJAWTWindow_UnsetJAWTRootSurfaceLayer0+0x2b6
C  [Foundation+0x76fde]  __NSThreadPerformPerform+0x117
C  [CoreFoundation+0xaa881]  __CFRUNLOOP_IS_CALLING_OUT_TO_A_SOURCE0_PERFORM_FUNCTION__+0x11
C  [CoreFoundation+0x89fbc]  __CFRunLoopDoSources0+0x22c
C  [CoreFoundation+0x894df]  __CFRunLoopRun+0x39f
C  [CoreFoundation+0x88ed8]  CFRunLoopRunSpecific+0x128
C  [HIToolbox+0x30935]  RunCurrentEventLoopInMode+0xeb
C  [HIToolbox+0x30677]  ReceiveNextEventCommon+0xb8
C  [HIToolbox+0x305af]  _BlockUntilNextEventMatchingListInModeWithFilter+0x47
C  [AppKit+0x48df6]  _DPSNextEvent+0x42b
C  [AppKit+0x48226]  -[NSApplication _nextEventMatchingEventMask:untilDate:inMode:dequeue:]+0x1c6
C  [libosxapp.dylib+0x23aa]  -[NSApplicationAWT nextEventMatchingMask:untilDate:inMode:dequeue:]+0x7c
C  [AppKit+0x3cd80]  -[NSApplication run]+0x2aa
C  [libosxapp.dylib+0x214d]  +[NSApplicationAWT runAWTLoopWithApp:]+0x9c
C  [libawt_lwawt.dylib+0x444b3]  -[AWTStarter starter:]+0x389
C  [Foundation+0x76fde]  __NSThreadPerformPerform+0x117
C  [CoreFoundation+0xaa881]  __CFRUNLOOP_IS_CALLING_OUT_TO_A_SOURCE0_PERFORM_FUNCTION__+0x11
C  [CoreFoundation+0x89fbc]  __CFRunLoopDoSources0+0x22c
C  [CoreFoundation+0x894df]  __CFRunLoopRun+0x39f
C  [CoreFoundation+0x88ed8]  CFRunLoopRunSpecific+0x128
C  [java+0x6465]  CreateExecutionEnvironment+0x367
C  [java+0x218c]  JLI_Launch+0x7a0
C  [java+0x84c2]  main+0x65
C  [java+0x19e4]  start+0x34
C  0x0000000000000007

Java frames: (J=compiled Java code, j=interpreted, Vv=VM code)
j  jogamp.nativewindow.jawt.macosx.MacOSXJAWTWindow.UnsetJAWTRootSurfaceLayer0(JJ)V+0
j  jogamp.nativewindow.jawt.macosx.MacOSXJAWTWindow.access$200(JJ)V+2
j  jogamp.nativewindow.jawt.macosx.MacOSXJAWTWindow$1.run()V+38
J 1899 C1 com.jogamp.common.util.RunnableTask.run()V (345 bytes) @ 0x00000001072a9374 [0x00000001072a91e0+0x194]
v  ~StubRoutines::call_stub

---------------  P R O C E S S  ---------------

Java Threads: ( => current thread )
  0x00007fb13bd05000 JavaThread "Thread-27" [_thread_blocked, id=37679, stack(0x00007000019ee000,0x0000700001aee000)]
  0x00007fb13b373000 JavaThread "AWT-EventQueue-1" [_thread_in_native, id=58919, stack(0x0000700001868000,0x0000700001968000)]
  0x00007fb13bc79800 JavaThread "DestroyJavaVM" [_thread_blocked, id=5891, stack(0x000070000011a000,0x000070000021a000)]
  0x00007fb13ba7e000 JavaThread "AWT-EventQueue-0" [_thread_blocked, id=56327, stack(0x0000700001662000,0x0000700001762000)]
  0x00007fb13ba01000 JavaThread "Java2D Disposer" daemon [_thread_blocked, id=52995, stack(0x00007000013d9000,0x00007000014d9000)]
  0x00007fb13b9a0800 JavaThread "Java2D Queue Flusher" daemon [_thread_blocked, id=50183, stack(0x00007000012d6000,0x00007000013d6000)]
  0x00007fb13a13a000 JavaThread "AWT-Shutdown" [_thread_blocked, id=29735, stack(0x0000700001150000,0x0000700001250000)]
=>0x00007fb13b930800 JavaThread "AWT-AppKit" daemon [_thread_in_native, id=2571, stack(0x00007fff5a323000,0x00007fff5ab23000)]
  0x00007fb13b004000 JavaThread "Service Thread" daemon [_thread_blocked, id=18691, stack(0x0000700000e44000,0x0000700000f44000)]
  0x00007fb13b837000 JavaThread "C1 CompilerThread2" daemon [_thread_blocked, id=18179, stack(0x0000700000d41000,0x0000700000e41000)]
  0x00007fb13a03b000 JavaThread "C2 CompilerThread1" daemon [_thread_blocked, id=17667, stack(0x0000700000c3e000,0x0000700000d3e000)]
  0x00007fb13b835800 JavaThread "C2 CompilerThread0" daemon [_thread_blocked, id=17155, stack(0x0000700000b3b000,0x0000700000c3b000)]
  0x00007fb13b830800 JavaThread "Signal Dispatcher" daemon [_thread_blocked, id=13839, stack(0x0000700000a38000,0x0000700000b38000)]
  0x00007fb13b85d800 JavaThread "Finalizer" daemon [_thread_blocked, id=12291, stack(0x000070000082f000,0x000070000092f000)]
  0x00007fb13b85b000 JavaThread "Reference Handler" daemon [_thread_blocked, id=11779, stack(0x000070000072c000,0x000070000082c000)]

Other Threads:
  0x00007fb13b856800 VMThread [stack: 0x0000700000629000,0x0000700000729000] [id=11267]
  0x00007fb13a052000 WatcherThread [stack: 0x0000700000f47000,0x0000700001047000] [id=19203]

VM state:not at safepoint (normal execution)

VM Mutex/Monitor currently owned by a thread: None

Heap:
 PSYoungGen      total 44544K, used 12285K [0x0000000795580000, 0x0000000798f00000, 0x00000007c0000000)
  eden space 31232K, 38% used [0x0000000795580000,0x000000079615f7d0,0x0000000797400000)
  from space 13312K, 0% used [0x0000000798180000,0x00000007981a0000,0x0000000798e80000)
  to   space 13824K, 0% used [0x0000000797400000,0x0000000797400000,0x0000000798180000)
 ParOldGen       total 87552K, used 16455K [0x0000000740000000, 0x0000000745580000, 0x0000000795580000)
  object space 87552K, 18% used [0x0000000740000000,0x0000000741011d00,0x0000000745580000)
 Metaspace       used 19147K, capacity 19315K, committed 19456K, reserved 1067008K
  class space    used 1878K, capacity 1952K, committed 2048K, reserved 1048576K

Card table byte_map: [0x0000000115fc0000,0x00000001163c1000] byte_map_base: 0x00000001125c0000

Marking Bits: (ParMarkBitMap*) 0x0000000105c48d20
 Begin Bits: [0x000000011666c000, 0x000000011866c000)
 End Bits:   [0x000000011866c000, 0x000000011a66c000)

Polling page: 0x0000000106341000

CodeCache: size=245760Kb used=7873Kb max_used=7886Kb free=237886Kb
 bounds [0x0000000106c00000, 0x00000001073c0000, 0x0000000115c00000]
 total_blobs=3023 nmethods=2150 adapters=787
 compilation: enabled

Compilation events (10 events):
Event: 45.431 Thread 0x00007fb13b837000 nmethod 2143 0x00000001073b4e90 code [0x00000001073b5240, 0x00000001073b7608]
Event: 45.431 Thread 0x00007fb13b837000 2146       1       java.awt.Component::getTreeLock (4 bytes)
Event: 45.431 Thread 0x00007fb13b837000 nmethod 2146 0x00000001073b4650 code [0x00000001073b47a0, 0x00000001073b48b0]
Event: 45.431 Thread 0x00007fb13b837000 2144       3       sun.awt.AWTAccessor::getSequencedEventAccessor (4 bytes)
Event: 45.431 Thread 0x00007fb13b837000 nmethod 2144 0x00000001073b4350 code [0x00000001073b44a0, 0x00000001073b45f0]
Event: 45.438 Thread 0x00007fb13a03b000 nmethod 2145 0x00000001073b2210 code [0x00000001073b23e0, 0x00000001073b28b0]
Event: 45.460 Thread 0x00007fb13b837000 2147       1       java.awt.Component::isEnabledImpl (5 bytes)
Event: 45.460 Thread 0x00007fb13b837000 nmethod 2147 0x00000001073b1ed0 code [0x00000001073b2020, 0x00000001073b2130]
Event: 45.470 Thread 0x00007fb13b835800 2148  s!   4       sun.misc.URLClassPath::getLoader (197 bytes)
Event: 45.474 Thread 0x00007fb13b837000 2150       3       sun.java2d.pipe.RenderBuffer::putFloat (26 bytes)

GC Heap History (10 events):
Event: 12.411 GC heap before
{Heap before GC invocations=4 (full 0):
 PSYoungGen      total 38400K, used 38387K [0x0000000795580000, 0x0000000798000000, 0x00000007c0000000)
  eden space 33280K, 100% used [0x0000000795580000,0x0000000797600000,0x0000000797600000)
  from space 5120K, 99% used [0x0000000797600000,0x0000000797afccd0,0x0000000797b00000)
  to   space 5120K, 0% used [0x0000000797b00000,0x0000000797b00000,0x0000000798000000)
 ParOldGen       total 87552K, used 11461K [0x0000000740000000, 0x0000000745580000, 0x0000000795580000)
  object space 87552K, 13% used [0x0000000740000000,0x0000000740b31478,0x0000000745580000)
 Metaspace       used 19088K, capacity 19311K, committed 19456K, reserved 1067008K
  class space    used 1870K, capacity 1952K, committed 2048K, reserved 1048576K
Event: 12.417 GC heap after
Heap after GC invocations=4 (full 0):
 PSYoungGen      total 38400K, used 5075K [0x0000000795580000, 0x0000000798000000, 0x00000007c0000000)
  eden space 33280K, 0% used [0x0000000795580000,0x0000000795580000,0x0000000797600000)
  from space 5120K, 99% used [0x0000000797b00000,0x0000000797ff4cd0,0x0000000798000000)
  to   space 5120K, 0% used [0x0000000797600000,0x0000000797600000,0x0000000797b00000)
 ParOldGen       total 87552K, used 11461K [0x0000000740000000, 0x0000000745580000, 0x0000000795580000)
  object space 87552K, 13% used [0x0000000740000000,0x0000000740b31478,0x0000000745580000)
 Metaspace       used 19088K, capacity 19311K, committed 19456K, reserved 1067008K
  class space    used 1870K, capacity 1952K, committed 2048K, reserved 1048576K
}
Event: 20.180 GC heap before
{Heap before GC invocations=5 (full 0):
 PSYoungGen      total 38400K, used 38355K [0x0000000795580000, 0x0000000798000000, 0x00000007c0000000)
  eden space 33280K, 100% used [0x0000000795580000,0x0000000797600000,0x0000000797600000)
  from space 5120K, 99% used [0x0000000797b00000,0x0000000797ff4cd0,0x0000000798000000)
  to   space 5120K, 0% used [0x0000000797600000,0x0000000797600000,0x0000000797b00000)
 ParOldGen       total 87552K, used 11461K [0x0000000740000000, 0x0000000745580000, 0x0000000795580000)
  object space 87552K, 13% used [0x0000000740000000,0x0000000740b31478,0x0000000745580000)
 Metaspace       used 19097K, capacity 19311K, committed 19456K, reserved 1067008K
  class space    used 1870K, capacity 1952K, committed 2048K, reserved 1048576K
Event: 20.187 GC heap after
Heap after GC invocations=5 (full 0):
 PSYoungGen      total 37888K, used 5075K [0x0000000795580000, 0x0000000799080000, 0x00000007c0000000)
  eden space 32768K, 0% used [0x0000000795580000,0x0000000795580000,0x0000000797580000)
  from space 5120K, 99% used [0x0000000797600000,0x0000000797af4cb0,0x0000000797b00000)
  to   space 13824K, 0% used [0x0000000798300000,0x0000000798300000,0x0000000799080000)
 ParOldGen       total 87552K, used 11469K [0x0000000740000000, 0x0000000745580000, 0x0000000795580000)
  object space 87552K, 13% used [0x0000000740000000,0x0000000740b33478,0x0000000745580000)
 Metaspace       used 19097K, capacity 19311K, committed 19456K, reserved 1067008K
  class space    used 1870K, capacity 1952K, committed 2048K, reserved 1048576K
}
Event: 27.865 GC heap before
{Heap before GC invocations=6 (full 0):
 PSYoungGen      total 37888K, used 37843K [0x0000000795580000, 0x0000000799080000, 0x00000007c0000000)
  eden space 32768K, 100% used [0x0000000795580000,0x0000000797580000,0x0000000797580000)
  from space 5120K, 99% used [0x0000000797600000,0x0000000797af4cb0,0x0000000797b00000)
  to   space 13824K, 0% used [0x0000000798300000,0x0000000798300000,0x0000000799080000)
 ParOldGen       total 87552K, used 11469K [0x0000000740000000, 0x0000000745580000, 0x0000000795580000)
  object space 87552K, 13% used [0x0000000740000000,0x0000000740b33478,0x0000000745580000)
 Metaspace       used 19098K, capacity 19311K, committed 19456K, reserved 1067008K
  class space    used 1870K, capacity 1952K, committed 2048K, reserved 1048576K
Event: 27.873 GC heap after
Heap after GC invocations=6 (full 0):
 PSYoungGen      total 44544K, used 5075K [0x0000000795580000, 0x0000000798f00000, 0x00000007c0000000)
  eden space 32256K, 0% used [0x0000000795580000,0x0000000795580000,0x0000000797500000)
  from space 12288K, 41% used [0x0000000798300000,0x00000007987f4cb0,0x0000000798f00000)
  to   space 13312K, 0% used [0x0000000797500000,0x0000000797500000,0x0000000798200000)
 ParOldGen       total 87552K, used 11477K [0x0000000740000000, 0x0000000745580000, 0x0000000795580000)
  object space 87552K, 13% used [0x0000000740000000,0x0000000740b35478,0x0000000745580000)
 Metaspace       used 19098K, capacity 19311K, committed 19456K, reserved 1067008K
  class space    used 1870K, capacity 1952K, committed 2048K, reserved 1048576K
}
Event: 35.451 GC heap before
{Heap before GC invocations=7 (full 0):
 PSYoungGen      total 44544K, used 37331K [0x0000000795580000, 0x0000000798f00000, 0x00000007c0000000)
  eden space 32256K, 100% used [0x0000000795580000,0x0000000797500000,0x0000000797500000)
  from space 12288K, 41% used [0x0000000798300000,0x00000007987f4cb0,0x0000000798f00000)
  to   space 13312K, 0% used [0x0000000797500000,0x0000000797500000,0x0000000798200000)
 ParOldGen       total 87552K, used 11477K [0x0000000740000000, 0x0000000745580000, 0x0000000795580000)
  object space 87552K, 13% used [0x0000000740000000,0x0000000740b35478,0x0000000745580000)
 Metaspace       used 19099K, capacity 19311K, committed 19456K, reserved 1067008K
  class space    used 1870K, capacity 1952K, committed 2048K, reserved 1048576K
Event: 35.458 GC heap after
Heap after GC invocations=7 (full 0):
 PSYoungGen      total 33792K, used 1888K [0x0000000795580000, 0x0000000798e80000, 0x00000007c0000000)
  eden space 31744K, 0% used [0x0000000795580000,0x0000000795580000,0x0000000797480000)
  from space 2048K, 92% used [0x0000000797500000,0x00000007976d8070,0x0000000797700000)
  to   space 13312K, 0% used [0x0000000798180000,0x0000000798180000,0x0000000798e80000)
 ParOldGen       total 87552K, used 14607K [0x0000000740000000, 0x0000000745580000, 0x0000000795580000)
  object space 87552K, 16% used [0x0000000740000000,0x0000000740e43c90,0x0000000745580000)
 Metaspace       used 19099K, capacity 19311K, committed 19456K, reserved 1067008K
  class space    used 1870K, capacity 1952K, committed 2048K, reserved 1048576K
}
Event: 42.944 GC heap before
{Heap before GC invocations=8 (full 0):
 PSYoungGen      total 33792K, used 33632K [0x0000000795580000, 0x0000000798e80000, 0x00000007c0000000)
  eden space 31744K, 100% used [0x0000000795580000,0x0000000797480000,0x0000000797480000)
  from space 2048K, 92% used [0x0000000797500000,0x00000007976d8070,0x0000000797700000)
  to   space 13312K, 0% used [0x0000000798180000,0x0000000798180000,0x0000000798e80000)
 ParOldGen       total 87552K, used 14607K [0x0000000740000000, 0x0000000745580000, 0x0000000795580000)
  object space 87552K, 16% used [0x0000000740000000,0x0000000740e43c90,0x0000000745580000)
 Metaspace       used 19099K, capacity 19311K, committed 19456K, reserved 1067008K
  class space    used 1870K, capacity 1952K, committed 2048K, reserved 1048576K
Event: 42.946 GC heap after
Heap after GC invocations=8 (full 0):
 PSYoungGen      total 44544K, used 128K [0x0000000795580000, 0x0000000798f00000, 0x00000007c0000000)
  eden space 31232K, 0% used [0x0000000795580000,0x0000000795580000,0x0000000797400000)
  from space 13312K, 0% used [0x0000000798180000,0x00000007981a0000,0x0000000798e80000)
  to   space 13824K, 0% used [0x0000000797400000,0x0000000797400000,0x0000000798180000)
 ParOldGen       total 87552K, used 16455K [0x0000000740000000, 0x0000000745580000, 0x0000000795580000)
  object space 87552K, 18% used [0x0000000740000000,0x0000000741011d00,0x0000000745580000)
 Metaspace       used 19099K, capacity 19311K, committed 19456K, reserved 1067008K
  class space    used 1870K, capacity 1952K, committed 2048K, reserved 1048576K
}

Deoptimization events (10 events):
Event: 1.464 Thread 0x00007fb13b370800 Uncommon trap: reason=unstable_if action=reinterpret pc=0x0000000106db7118 method=java.lang.String.indexOf([CII[CIII)I @ 3
Event: 2.258 Thread 0x00007fb13b373000 Uncommon trap: reason=unstable_if action=reinterpret pc=0x0000000106da789c method=java.lang.AbstractStringBuilder.append(Ljava/lang/String;)Ljava/lang/AbstractStringBuilder; @ 1
Event: 43.227 Thread 0x00007fb13b373000 Uncommon trap: reason=unstable_if action=reinterpret pc=0x000000010737a3bc method=java.awt.EventQueue.isDispatchThreadImpl()Z @ 65
Event: 43.228 Thread 0x00007fb13b373000 Uncommon trap: reason=unstable_if action=reinterpret pc=0x0000000107379d44 method=java.util.LinkedList$ListItr.<init>(Ljava/util/LinkedList;I)V @ 26
Event: 45.427 Thread 0x00007fb13ba7e000 Uncommon trap: reason=unstable_if action=reinterpret pc=0x000000010738cd28 method=java.awt.EventQueue.getPriority(Ljava/awt/AWTEvent;)I @ 71
Event: 45.427 Thread 0x00007fb13b373000 Uncommon trap: reason=unstable_if action=reinterpret pc=0x0000000107060668 method=com.jogamp.common.util.VersionNumber.compareTo(Lcom/jogamp/common/util/VersionNumber;)I @ 21
Event: 45.430 Thread 0x00007fb13ba7e000 Uncommon trap: reason=unstable_if action=reinterpret pc=0x000000010739a1dc method=sun.java2d.pipe.Region.intersectsQuickCheck(Lsun/java2d/pipe/Region;)Z @ 41
Event: 45.458 Thread 0x00007fb13ba0e000 Uncommon trap: reason=unstable_if action=reinterpret pc=0x0000000107313cf0 method=java.util.HashMap.putVal(ILjava/lang/Object;Ljava/lang/Object;ZZ)Ljava/lang/Object; @ 81
Event: 45.472 Thread 0x00007fb13b373000 Uncommon trap: reason=unstable_if action=reinterpret pc=0x0000000107379818 method=java.util.LinkedList$ListItr.<init>(Ljava/util/LinkedList;I)V @ 26
Event: 45.472 Thread 0x00007fb13b373000 Uncommon trap: reason=unstable_if action=reinterpret pc=0x000000010734e34c method=java.security.AccessControlContext.optimize()Ljava/security/AccessControlContext; @ 233

Internal exceptions (10 events):
Event: 0.141 Thread 0x00007fb13a804000 Exception <a 'java/lang/NoSuchFieldError': method resolution failed> (0x0000000795786628) thrown at [/Users/java_re/workspace/8-2-build-macosx-x86_64/jdk8u111/7883/hotspot/src/share/vm/prims/methodHandles.cpp, line 1146]
Event: 0.142 Thread 0x00007fb13a804000 Exception <a 'java/lang/NoSuchFieldError': method resolution failed> (0x0000000795793df8) thrown at [/Users/java_re/workspace/8-2-build-macosx-x86_64/jdk8u111/7883/hotspot/src/share/vm/prims/methodHandles.cpp, line 1146]
Event: 0.308 Thread 0x00007fb13a804000 Exception <a 'java/io/FileNotFoundException'> (0x000000079580f530) thrown at [/Users/java_re/workspace/8-2-build-macosx-x86_64/jdk8u111/7883/hotspot/src/share/vm/prims/jni.cpp, line 709]
Event: 0.308 Thread 0x00007fb13a804000 Exception <a 'java/io/FileNotFoundException'> (0x00000007958100d8) thrown at [/Users/java_re/workspace/8-2-build-macosx-x86_64/jdk8u111/7883/hotspot/src/share/vm/prims/jni.cpp, line 709]
Event: 0.400 Thread 0x00007fb13a804000 Exception <a 'java/io/FileNotFoundException'> (0x000000079594c4e8) thrown at [/Users/java_re/workspace/8-2-build-macosx-x86_64/jdk8u111/7883/hotspot/src/share/vm/prims/jni.cpp, line 709]
Event: 1.484 Thread 0x00007fb13b370800 Exception <a 'java/lang/UnsatisfiedLinkError': com.jogamp.common.util.JarUtil.fixNativeLibAttribs(Ljava/lang/String;)Z> (0x0000000796b22128) thrown at [/Users/java_re/workspace/8-2-build-macosx-x86_64/jdk8u111/7883/hotspot/src/share/vm/prims/nativeLookup.
Event: 1.767 Thread 0x00007fb13b85d800 Exception <a 'java/lang/NullPointerException'> (0x00000007956abca0) thrown at [/Users/java_re/workspace/8-2-build-macosx-x86_64/jdk8u111/7883/hotspot/src/share/vm/interpreter/linkResolver.cpp, line 1178]
Event: 2.258 Thread 0x00007fb13b373000 Exception <a 'java/io/FileNotFoundException'> (0x0000000795e76198) thrown at [/Users/java_re/workspace/8-2-build-macosx-x86_64/jdk8u111/7883/hotspot/src/share/vm/prims/jni.cpp, line 709]
Event: 2.258 Thread 0x00007fb13b373000 Exception <a 'java/io/FileNotFoundException'> (0x0000000795e7c798) thrown at [/Users/java_re/workspace/8-2-build-macosx-x86_64/jdk8u111/7883/hotspot/src/share/vm/prims/jni.cpp, line 709]
Event: 2.258 Thread 0x00007fb13b373000 Implicit null exception at 0x0000000106da74b6 to 0x0000000106da7885

Events (10 events):
Event: 45.472 Thread 0x00007fb13b373000 DEOPT UNPACKING pc=0x0000000106c05229 sp=0x0000700001965760 mode 2
Event: 45.472 loading class java/awt/LightweightDispatcher$2
Event: 45.472 loading class java/awt/LightweightDispatcher$2 done
Event: 45.472 loading class java/awt/event/AWTEventListenerProxy
Event: 45.472 loading class java/awt/event/AWTEventListenerProxy done
Event: 45.472 loading class java/awt/Toolkit$ToolkitEventMulticaster
Event: 45.472 loading class java/awt/Toolkit$ToolkitEventMulticaster done
Event: 45.473 Thread 0x00007fb13ba0e000 Thread exited: 0x00007fb13ba0e000
Event: 45.474 loading class java/awt/Window$1DisposeAction
Event: 45.474 loading class java/awt/Window$1DisposeAction done


Dynamic libraries:
0x0000000005abc000 	/System/Library/Frameworks/Cocoa.framework/Versions/A/Cocoa
0x0000000005abc000 	/System/Library/Frameworks/Security.framework/Versions/A/Security
0x0000000005abc000 	/System/Library/Frameworks/ApplicationServices.framework/Versions/A/ApplicationServices
0x0000000005abc000 	/usr/lib/libz.1.dylib
0x0000000005abc000 	/usr/lib/libSystem.B.dylib
0x0000000005abc000 	/usr/lib/libobjc.A.dylib
0x0000000005abc000 	/System/Library/Frameworks/CoreFoundation.framework/Versions/A/CoreFoundation
0x0000000005abc000 	/System/Library/Frameworks/Foundation.framework/Versions/C/Foundation
0x0000000005abc000 	/System/Library/Frameworks/AppKit.framework/Versions/C/AppKit
0x0000000005abc000 	/System/Library/Frameworks/CoreData.framework/Versions/A/CoreData
0x0000000005abc000 	/System/Library/PrivateFrameworks/RemoteViewServices.framework/Versions/A/RemoteViewServices
0x0000000005abc000 	/System/Library/PrivateFrameworks/UIFoundation.framework/Versions/A/UIFoundation
0x0000000005abc000 	/usr/lib/libScreenReader.dylib
0x0000000005abc000 	/System/Library/Frameworks/Accelerate.framework/Versions/A/Accelerate
0x0000000005abc000 	/System/Library/Frameworks/IOSurface.framework/Versions/A/IOSurface
0x0000000005abc000 	/System/Library/Frameworks/AudioToolbox.framework/Versions/A/AudioToolbox
0x0000000005abc000 	/System/Library/Frameworks/AudioUnit.framework/Versions/A/AudioUnit
0x0000000005abc000 	/System/Library/PrivateFrameworks/DataDetectorsCore.framework/Versions/A/DataDetectorsCore
0x0000000005abc000 	/System/Library/PrivateFrameworks/DesktopServicesPriv.framework/Versions/A/DesktopServicesPriv
0x0000000005abc000 	/System/Library/Frameworks/Carbon.framework/Versions/A/Frameworks/HIToolbox.framework/Versions/A/HIToolbox
0x0000000005abc000 	/System/Library/Frameworks/QuartzCore.framework/Versions/A/QuartzCore
0x0000000005abc000 	/System/Library/Frameworks/Carbon.framework/Versions/A/Frameworks/SpeechRecognition.framework/Versions/A/SpeechRecognition
0x0000000005abc000 	/usr/lib/libauto.dylib
0x0000000005abc000 	/usr/lib/libicucore.A.dylib
0x0000000005abc000 	/usr/lib/libxml2.2.dylib
0x0000000005abc000 	/System/Library/PrivateFrameworks/CoreUI.framework/Versions/A/CoreUI
0x0000000005abc000 	/System/Library/Frameworks/CoreAudio.framework/Versions/A/CoreAudio
0x0000000005abc000 	/System/Library/Frameworks/DiskArbitration.framework/Versions/A/DiskArbitration
0x0000000005abc000 	/usr/lib/liblangid.dylib
0x0000000005abc000 	/System/Library/PrivateFrameworks/MultitouchSupport.framework/Versions/A/MultitouchSupport
0x0000000005abc000 	/System/Library/Frameworks/IOKit.framework/Versions/A/IOKit
0x0000000005abc000 	/usr/lib/libDiagnosticMessagesClient.dylib
0x0000000005abc000 	/System/Library/Frameworks/CoreServices.framework/Versions/A/CoreServices
0x0000000005abc000 	/System/Library/PrivateFrameworks/PerformanceAnalysis.framework/Versions/A/PerformanceAnalysis
0x0000000005abc000 	/System/Library/PrivateFrameworks/GenerationalStorage.framework/Versions/A/GenerationalStorage
0x0000000005abc000 	/System/Library/Frameworks/OpenGL.framework/Versions/A/OpenGL
0x0000000005abc000 	/System/Library/PrivateFrameworks/Sharing.framework/Versions/A/Sharing
0x0000000005abc000 	/System/Library/Frameworks/CoreGraphics.framework/Versions/A/CoreGraphics
0x0000000005abc000 	/System/Library/Frameworks/CoreImage.framework/Versions/A/CoreImage
0x0000000005abc000 	/System/Library/Frameworks/CoreText.framework/Versions/A/CoreText
0x0000000005abc000 	/System/Library/Frameworks/ImageIO.framework/Versions/A/ImageIO
0x0000000005abc000 	/System/Library/PrivateFrameworks/Backup.framework/Versions/A/Backup
0x0000000005abc000 	/usr/lib/libextension.dylib
0x0000000005abc000 	/usr/lib/libarchive.2.dylib
0x0000000005abc000 	/System/Library/Frameworks/CFNetwork.framework/Versions/A/CFNetwork
0x0000000005abc000 	/System/Library/Frameworks/SystemConfiguration.framework/Versions/A/SystemConfiguration
0x0000000005abc000 	/usr/lib/libCRFSuite.dylib
0x0000000005abc000 	/usr/lib/libc++.1.dylib
0x0000000005abc000 	/usr/lib/libc++abi.dylib
0x0000000005abc000 	/usr/lib/system/libcache.dylib
0x0000000005abc000 	/usr/lib/system/libcommonCrypto.dylib
0x0000000005abc000 	/usr/lib/system/libcompiler_rt.dylib
0x0000000005abc000 	/usr/lib/system/libcopyfile.dylib
0x0000000005abc000 	/usr/lib/system/libcorecrypto.dylib
0x0000000005abc000 	/usr/lib/system/libdispatch.dylib
0x0000000005abc000 	/usr/lib/system/libdyld.dylib
0x0000000005abc000 	/usr/lib/system/libkeymgr.dylib
0x0000000005abc000 	/usr/lib/system/liblaunch.dylib
0x0000000005abc000 	/usr/lib/system/libmacho.dylib
0x0000000005abc000 	/usr/lib/system/libquarantine.dylib
0x0000000005abc000 	/usr/lib/system/libremovefile.dylib
0x0000000005abc000 	/usr/lib/system/libsystem_asl.dylib
0x0000000005abc000 	/usr/lib/system/libsystem_blocks.dylib
0x0000000005abc000 	/usr/lib/system/libsystem_c.dylib
0x0000000005abc000 	/usr/lib/system/libsystem_configuration.dylib
0x0000000005abc000 	/usr/lib/system/libsystem_coreservices.dylib
0x0000000005abc000 	/usr/lib/system/libsystem_coretls.dylib
0x0000000005abc000 	/usr/lib/system/libsystem_dnssd.dylib
0x0000000005abc000 	/usr/lib/system/libsystem_info.dylib
0x0000000005abc000 	/usr/lib/system/libsystem_kernel.dylib
0x0000000005abc000 	/usr/lib/system/libsystem_m.dylib
0x0000000005abc000 	/usr/lib/system/libsystem_malloc.dylib
0x0000000005abc000 	/usr/lib/system/libsystem_network.dylib
0x0000000005abc000 	/usr/lib/system/libsystem_networkextension.dylib
0x0000000005abc000 	/usr/lib/system/libsystem_notify.dylib
0x0000000005abc000 	/usr/lib/system/libsystem_platform.dylib
0x0000000005abc000 	/usr/lib/system/libsystem_pthread.dylib
0x0000000005abc000 	/usr/lib/system/libsystem_sandbox.dylib
0x0000000005abc000 	/usr/lib/system/libsystem_secinit.dylib
0x0000000005abc000 	/usr/lib/system/libsystem_trace.dylib
0x0000000005abc000 	/usr/lib/system/libunc.dylib
0x0000000005abc000 	/usr/lib/system/libunwind.dylib
0x0000000005abc000 	/usr/lib/system/libxpc.dylib
0x0000000005abc000 	/usr/lib/libenergytrace.dylib
0x0000000005abc000 	/usr/lib/libbsm.0.dylib
0x0000000005abc000 	/usr/lib/system/libkxld.dylib
0x0000000005abc000 	/usr/lib/libxar.1.dylib
0x0000000005abc000 	/usr/lib/libsqlite3.dylib
0x0000000005abc000 	/usr/lib/libpam.2.dylib
0x0000000005abc000 	/usr/lib/libOpenScriptingUtil.dylib
0x0000000005abc000 	/usr/lib/libbz2.1.0.dylib
0x0000000005abc000 	/usr/lib/liblzma.5.dylib
0x0000000005abc000 	/System/Library/Frameworks/CoreServices.framework/Versions/A/Frameworks/FSEvents.framework/Versions/A/FSEvents
0x0000000005abc000 	/System/Library/Frameworks/CoreServices.framework/Versions/A/Frameworks/CarbonCore.framework/Versions/A/CarbonCore
0x0000000005abc000 	/System/Library/Frameworks/CoreServices.framework/Versions/A/Frameworks/Metadata.framework/Versions/A/Metadata
0x0000000005abc000 	/System/Library/Frameworks/CoreServices.framework/Versions/A/Frameworks/OSServices.framework/Versions/A/OSServices
0x0000000005abc000 	/System/Library/Frameworks/CoreServices.framework/Versions/A/Frameworks/SearchKit.framework/Versions/A/SearchKit
0x0000000005abc000 	/System/Library/Frameworks/CoreServices.framework/Versions/A/Frameworks/AE.framework/Versions/A/AE
0x0000000005abc000 	/System/Library/Frameworks/CoreServices.framework/Versions/A/Frameworks/LaunchServices.framework/Versions/A/LaunchServices
0x0000000005abc000 	/System/Library/Frameworks/CoreServices.framework/Versions/A/Frameworks/DictionaryServices.framework/Versions/A/DictionaryServices
0x0000000005abc000 	/System/Library/Frameworks/CoreServices.framework/Versions/A/Frameworks/SharedFileList.framework/Versions/A/SharedFileList
0x0000000005abc000 	/System/Library/Frameworks/NetFS.framework/Versions/A/NetFS
0x0000000005abc000 	/System/Library/PrivateFrameworks/NetAuth.framework/Versions/A/NetAuth
0x0000000005abc000 	/System/Library/PrivateFrameworks/login.framework/Versions/A/Frameworks/loginsupport.framework/Versions/A/loginsupport
0x0000000005abc000 	/System/Library/PrivateFrameworks/TCC.framework/Versions/A/TCC
0x0000000005abc000 	/usr/lib/libmecabra.dylib
0x0000000005abc000 	/System/Library/Frameworks/ApplicationServices.framework/Versions/A/Frameworks/ATS.framework/Versions/A/ATS
0x0000000005abc000 	/System/Library/Frameworks/ApplicationServices.framework/Versions/A/Frameworks/ColorSync.framework/Versions/A/ColorSync
0x0000000005abc000 	/System/Library/Frameworks/ApplicationServices.framework/Versions/A/Frameworks/HIServices.framework/Versions/A/HIServices
0x0000000005abc000 	/System/Library/Frameworks/ApplicationServices.framework/Versions/A/Frameworks/LangAnalysis.framework/Versions/A/LangAnalysis
0x0000000005abc000 	/System/Library/Frameworks/ApplicationServices.framework/Versions/A/Frameworks/PrintCore.framework/Versions/A/PrintCore
0x0000000005abc000 	/System/Library/Frameworks/ApplicationServices.framework/Versions/A/Frameworks/QD.framework/Versions/A/QD
0x0000000005abc000 	/System/Library/Frameworks/ApplicationServices.framework/Versions/A/Frameworks/SpeechSynthesis.framework/Versions/A/SpeechSynthesis
0x0000000005abc000 	/System/Library/Frameworks/Metal.framework/Versions/A/Metal
0x0000000005abc000 	/System/Library/Frameworks/Accelerate.framework/Versions/A/Frameworks/vImage.framework/Versions/A/vImage
0x0000000005abc000 	/System/Library/Frameworks/Accelerate.framework/Versions/A/Frameworks/vecLib.framework/Versions/A/vecLib
0x0000000005abc000 	/System/Library/Frameworks/Accelerate.framework/Versions/A/Frameworks/vecLib.framework/Versions/A/libvDSP.dylib
0x0000000005abc000 	/System/Library/Frameworks/Accelerate.framework/Versions/A/Frameworks/vecLib.framework/Versions/A/libvMisc.dylib
0x0000000005abc000 	/System/Library/Frameworks/Accelerate.framework/Versions/A/Frameworks/vecLib.framework/Versions/A/libLAPACK.dylib
0x0000000005abc000 	/System/Library/Frameworks/Accelerate.framework/Versions/A/Frameworks/vecLib.framework/Versions/A/libBLAS.dylib
0x0000000005abc000 	/System/Library/Frameworks/Accelerate.framework/Versions/A/Frameworks/vecLib.framework/Versions/A/libLinearAlgebra.dylib
0x0000000005abc000 	/System/Library/Frameworks/Accelerate.framework/Versions/A/Frameworks/vecLib.framework/Versions/A/libSparseBLAS.dylib
0x0000000005abc000 	/System/Library/PrivateFrameworks/GPUCompiler.framework/libmetal_timestamp.dylib
0x0000000005abc000 	/System/Library/Frameworks/OpenGL.framework/Versions/A/Libraries/libCoreFSCache.dylib
0x0000000005abc000 	/System/Library/PrivateFrameworks/IOAccelerator.framework/Versions/A/IOAccelerator
0x0000000005abc000 	/System/Library/Frameworks/ApplicationServices.framework/Versions/A/Frameworks/ATS.framework/Versions/A/Resources/libFontParser.dylib
0x0000000005abc000 	/System/Library/Frameworks/ApplicationServices.framework/Versions/A/Frameworks/ATS.framework/Versions/A/Resources/libFontRegistry.dylib
0x0000000005abc000 	/System/Library/PrivateFrameworks/AppleVPA.framework/Versions/A/AppleVPA
0x0000000005abc000 	/System/Library/PrivateFrameworks/AppleJPEG.framework/Versions/A/AppleJPEG
0x0000000005abc000 	/System/Library/Frameworks/ImageIO.framework/Versions/A/Resources/libJPEG.dylib
0x0000000005abc000 	/System/Library/Frameworks/ImageIO.framework/Versions/A/Resources/libTIFF.dylib
0x0000000005abc000 	/System/Library/Frameworks/ImageIO.framework/Versions/A/Resources/libPng.dylib
0x0000000005abc000 	/System/Library/Frameworks/ImageIO.framework/Versions/A/Resources/libGIF.dylib
0x0000000005abc000 	/System/Library/Frameworks/ImageIO.framework/Versions/A/Resources/libJP2.dylib
0x0000000005abc000 	/System/Library/Frameworks/ImageIO.framework/Versions/A/Resources/libRadiance.dylib
0x0000000005abc000 	/System/Library/Frameworks/CoreVideo.framework/Versions/A/CoreVideo
0x0000000005abc000 	/System/Library/Frameworks/OpenGL.framework/Versions/A/Libraries/libGLU.dylib
0x0000000005abc000 	/System/Library/Frameworks/OpenGL.framework/Versions/A/Libraries/libGFXShared.dylib
0x0000000005abc000 	/System/Library/Frameworks/OpenGL.framework/Versions/A/Libraries/libGL.dylib
0x0000000005abc000 	/System/Library/Frameworks/OpenGL.framework/Versions/A/Libraries/libGLImage.dylib
0x0000000005abc000 	/System/Library/Frameworks/OpenGL.framework/Versions/A/Libraries/libCVMSPluginSupport.dylib
0x0000000005abc000 	/System/Library/Frameworks/OpenGL.framework/Versions/A/Libraries/libCoreVMClient.dylib
0x0000000005abc000 	/usr/lib/libcompression.dylib
0x0000000005abc000 	/usr/lib/libcups.2.dylib
0x0000000005abc000 	/System/Library/Frameworks/Kerberos.framework/Versions/A/Kerberos
0x0000000005abc000 	/System/Library/Frameworks/GSS.framework/Versions/A/GSS
0x0000000005abc000 	/usr/lib/libresolv.9.dylib
0x0000000005abc000 	/usr/lib/libiconv.2.dylib
0x0000000005abc000 	/System/Library/PrivateFrameworks/Heimdal.framework/Versions/A/Heimdal
0x0000000005abc000 	/usr/lib/libheimdal-asn1.dylib
0x0000000005abc000 	/System/Library/Frameworks/OpenDirectory.framework/Versions/A/OpenDirectory
0x0000000005abc000 	/System/Library/PrivateFrameworks/CommonAuth.framework/Versions/A/CommonAuth
0x0000000005abc000 	/System/Library/Frameworks/OpenDirectory.framework/Versions/A/Frameworks/CFOpenDirectory.framework/Versions/A/CFOpenDirectory
0x0000000005abc000 	/System/Library/Frameworks/SecurityFoundation.framework/Versions/A/SecurityFoundation
0x0000000005abc000 	/System/Library/PrivateFrameworks/LanguageModeling.framework/Versions/A/LanguageModeling
0x0000000005abc000 	/usr/lib/libmarisa.dylib
0x0000000005abc000 	/usr/lib/libChineseTokenizer.dylib
0x0000000005abc000 	/usr/lib/libcmph.dylib
0x0000000005abc000 	/System/Library/Frameworks/ServiceManagement.framework/Versions/A/ServiceManagement
0x0000000005abc000 	/usr/lib/libxslt.1.dylib
0x0000000005abc000 	/System/Library/Frameworks/Carbon.framework/Versions/A/Frameworks/Ink.framework/Versions/A/Ink
0x0000000005abc000 	/usr/lib/libFosl_dynamic.dylib
0x0000000005abc000 	/System/Library/PrivateFrameworks/FaceCore.framework/Versions/A/FaceCore
0x0000000005abc000 	/System/Library/Frameworks/OpenCL.framework/Versions/A/OpenCL
0x0000000005abc000 	/System/Library/PrivateFrameworks/CrashReporterSupport.framework/Versions/A/CrashReporterSupport
0x0000000005abc000 	/System/Library/PrivateFrameworks/IconServices.framework/Versions/A/IconServices
0x0000000005abc000 	/System/Library/PrivateFrameworks/Apple80211.framework/Versions/A/Apple80211
0x0000000005abc000 	/System/Library/Frameworks/CoreWLAN.framework/Versions/A/CoreWLAN
0x0000000005abc000 	/System/Library/Frameworks/IOBluetooth.framework/Versions/A/IOBluetooth
0x0000000005abc000 	/System/Library/PrivateFrameworks/CoreWiFi.framework/Versions/A/CoreWiFi
0x0000000005abc000 	/System/Library/Frameworks/CoreBluetooth.framework/Versions/A/CoreBluetooth
0x0000000005abc000 	/System/Library/PrivateFrameworks/ChunkingLibrary.framework/Versions/A/ChunkingLibrary
0x0000000005abc000 	/System/Library/PrivateFrameworks/DebugSymbols.framework/Versions/A/DebugSymbols
0x0000000005abc000 	/System/Library/PrivateFrameworks/CoreSymbolication.framework/Versions/A/CoreSymbolication
0x0000000005abc000 	/System/Library/PrivateFrameworks/Symbolication.framework/Versions/A/Symbolication
0x0000000005abc000 	/System/Library/PrivateFrameworks/SpeechRecognitionCore.framework/Versions/A/SpeechRecognitionCore
0x0000000105359000 	/Library/Java/JavaVirtualMachines/jdk1.8.0_111.jdk/Contents/Home/jre/lib/server/libjvm.dylib
0x0000000005abc000 	/usr/lib/libstdc++.6.dylib
0x00000001062fe000 	/Library/Java/JavaVirtualMachines/jdk1.8.0_111.jdk/Contents/Home/jre/lib/libverify.dylib
0x000000010630c000 	/Library/Java/JavaVirtualMachines/jdk1.8.0_111.jdk/Contents/Home/jre/lib/libjava.dylib
0x000000010634b000 	/Library/Java/JavaVirtualMachines/jdk1.8.0_111.jdk/Contents/Home/jre/lib/libzip.dylib
0x000000011c4b8000 	/System/Library/Frameworks/JavaVM.framework/Frameworks/JavaRuntimeSupport.framework/JavaRuntimeSupport
0x000000011c4d3000 	/System/Library/Frameworks/JavaVM.framework/Versions/A/Frameworks/JavaNativeFoundation.framework/Versions/A/JavaNativeFoundation
0x000000011c4e8000 	/System/Library/Frameworks/JavaVM.framework/Versions/A/JavaVM
0x0000000005abc000 	/System/Library/Frameworks/Carbon.framework/Versions/A/Carbon
0x000000011c4f5000 	/System/Library/PrivateFrameworks/JavaLaunching.framework/Versions/A/JavaLaunching
0x0000000005abc000 	/System/Library/Frameworks/Carbon.framework/Versions/A/Frameworks/CommonPanels.framework/Versions/A/CommonPanels
0x0000000005abc000 	/System/Library/Frameworks/Carbon.framework/Versions/A/Frameworks/Help.framework/Versions/A/Help
0x0000000005abc000 	/System/Library/Frameworks/Carbon.framework/Versions/A/Frameworks/ImageCapture.framework/Versions/A/ImageCapture
0x0000000005abc000 	/System/Library/Frameworks/Carbon.framework/Versions/A/Frameworks/OpenScripting.framework/Versions/A/OpenScripting
0x0000000005abc000 	/System/Library/Frameworks/Carbon.framework/Versions/A/Frameworks/Print.framework/Versions/A/Print
0x0000000005abc000 	/System/Library/Frameworks/Carbon.framework/Versions/A/Frameworks/SecurityHI.framework/Versions/A/SecurityHI
0x000000011de1a000 	/Library/Java/JavaVirtualMachines/jdk1.8.0_111.jdk/Contents/Home/jre/lib/libawt.dylib
0x000000011dec2000 	/Library/Java/JavaVirtualMachines/jdk1.8.0_111.jdk/Contents/Home/jre/lib/./libmlib_image.dylib
0x000000011df8e000 	/Library/Java/JavaVirtualMachines/jdk1.8.0_111.jdk/Contents/Home/jre/lib/libawt_lwawt.dylib
0x000000011e043000 	/Library/Java/JavaVirtualMachines/jdk1.8.0_111.jdk/Contents/Home/jre/lib/./libosxapp.dylib
0x0000000005abc000 	/System/Library/Frameworks/ExceptionHandling.framework/Versions/A/ExceptionHandling
0x0000000005abc000 	/System/Library/PrivateFrameworks/CoreServicesInternal.framework/Versions/A/CoreServicesInternal
0x0000000005abc000 	/System/Library/Frameworks/CoreGraphics.framework/Versions/A/Resources/libRIP.A.dylib
0x0000000005abc000 	/System/Library/Frameworks/Accelerate.framework/Versions/A/Frameworks/vImage.framework/Versions/A/Libraries/libCGInterfaces.dylib
0x0000000005abc000 	/System/Library/Frameworks/CoreGraphics.framework/Versions/A/Resources/libCGXType.A.dylib
0x0000000005abc000 	/System/Library/Frameworks/OpenCL.framework/Versions/A/Libraries/libcldcpuengine.dylib
0x0000000005abc000 	/System/Library/PrivateFrameworks/DiskImages.framework/Versions/A/DiskImages
0x0000000005abc000 	/System/Library/Frameworks/DiscRecording.framework/Versions/A/DiscRecording
0x0000000005abc000 	/usr/lib/libcsfde.dylib
0x0000000005abc000 	/usr/lib/libcurl.4.dylib
0x0000000005abc000 	/System/Library/PrivateFrameworks/MediaKit.framework/Versions/A/MediaKit
0x0000000005abc000 	/System/Library/PrivateFrameworks/ProtectedCloudStorage.framework/Versions/A/ProtectedCloudStorage
0x0000000005abc000 	/usr/lib/libCoreStorage.dylib
0x0000000005abc000 	/System/Library/PrivateFrameworks/EFILogin.framework/Versions/A/EFILogin
0x0000000005abc000 	/usr/lib/libutil.dylib
0x0000000005abc000 	/System/Library/PrivateFrameworks/FindMyDevice.framework/Versions/A/FindMyDevice
0x0000000005abc000 	/System/Library/Frameworks/LDAP.framework/Versions/A/LDAP
0x0000000005abc000 	/usr/lib/libsasl2.2.dylib
0x0000000005abc000 	/System/Library/PrivateFrameworks/CoreDaemon.framework/Versions/B/CoreDaemon
0x0000000005abc000 	/usr/lib/libcrypto.0.9.8.dylib
0x0000000005abc000 	/System/Library/PrivateFrameworks/AppleSRP.framework/Versions/A/AppleSRP
0x0000000005abc000 	/System/Library/PrivateFrameworks/TrustEvaluationAgent.framework/Versions/A/TrustEvaluationAgent
0x000000011fce4000 	cl_kernels
0x0000000005abc000 	/System/Library/Frameworks/OpenCL.framework/Versions/A/Libraries/ImageFormats/unorm8_bgra.dylib
0x0000000005abc000 	/System/Library/Frameworks/OpenCL.framework/Versions/A/Libraries/ImageFormats/unorm8_rgba.dylib
0x0000000005abc000 	/System/Library/PrivateFrameworks/FamilyControls.framework/Versions/A/FamilyControls
0x0000000005abc000 	/System/Library/PrivateFrameworks/CommerceKit.framework/Versions/A/Frameworks/CommerceCore.framework/Versions/A/CommerceCore
0x0000000005abc000 	/System/Library/PrivateFrameworks/SystemAdministration.framework/Versions/A/SystemAdministration
0x0000000005abc000 	/System/Library/PrivateFrameworks/AppContainer.framework/Versions/A/AppContainer
0x0000000005abc000 	/System/Library/PrivateFrameworks/SecCodeWrapper.framework/Versions/A/SecCodeWrapper
0x0000000005abc000 	/System/Library/Frameworks/DirectoryService.framework/Versions/A/DirectoryService
0x0000000005abc000 	/System/Library/PrivateFrameworks/LoginUIKit.framework/Versions/A/Frameworks/LoginUICore.framework/Versions/A/LoginUICore
0x0000000005abc000 	/usr/lib/libodfde.dylib
0x0000000005abc000 	/System/Library/Frameworks/OpenGL.framework/Versions/A/Resources/GLEngine.bundle/GLEngine
0x0000000005abc000 	/System/Library/Frameworks/OpenGL.framework/Versions/A/Libraries/libGLProgrammability.dylib
0x0000000120de2000 	/System/Library/Extensions/AppleIntelBDWGraphicsGLDriver.bundle/Contents/MacOS/AppleIntelBDWGraphicsGLDriver
0x0000000005abc000 	/System/Library/PrivateFrameworks/GPUSupport.framework/Versions/A/Libraries/libGPUSupportMercury.dylib
0x0000000005abc000 	/System/Library/Frameworks/OpenGL.framework/Versions/A/Resources/GLRendererFloat.bundle/GLRendererFloat
0x0000000121d64000 	/Library/Java/JavaVirtualMachines/jdk1.8.0_111.jdk/Contents/Home/jre/lib/libfontmanager.dylib
0x000000012322c000 	/Library/Java/JavaVirtualMachines/jdk1.8.0_111.jdk/Contents/Home/jre/lib/libosxui.dylib
0x0000000123f0b000 	/Library/Java/JavaVirtualMachines/jdk1.8.0_111.jdk/Contents/Home/jre/lib/libnet.dylib
0x0000000123d1f000 	/Library/Java/JavaVirtualMachines/jdk1.8.0_111.jdk/Contents/Home/jre/lib/libnio.dylib
0x0000000005abc000 	/System/Library/Frameworks/ApplicationServices.framework/Versions/A/Frameworks/ATS.framework/Versions/A/Resources/libTrueTypeScaler.dylib
0x000000017506b000 	/System/Library/Extensions/AppleIntelBDWGraphicsMTLDriver.bundle/Contents/MacOS/AppleIntelBDWGraphicsMTLDriver
0x0000000122fb4000 	/private/var/folders/tg/tblkpz2s01q491tnsk9818kh0000gn/T/jogamp_0000/file_cache/jln1743125423122248871/jln4692596584317422302/libgluegen-rt.jnilib
0x0000000174f72000 	/private/var/folders/tg/tblkpz2s01q491tnsk9818kh0000gn/T/jogamp_0000/file_cache/jln1743125423122248871/jln4692596584317422302/libnativewindow_awt.jnilib
0x0000000174f75000 	/Library/Java/JavaVirtualMachines/jdk1.8.0_111.jdk/Contents/Home/jre/lib/libjawt.dylib
0x0000000174f78000 	/private/var/folders/tg/tblkpz2s01q491tnsk9818kh0000gn/T/jogamp_0000/file_cache/jln1743125423122248871/jln4692596584317422302/libnativewindow_macosx.jnilib
0x00000001756ab000 	/private/var/folders/tg/tblkpz2s01q491tnsk9818kh0000gn/T/jogamp_0000/file_cache/jln1743125423122248871/jln4692596584317422302/libjogl_desktop.jnilib
0x000000017cfe5000 	/Library/Java/JavaVirtualMachines/jdk1.8.0_111.jdk/Contents/Home/jre/lib/libjpeg.dylib

VM Arguments:
jvm_args: -Djava.security.policy=java.policy.applet -Dfile.encoding=UTF-8 
java_command: sun.applet.AppletViewer module1.HelloWorld1477185751800.html
java_class_path (initial): /Users/gursimransingh/Documents/workspace/UCSDUnfoldingMaps/build:/Users/gursimransingh/Documents/workspace/UCSDUnfoldingMaps/lib/core.jar:/Users/gursimransingh/Documents/workspace/UCSDUnfoldingMaps/lib/gluegen-rt.jar:/Users/gursimransingh/Documents/workspace/UCSDUnfoldingMaps/lib/jogl-all.jar:/Users/gursimransingh/Documents/workspace/UCSDUnfoldingMaps/lib/log4j-1.2.15.jar:/Users/gursimransingh/Documents/workspace/UCSDUnfoldingMaps/lib/sqlite-jdbc-3.7.2.jar:/Users/gursimransingh/Documents/workspace/UCSDUnfoldingMaps/lib/json4processing.jar:/Users/gursimransingh/Documents/workspace/UCSDUnfoldingMaps/lib/libTUIO.jar:/Users/gursimransingh/Documents/workspace/UCSDUnfoldingMaps/lib/unfolding.0.9.7-uscd.jar
Launcher Type: SUN_STANDARD

Environment Variables:
PATH=/usr/bin:/bin:/usr/sbin:/sbin
SHELL=/bin/bash

Signal Handlers:
SIGSEGV: [libjvm.dylib+0x5b03ed], sa_mask[0]=11111111011111110111111111111111, sa_flags=SA_ONSTACK|SA_RESTART|SA_SIGINFO
SIGBUS: [libjvm.dylib+0x5b03ed], sa_mask[0]=11111111011111110111111111111111, sa_flags=SA_RESTART|SA_SIGINFO
SIGFPE: [libjvm.dylib+0x48711c], sa_mask[0]=11111111011111110111111111111111, sa_flags=SA_RESTART|SA_SIGINFO
SIGPIPE: [libjvm.dylib+0x48711c], sa_mask[0]=11111111011111110111111111111111, sa_flags=SA_RESTART|SA_SIGINFO
SIGXFSZ: [libjvm.dylib+0x48711c], sa_mask[0]=11111111011111110111111111111111, sa_flags=SA_RESTART|SA_SIGINFO
SIGILL: [libjvm.dylib+0x48711c], sa_mask[0]=11111111011111110111111111111111, sa_flags=SA_RESTART|SA_SIGINFO
SIGUSR1: SIG_DFL, sa_mask[0]=00000000000000000000000000000000, sa_flags=none
SIGUSR2: [libjvm.dylib+0x486c3a], sa_mask[0]=00100000000000000000000000000000, sa_flags=SA_RESTART|SA_SIGINFO
SIGHUP: [libjvm.dylib+0x485211], sa_mask[0]=11111111011111110111111111111111, sa_flags=SA_RESTART|SA_SIGINFO
SIGINT: [libjvm.dylib+0x485211], sa_mask[0]=11111111011111110111111111111111, sa_flags=SA_RESTART|SA_SIGINFO
SIGTERM: [libjvm.dylib+0x485211], sa_mask[0]=11111111011111110111111111111111, sa_flags=SA_RESTART|SA_SIGINFO
SIGQUIT: [libjvm.dylib+0x485211], sa_mask[0]=11111111011111110111111111111111, sa_flags=SA_RESTART|SA_SIGINFO


---------------  S Y S T E M  ---------------

OS:Bsduname:Darwin 15.6.0 Darwin Kernel Version 15.6.0: Thu Jun 23 18:25:34 PDT 2016; root:xnu-3248.60.10~1/RELEASE_X86_64 x86_64
rlimit: STACK 8192k, CORE 0k, NPROC 709, NOFILE 10240, AS infinity
load average:2.50 2.15 2.04

CPU:total 4 (2 cores per cpu, 2 threads per core) family 6 model 61 stepping 4, cmov, cx8, fxsr, mmx, sse, sse2, sse3, ssse3, sse4.1, sse4.2, popcnt, avx, avx2, aes, clmul, erms, 3dnowpref, lzcnt, ht, tsc, tscinvbit, bmi1, bmi2, adx

Memory: 4k page, physical 8388608k(285392k free)

/proc/meminfo:


vm_info: Java HotSpot(TM) 64-Bit Server VM (25.111-b14) for bsd-amd64 JRE (1.8.0_111-b14), built on Sep 22 2016 15:31:41 by "java_re" with gcc 4.2.1 (Based on Apple Inc. build 5658) (LLVM build 2336.11.00)

time: Sat Oct 22 21:23:17 2016
elapsed time: 45 seconds (0d 0h 0m 45s)

