#
# A fatal error has been detected by the Java Runtime Environment:
#
#  SIGSEGV (0xb) at pc=0x00007fff8649b4dd, pid=2661, tid=0x0000000000000a0b
#
# JRE version: Java(TM) SE Runtime Environment (8.0_111-b14) (build 1.8.0_111-b14)
# Java VM: Java HotSpot(TM) 64-Bit Server VM (25.111-b14 mixed mode bsd-amd64 compressed oops)
# Problematic frame:
# C  [libobjc.A.dylib+0x14dd]  objc_msgSend+0x1d
#
# Failed to write core dump. Core dumps have been disabled. To enable core dumping, try "ulimit -c unlimited" before starting Java again
#
# If you would like to submit a bug report, please visit:
#   http://bugreport.java.com/bugreport/crash.jsp
# The crash happened outside the Java Virtual Machine in native code.
# See problematic frame for where to report the bug.
#

---------------  T H R E A D  ---------------

Current thread (0x00007f95b20e9000):  JavaThread "AWT-AppKit" daemon [_thread_in_native, id=2571, stack(0x00007fff54992000,0x00007fff55192000)]

siginfo: si_signo: 11 (SIGSEGV), si_code: 1 (SEGV_MAPERR), si_addr: 0x0000000000000018

Registers:
RAX=0x00007f95b5a675d0, RBX=0x000000017a912450, RCX=0x0000000124c36be0, RDX=0x0000000124c36b60
RSP=0x00007fff5518d3f8, RBP=0x00007fff5518d4b0, RSI=0x00007fff9796fcbe, RDI=0x00007f95b37af550
R8 =0x0000000000000000, R9 =0x00000000000008b0, R10=0x00007fff9796fcbe, R11=0x0000000000000000
R12=0x0000000000000000, R13=0x000000017f468608, R14=0x000000017a912440, R15=0x00007f95b20e9000
RIP=0x00007fff8649b4dd, EFLAGS=0x0000000000010246, ERR=0x0000000000000004
  TRAPNO=0x000000000000000e

Top of Stack: (sp=0x00007fff5518d3f8)
0x00007fff5518d3f8:   000000017a910157 00007fff5518d450
0x00007fff5518d408:   0000000000000003 00007fff5518d430
0x00007fff5518d418:   000000010b7f27be 000000017f468608
0x00007fff5518d428:   000000017f468608 00007f95b5a675d0
0x00007fff5518d438:   000000017a9126a0 000000017a912710
0x00007fff5518d448:   00007fff776d1770 00007fff774ff500
0x00007fff5518d458:   000000017a912450 000000017a912690
0x00007fff5518d468:   00007f95b5a675d0 00007f95b37af550
0x00007fff5518d478:   00007f95b58ee230 00007f95b5a675d0
0x00007fff5518d488:   00007f95b37af550 00007fff5518d538
0x00007fff5518d498:   00007f95b20e91f8 000000017f468608
0x00007fff5518d4a8:   00007fff5518d560 00007fff5518d528
0x00007fff5518d4b8:   000000010c5b89f4 000000017f468608
0x00007fff5518d4c8:   00007fff5518d560 00007fff5518d528
0x00007fff5518d4d8:   000000010c5b8787 000000010c5b8742
0x00007fff5518d4e8:   00007fff5518d4e8 000000017f468608
0x00007fff5518d4f8:   00007fff5518d560 000000017f46b240
0x00007fff5518d508:   0000000000000000 000000017f468608
0x00007fff5518d518:   0000000000000000 00007fff5518d548
0x00007fff5518d528:   00007fff5518d5a8 000000010c5a92bd
0x00007fff5518d538:   00000007402fc2c8 000000010c5b2538
0x00007fff5518d548:   00007f95b5a675d0 00007fff5518d5a8
0x00007fff5518d558:   00007f95b37af550 000000010c5b3e02
0x00007fff5518d568:   00007fff5518d568 000000017f4687d2
0x00007fff5518d578:   00007fff5518d5d0 000000017f46b240
0x00007fff5518d588:   0000000000000000 000000017f4687e0
0x00007fff5518d598:   00007fff5518d548 00007fff5518d5b8
0x00007fff5518d5a8:   00007fff5518d618 000000010c5a92bd
0x00007fff5518d5b8:   00007f95b5a675d0 000000074127aff8
0x00007fff5518d5c8:   00007f95b37af550 000000074127aff8
0x00007fff5518d5d8:   00007fff5518d5d8 000000018216e246
0x00007fff5518d5e8:   00007fff5518d628 000000018216e300 

Instructions: (pc=0x00007fff8649b4dd)
0x00007fff8649b4bd:   44 00 00 48 85 ff 2e 74 62 40 f6 c7 01 2e 75 66
0x00007fff8649b4cd:   49 bb f8 ff ff ff ff 7f 00 00 4c 23 1f 49 89 f2
0x00007fff8649b4dd:   45 23 53 18 49 c1 e2 04 4d 03 53 10 49 3b 32 75
0x00007fff8649b4ed:   04 41 ff 62 08 49 83 3a 01 76 0d 49 83 c2 10 49 

Register to memory mapping:

RAX=0x00007f95b5a675d0 is an unknown value
RBX=0x000000017a912450: Java_jogamp_nativewindow_macosx_OSXUtil_GetScreenRefreshRate0+0x1cf0 in /private/var/folders/tg/tblkpz2s01q491tnsk9818kh0000gn/T/jogamp_0000/file_cache/jln8627393593143482086/jln4832779995399483446/libnativewindow_macosx.jnilib at 0x000000017a90b000
RCX=0x0000000124c36be0 is an unknown value
RDX=0x0000000124c36b60 is an unknown value
RSP=0x00007fff5518d3f8 is pointing into the stack for thread: 0x00007f95b20e9000
RBP=0x00007fff5518d4b0 is pointing into the stack for thread: 0x00007f95b20e9000
RSI=0x00007fff9796fcbe is an unknown value
RDI=0x00007f95b37af550 is an unknown value
R8 =0x0000000000000000 is an unknown value
R9 =0x00000000000008b0 is an unknown value
R10=0x00007fff9796fcbe is an unknown value
R11=0x0000000000000000 is an unknown value
R12=0x0000000000000000 is an unknown value
R13={method} {0x000000017f468608} 'UnsetJAWTRootSurfaceLayer0' '(JJ)V' in 'jogamp/nativewindow/jawt/macosx/MacOSXJAWTWindow'
R14=0x000000017a912440: Java_jogamp_nativewindow_macosx_OSXUtil_GetScreenRefreshRate0+0x1ce0 in /private/var/folders/tg/tblkpz2s01q491tnsk9818kh0000gn/T/jogamp_0000/file_cache/jln8627393593143482086/jln4832779995399483446/libnativewindow_macosx.jnilib at 0x000000017a90b000
R15=0x00007f95b20e9000 is a thread


Stack: [0x00007fff54992000,0x00007fff55192000],  sp=0x00007fff5518d3f8,  free space=8172k
Native frames: (J=compiled Java code, j=interpreted, Vv=VM code, C=native code)
C  [libobjc.A.dylib+0x14dd]  objc_msgSend+0x1d
j  jogamp.nativewindow.jawt.macosx.MacOSXJAWTWindow.UnsetJAWTRootSurfaceLayer0(JJ)V+0
j  jogamp.nativewindow.jawt.macosx.MacOSXJAWTWindow.access$200(JJ)V+2
j  jogamp.nativewindow.jawt.macosx.MacOSXJAWTWindow$1.run()V+38
j  com.jogamp.common.util.RunnableTask.run()V+24
v  ~StubRoutines::call_stub
V  [libjvm.dylib+0x2ecf8a]
V  [libjvm.dylib+0x324119]
V  [libjvm.dylib+0x3168e7]
C  [libnativewindow_macosx.jnilib+0x5326]  Java_jogamp_nativewindow_jawt_macosx_MacOSXJAWTWindow_UnsetJAWTRootSurfaceLayer0+0x2b6
C  [Foundation+0x76fde]  __NSThreadPerformPerform+0x117
C  [CoreFoundation+0xaa881]  __CFRUNLOOP_IS_CALLING_OUT_TO_A_SOURCE0_PERFORM_FUNCTION__+0x11
C  [CoreFoundation+0x89f37]  __CFRunLoopDoSources0+0x1a7
C  [CoreFoundation+0x894df]  __CFRunLoopRun+0x39f
C  [CoreFoundation+0x88ed8]  CFRunLoopRunSpecific+0x128
C  [HIToolbox+0x30935]  RunCurrentEventLoopInMode+0xeb
C  [HIToolbox+0x30677]  ReceiveNextEventCommon+0xb8
C  [HIToolbox+0x305af]  _BlockUntilNextEventMatchingListInModeWithFilter+0x47
C  [AppKit+0x48df6]  _DPSNextEvent+0x42b
C  [AppKit+0x48226]  -[NSApplication _nextEventMatchingEventMask:untilDate:inMode:dequeue:]+0x1c6
C  [libosxapp.dylib+0x23aa]  -[NSApplicationAWT nextEventMatchingMask:untilDate:inMode:dequeue:]+0x7c
C  [AppKit+0x3cd80]  -[NSApplication run]+0x2aa
C  [libosxapp.dylib+0x214d]  +[NSApplicationAWT runAWTLoopWithApp:]+0x9c
C  [libawt_lwawt.dylib+0x444b3]  -[AWTStarter starter:]+0x389
C  [Foundation+0x76fde]  __NSThreadPerformPerform+0x117
C  [CoreFoundation+0xaa881]  __CFRUNLOOP_IS_CALLING_OUT_TO_A_SOURCE0_PERFORM_FUNCTION__+0x11
C  [CoreFoundation+0x89fbc]  __CFRunLoopDoSources0+0x22c
C  [CoreFoundation+0x894df]  __CFRunLoopRun+0x39f
C  [CoreFoundation+0x88ed8]  CFRunLoopRunSpecific+0x128
C  [java+0x6465]  CreateExecutionEnvironment+0x367
C  [java+0x218c]  JLI_Launch+0x7a0
C  [java+0x84c2]  main+0x65
C  [java+0x19e4]  start+0x34
C  0x0000000000000007

Java frames: (J=compiled Java code, j=interpreted, Vv=VM code)
j  jogamp.nativewindow.jawt.macosx.MacOSXJAWTWindow.UnsetJAWTRootSurfaceLayer0(JJ)V+0
j  jogamp.nativewindow.jawt.macosx.MacOSXJAWTWindow.access$200(JJ)V+2
j  jogamp.nativewindow.jawt.macosx.MacOSXJAWTWindow$1.run()V+38
j  com.jogamp.common.util.RunnableTask.run()V+24
v  ~StubRoutines::call_stub

---------------  P R O C E S S  ---------------

Java Threads: ( => current thread )
  0x00007f95b1de9000 JavaThread "Thread-48" [_thread_blocked, id=33547, stack(0x00007000010cd000,0x00007000011cd000)]
  0x00007f95b1d1c000 JavaThread "AWT-EventQueue-1" [_thread_in_native, id=59187, stack(0x00007000018eb000,0x00007000019eb000)]
  0x00007f95b28ad000 JavaThread "DestroyJavaVM" [_thread_blocked, id=5891, stack(0x000070000011a000,0x000070000021a000)]
  0x00007f95b2193800 JavaThread "AWT-EventQueue-0" [_thread_blocked, id=56579, stack(0x00007000016e5000,0x00007000017e5000)]
  0x00007f95b118c000 JavaThread "Java2D Disposer" daemon [_thread_blocked, id=53251, stack(0x000070000145c000,0x000070000155c000)]
  0x00007f95b28bf000 JavaThread "Java2D Queue Flusher" daemon [_thread_blocked, id=50183, stack(0x0000700001359000,0x0000700001459000)]
  0x00007f95b19c6800 JavaThread "AWT-Shutdown" [_thread_blocked, id=26387, stack(0x00007000011d3000,0x00007000012d3000)]
=>0x00007f95b20e9000 JavaThread "AWT-AppKit" daemon [_thread_in_native, id=2571, stack(0x00007fff54992000,0x00007fff55192000)]
  0x00007f95b184f800 JavaThread "Service Thread" daemon [_thread_blocked, id=18691, stack(0x0000700000e44000,0x0000700000f44000)]
  0x00007f95b184e800 JavaThread "C1 CompilerThread2" daemon [_thread_blocked, id=18179, stack(0x0000700000d41000,0x0000700000e41000)]
  0x00007f95b2008000 JavaThread "C2 CompilerThread1" daemon [_thread_blocked, id=17667, stack(0x0000700000c3e000,0x0000700000d3e000)]
  0x00007f95b2006000 JavaThread "C2 CompilerThread0" daemon [_thread_in_native, id=17155, stack(0x0000700000b3b000,0x0000700000c3b000)]
  0x00007f95b2005800 JavaThread "Signal Dispatcher" daemon [_thread_blocked, id=13839, stack(0x0000700000a38000,0x0000700000b38000)]
  0x00007f95b184c800 JavaThread "Finalizer" daemon [_thread_blocked, id=12291, stack(0x000070000082f000,0x000070000092f000)]
  0x00007f95b1849800 JavaThread "Reference Handler" daemon [_thread_blocked, id=11779, stack(0x000070000072c000,0x000070000082c000)]

Other Threads:
  0x00007f95b2005000 VMThread [stack: 0x0000700000629000,0x0000700000729000] [id=11267]
  0x00007f95b185e800 WatcherThread [stack: 0x0000700000f47000,0x0000700001047000] [id=19203]

VM state:not at safepoint (normal execution)

VM Mutex/Monitor currently owned by a thread: None

Heap:
 PSYoungGen      total 24576K, used 1754K [0x0000000795580000, 0x0000000796f00000, 0x00000007c0000000)
  eden space 24064K, 6% used [0x0000000795580000,0x0000000795716b98,0x0000000796d00000)
  from space 512K, 25% used [0x0000000796e00000,0x0000000796e20000,0x0000000796e80000)
  to   space 512K, 0% used [0x0000000796e80000,0x0000000796e80000,0x0000000796f00000)
 ParOldGen       total 87552K, used 24000K [0x0000000740000000, 0x0000000745580000, 0x0000000795580000)
  object space 87552K, 27% used [0x0000000740000000,0x00000007417702f8,0x0000000745580000)
 Metaspace       used 19239K, capacity 19439K, committed 19712K, reserved 1067008K
  class space    used 1876K, capacity 1952K, committed 2048K, reserved 1048576K

Card table byte_map: [0x000000011b961000,0x000000011bd62000] byte_map_base: 0x0000000117f61000

Marking Bits: (ParMarkBitMap*) 0x000000010beefd20
 Begin Bits: [0x000000011c00d000, 0x000000011e00d000)
 End Bits:   [0x000000011e00d000, 0x000000012000d000)

Polling page: 0x000000010ad31000

CodeCache: size=245760Kb used=7058Kb max_used=8347Kb free=238701Kb
 bounds [0x000000010c5a1000, 0x000000010cde1000, 0x000000011b5a1000]
 total_blobs=2870 nmethods=1996 adapters=787
 compilation: enabled

Compilation events (10 events):
Event: 17860.247 Thread 0x00007f95b184e800 2405   !   3       sun.lwawt.LWComponentPeer::isShowing (49 bytes)
Event: 17860.248 Thread 0x00007f95b2008000 nmethod 2404 0x000000010cca6410 code [0x000000010cca6560, 0x000000010cca6618]
Event: 17860.248 Thread 0x00007f95b184e800 nmethod 2405 0x000000010ca33550 code [0x000000010ca33700, 0x000000010ca34008]
Event: 17860.272 Thread 0x00007f95b184e800 2406       3       sun.misc.JarIndex::get (49 bytes)
Event: 17860.273 Thread 0x00007f95b184e800 nmethod 2406 0x000000010ca37610 code [0x000000010ca377e0, 0x000000010ca38058]
Event: 17860.275 Thread 0x00007f95b184e800 2407   !   3       java.awt.AWTEvent::dispatched (47 bytes)
Event: 17860.276 Thread 0x00007f95b2006000 2408   !   4       java.awt.event.InvocationEvent::dispatch (69 bytes)
Event: 17860.276 Thread 0x00007f95b184e800 nmethod 2407 0x000000010c755590 code [0x000000010c755780, 0x000000010c7561b8]
Event: 17860.276 Thread 0x00007f95b184e800 2409       3       java.awt.Component::isEnabled (5 bytes)
Event: 17860.276 Thread 0x00007f95b184e800 nmethod 2409 0x000000010cb64350 code [0x000000010cb644c0, 0x000000010cb646b0]

GC Heap History (10 events):
Event: 17845.388 GC heap before
{Heap before GC invocations=4753 (full 0):
 PSYoungGen      total 24576K, used 24160K [0x0000000795580000, 0x0000000796f00000, 0x00000007c0000000)
  eden space 24064K, 100% used [0x0000000795580000,0x0000000796d00000,0x0000000796d00000)
  from space 512K, 18% used [0x0000000796e80000,0x0000000796e98000,0x0000000796f00000)
  to   space 512K, 0% used [0x0000000796e00000,0x0000000796e00000,0x0000000796e80000)
 ParOldGen       total 87552K, used 24000K [0x0000000740000000, 0x0000000745580000, 0x0000000795580000)
  object space 87552K, 27% used [0x0000000740000000,0x00000007417702f8,0x0000000745580000)
 Metaspace       used 19171K, capacity 19343K, committed 19584K, reserved 1067008K
  class space    used 1868K, capacity 1920K, committed 1920K, reserved 1048576K
Event: 17845.389 GC heap after
Heap after GC invocations=4753 (full 0):
 PSYoungGen      total 24576K, used 64K [0x0000000795580000, 0x0000000796f00000, 0x00000007c0000000)
  eden space 24064K, 0% used [0x0000000795580000,0x0000000795580000,0x0000000796d00000)
  from space 512K, 12% used [0x0000000796e00000,0x0000000796e10000,0x0000000796e80000)
  to   space 512K, 0% used [0x0000000796e80000,0x0000000796e80000,0x0000000796f00000)
 ParOldGen       total 87552K, used 24000K [0x0000000740000000, 0x0000000745580000, 0x0000000795580000)
  object space 87552K, 27% used [0x0000000740000000,0x00000007417702f8,0x0000000745580000)
 Metaspace       used 19171K, capacity 19343K, committed 19584K, reserved 1067008K
  class space    used 1868K, capacity 1920K, committed 1920K, reserved 1048576K
}
Event: 17849.106 GC heap before
{Heap before GC invocations=4754 (full 0):
 PSYoungGen      total 24576K, used 24128K [0x0000000795580000, 0x0000000796f00000, 0x00000007c0000000)
  eden space 24064K, 100% used [0x0000000795580000,0x0000000796d00000,0x0000000796d00000)
  from space 512K, 12% used [0x0000000796e00000,0x0000000796e10000,0x0000000796e80000)
  to   space 512K, 0% used [0x0000000796e80000,0x0000000796e80000,0x0000000796f00000)
 ParOldGen       total 87552K, used 24000K [0x0000000740000000, 0x0000000745580000, 0x0000000795580000)
  object space 87552K, 27% used [0x0000000740000000,0x00000007417702f8,0x0000000745580000)
 Metaspace       used 19171K, capacity 19343K, committed 19584K, reserved 1067008K
  class space    used 1868K, capacity 1920K, committed 1920K, reserved 1048576K
Event: 17849.108 GC heap after
Heap after GC invocations=4754 (full 0):
 PSYoungGen      total 24576K, used 96K [0x0000000795580000, 0x0000000796f00000, 0x00000007c0000000)
  eden space 24064K, 0% used [0x0000000795580000,0x0000000795580000,0x0000000796d00000)
  from space 512K, 18% used [0x0000000796e80000,0x0000000796e98000,0x0000000796f00000)
  to   space 512K, 0% used [0x0000000796e00000,0x0000000796e00000,0x0000000796e80000)
 ParOldGen       total 87552K, used 24000K [0x0000000740000000, 0x0000000745580000, 0x0000000795580000)
  object space 87552K, 27% used [0x0000000740000000,0x00000007417702f8,0x0000000745580000)
 Metaspace       used 19171K, capacity 19343K, committed 19584K, reserved 1067008K
  class space    used 1868K, capacity 1920K, committed 1920K, reserved 1048576K
}
Event: 17852.823 GC heap before
{Heap before GC invocations=4755 (full 0):
 PSYoungGen      total 24576K, used 24160K [0x0000000795580000, 0x0000000796f00000, 0x00000007c0000000)
  eden space 24064K, 100% used [0x0000000795580000,0x0000000796d00000,0x0000000796d00000)
  from space 512K, 18% used [0x0000000796e80000,0x0000000796e98000,0x0000000796f00000)
  to   space 512K, 0% used [0x0000000796e00000,0x0000000796e00000,0x0000000796e80000)
 ParOldGen       total 87552K, used 24000K [0x0000000740000000, 0x0000000745580000, 0x0000000795580000)
  object space 87552K, 27% used [0x0000000740000000,0x00000007417702f8,0x0000000745580000)
 Metaspace       used 19171K, capacity 19343K, committed 19584K, reserved 1067008K
  class space    used 1868K, capacity 1920K, committed 1920K, reserved 1048576K
Event: 17852.824 GC heap after
Heap after GC invocations=4755 (full 0):
 PSYoungGen      total 24576K, used 64K [0x0000000795580000, 0x0000000796f00000, 0x00000007c0000000)
  eden space 24064K, 0% used [0x0000000795580000,0x0000000795580000,0x0000000796d00000)
  from space 512K, 12% used [0x0000000796e00000,0x0000000796e10000,0x0000000796e80000)
  to   space 512K, 0% used [0x0000000796e80000,0x0000000796e80000,0x0000000796f00000)
 ParOldGen       total 87552K, used 24000K [0x0000000740000000, 0x0000000745580000, 0x0000000795580000)
  object space 87552K, 27% used [0x0000000740000000,0x00000007417702f8,0x0000000745580000)
 Metaspace       used 19171K, capacity 19343K, committed 19584K, reserved 1067008K
  class space    used 1868K, capacity 1920K, committed 1920K, reserved 1048576K
}
Event: 17856.543 GC heap before
{Heap before GC invocations=4756 (full 0):
 PSYoungGen      total 24576K, used 24128K [0x0000000795580000, 0x0000000796f00000, 0x00000007c0000000)
  eden space 24064K, 100% used [0x0000000795580000,0x0000000796d00000,0x0000000796d00000)
  from space 512K, 12% used [0x0000000796e00000,0x0000000796e10000,0x0000000796e80000)
  to   space 512K, 0% used [0x0000000796e80000,0x0000000796e80000,0x0000000796f00000)
 ParOldGen       total 87552K, used 24000K [0x0000000740000000, 0x0000000745580000, 0x0000000795580000)
  object space 87552K, 27% used [0x0000000740000000,0x00000007417702f8,0x0000000745580000)
 Metaspace       used 19171K, capacity 19343K, committed 19584K, reserved 1067008K
  class space    used 1868K, capacity 1920K, committed 1920K, reserved 1048576K
Event: 17856.544 GC heap after
Heap after GC invocations=4756 (full 0):
 PSYoungGen      total 24576K, used 64K [0x0000000795580000, 0x0000000796f00000, 0x00000007c0000000)
  eden space 24064K, 0% used [0x0000000795580000,0x0000000795580000,0x0000000796d00000)
  from space 512K, 12% used [0x0000000796e80000,0x0000000796e90000,0x0000000796f00000)
  to   space 512K, 0% used [0x0000000796e00000,0x0000000796e00000,0x0000000796e80000)
 ParOldGen       total 87552K, used 24000K [0x0000000740000000, 0x0000000745580000, 0x0000000795580000)
  object space 87552K, 27% used [0x0000000740000000,0x00000007417702f8,0x0000000745580000)
 Metaspace       used 19171K, capacity 19343K, committed 19584K, reserved 1067008K
  class space    used 1868K, capacity 1920K, committed 1920K, reserved 1048576K
}
Event: 17860.196 GC heap before
{Heap before GC invocations=4757 (full 0):
 PSYoungGen      total 24576K, used 24128K [0x0000000795580000, 0x0000000796f00000, 0x00000007c0000000)
  eden space 24064K, 100% used [0x0000000795580000,0x0000000796d00000,0x0000000796d00000)
  from space 512K, 12% used [0x0000000796e80000,0x0000000796e90000,0x0000000796f00000)
  to   space 512K, 0% used [0x0000000796e00000,0x0000000796e00000,0x0000000796e80000)
 ParOldGen       total 87552K, used 24000K [0x0000000740000000, 0x0000000745580000, 0x0000000795580000)
  object space 87552K, 27% used [0x0000000740000000,0x00000007417702f8,0x0000000745580000)
 Metaspace       used 19212K, capacity 19439K, committed 19712K, reserved 1067008K
  class space    used 1870K, capacity 1952K, committed 2048K, reserved 1048576K
Event: 17860.198 GC heap after
Heap after GC invocations=4757 (full 0):
 PSYoungGen      total 24576K, used 128K [0x0000000795580000, 0x0000000796f00000, 0x00000007c0000000)
  eden space 24064K, 0% used [0x0000000795580000,0x0000000795580000,0x0000000796d00000)
  from space 512K, 25% used [0x0000000796e00000,0x0000000796e20000,0x0000000796e80000)
  to   space 512K, 0% used [0x0000000796e80000,0x0000000796e80000,0x0000000796f00000)
 ParOldGen       total 87552K, used 24000K [0x0000000740000000, 0x0000000745580000, 0x0000000795580000)
  object space 87552K, 27% used [0x0000000740000000,0x00000007417702f8,0x0000000745580000)
 Metaspace       used 19212K, capacity 19439K, committed 19712K, reserved 1067008K
  class space    used 1870K, capacity 1952K, committed 2048K, reserved 1048576K
}

Deoptimization events (10 events):
Event: 17860.246 Thread 0x00007f95b1d1c000 Uncommon trap: reason=class_check action=maybe_recompile pc=0x000000010cdbd13c method=java.awt.event.InvocationEvent.dispatch()V @ 11
Event: 17860.246 Thread 0x00007f95b1d1c000 Uncommon trap: reason=unstable_if action=reinterpret pc=0x000000010c756f10 method=java.awt.EventQueue.isDispatchThreadImpl()Z @ 65
Event: 17860.258 Thread 0x00007f95b20e9000 Uncommon trap: reason=class_check action=maybe_recompile pc=0x000000010c6bacc0 method=com.jogamp.common.util.RunnableTask.run()V @ 24
Event: 17860.259 Thread 0x00007f95b20e9000 Uncommon trap: reason=unstable_if action=reinterpret pc=0x000000010c6cccbc method=jogamp.nativewindow.macosx.OSXUtil.RunOnMainThread(ZZLjava/lang/Runnable;)V @ 3
Event: 17860.269 Thread 0x00007f95b1d1c000 Uncommon trap: reason=unstable_if action=reinterpret pc=0x000000010cdd32d8 method=jogamp.opengl.GLContextImpl.release(Z)V @ 161
Event: 17860.273 Thread 0x00007f95b1d1c000 Uncommon trap: reason=unstable_if action=reinterpret pc=0x000000010cd60518 method=java.util.LinkedList$ListItr.<init>(Ljava/util/LinkedList;I)V @ 26
Event: 17860.274 Thread 0x00007f95b1d1c000 Uncommon trap: reason=unstable_if action=reinterpret pc=0x000000010cc8d7ec method=java.security.AccessControlContext.optimize()Ljava/security/AccessControlContext; @ 233
Event: 17860.275 Thread 0x00007f95b2193800 Uncommon trap: reason=class_check action=maybe_recompile pc=0x000000010cdc55f0 method=java.awt.Component.getGraphics()Ljava/awt/Graphics; @ 114
Event: 17860.276 Thread 0x00007f95b1d1c000 Uncommon trap: reason=class_check action=maybe_recompile pc=0x000000010cdbd13c method=java.awt.event.InvocationEvent.dispatch()V @ 11
Event: 17860.280 Thread 0x00007f95b20e9000 Uncommon trap: reason=class_check action=maybe_recompile pc=0x000000010c6bacc0 method=com.jogamp.common.util.RunnableTask.run()V @ 24

Internal exceptions (10 events):
Event: 0.136 Thread 0x00007f95b1005000 Exception <a 'java/lang/NoSuchFieldError': method resolution failed> (0x0000000795786628) thrown at [/Users/java_re/workspace/8-2-build-macosx-x86_64/jdk8u111/7883/hotspot/src/share/vm/prims/methodHandles.cpp, line 1146]
Event: 0.137 Thread 0x00007f95b1005000 Exception <a 'java/lang/NoSuchFieldError': method resolution failed> (0x0000000795793df8) thrown at [/Users/java_re/workspace/8-2-build-macosx-x86_64/jdk8u111/7883/hotspot/src/share/vm/prims/methodHandles.cpp, line 1146]
Event: 0.287 Thread 0x00007f95b1005000 Exception <a 'java/io/FileNotFoundException'> (0x000000079580f530) thrown at [/Users/java_re/workspace/8-2-build-macosx-x86_64/jdk8u111/7883/hotspot/src/share/vm/prims/jni.cpp, line 709]
Event: 0.287 Thread 0x00007f95b1005000 Exception <a 'java/io/FileNotFoundException'> (0x00000007958100d8) thrown at [/Users/java_re/workspace/8-2-build-macosx-x86_64/jdk8u111/7883/hotspot/src/share/vm/prims/jni.cpp, line 709]
Event: 0.401 Thread 0x00007f95b1005000 Exception <a 'java/io/FileNotFoundException'> (0x000000079594c4e8) thrown at [/Users/java_re/workspace/8-2-build-macosx-x86_64/jdk8u111/7883/hotspot/src/share/vm/prims/jni.cpp, line 709]
Event: 1.546 Thread 0x00007f95b22df800 Exception <a 'java/lang/UnsatisfiedLinkError': com.jogamp.common.util.JarUtil.fixNativeLibAttribs(Ljava/lang/String;)Z> (0x0000000796b42680) thrown at [/Users/java_re/workspace/8-2-build-macosx-x86_64/jdk8u111/7883/hotspot/src/share/vm/prims/nativeLookup.
Event: 1.837 Thread 0x00007f95b184c800 Exception <a 'java/lang/NullPointerException'> (0x00000007956a6468) thrown at [/Users/java_re/workspace/8-2-build-macosx-x86_64/jdk8u111/7883/hotspot/src/share/vm/interpreter/linkResolver.cpp, line 1178]
Event: 2.331 Thread 0x00007f95b1d1c000 Exception <a 'java/io/FileNotFoundException'> (0x0000000795e6a428) thrown at [/Users/java_re/workspace/8-2-build-macosx-x86_64/jdk8u111/7883/hotspot/src/share/vm/prims/jni.cpp, line 709]
Event: 2.331 Thread 0x00007f95b1d1c000 Exception <a 'java/io/FileNotFoundException'> (0x0000000795e70a38) thrown at [/Users/java_re/workspace/8-2-build-macosx-x86_64/jdk8u111/7883/hotspot/src/share/vm/prims/jni.cpp, line 709]
Event: 2.331 Thread 0x00007f95b1d1c000 Implicit null exception at 0x000000010c746176 to 0x000000010c746541

Events (10 events):
Event: 17860.275 Thread 0x00007f95b2193800 DEOPT PACKING pc=0x000000010cdc55f0 sp=0x00007000017e2c40
Event: 17860.275 Thread 0x00007f95b2193800 DEOPT UNPACKING pc=0x000000010c5a6229 sp=0x00007000017e2c50 mode 2
Event: 17860.276 loading class java/awt/Window$1DisposeAction
Event: 17860.276 loading class java/awt/Window$1DisposeAction done
Event: 17860.276 Thread 0x00007f95b1d1c000 Uncommon trap: trap_request=0xffffffde fr.pc=0x000000010cdbd13c
Event: 17860.276 Thread 0x00007f95b1d1c000 DEOPT PACKING pc=0x000000010cdbd13c sp=0x00007000019e8f70
Event: 17860.276 Thread 0x00007f95b1d1c000 DEOPT UNPACKING pc=0x000000010c5a6229 sp=0x00007000019e8df8 mode 2
Event: 17860.280 Thread 0x00007f95b20e9000 Uncommon trap: trap_request=0xffffffde fr.pc=0x000000010c6bacc0
Event: 17860.280 Thread 0x00007f95b20e9000 DEOPT PACKING pc=0x000000010c6bacc0 sp=0x00007fff5518d670
Event: 17860.280 Thread 0x00007f95b20e9000 DEOPT UNPACKING pc=0x000000010c5a6229 sp=0x00007fff5518d618 mode 2


Dynamic libraries:
0x0000000005abc000 	/System/Library/Frameworks/Cocoa.framework/Versions/A/Cocoa
0x0000000005abc000 	/System/Library/Frameworks/Security.framework/Versions/A/Security
0x0000000005abc000 	/System/Library/Frameworks/ApplicationServices.framework/Versions/A/ApplicationServices
0x0000000005abc000 	/usr/lib/libz.1.dylib
0x0000000005abc000 	/usr/lib/libSystem.B.dylib
0x0000000005abc000 	/usr/lib/libobjc.A.dylib
0x0000000005abc000 	/System/Library/Frameworks/CoreFoundation.framework/Versions/A/CoreFoundation
0x0000000005abc000 	/System/Library/Frameworks/Foundation.framework/Versions/C/Foundation
0x0000000005abc000 	/System/Library/Frameworks/AppKit.framework/Versions/C/AppKit
0x0000000005abc000 	/System/Library/Frameworks/CoreData.framework/Versions/A/CoreData
0x0000000005abc000 	/System/Library/PrivateFrameworks/RemoteViewServices.framework/Versions/A/RemoteViewServices
0x0000000005abc000 	/System/Library/PrivateFrameworks/UIFoundation.framework/Versions/A/UIFoundation
0x0000000005abc000 	/usr/lib/libScreenReader.dylib
0x0000000005abc000 	/System/Library/Frameworks/Accelerate.framework/Versions/A/Accelerate
0x0000000005abc000 	/System/Library/Frameworks/IOSurface.framework/Versions/A/IOSurface
0x0000000005abc000 	/System/Library/Frameworks/AudioToolbox.framework/Versions/A/AudioToolbox
0x0000000005abc000 	/System/Library/Frameworks/AudioUnit.framework/Versions/A/AudioUnit
0x0000000005abc000 	/System/Library/PrivateFrameworks/DataDetectorsCore.framework/Versions/A/DataDetectorsCore
0x0000000005abc000 	/System/Library/PrivateFrameworks/DesktopServicesPriv.framework/Versions/A/DesktopServicesPriv
0x0000000005abc000 	/System/Library/Frameworks/Carbon.framework/Versions/A/Frameworks/HIToolbox.framework/Versions/A/HIToolbox
0x0000000005abc000 	/System/Library/Frameworks/QuartzCore.framework/Versions/A/QuartzCore
0x0000000005abc000 	/System/Library/Frameworks/Carbon.framework/Versions/A/Frameworks/SpeechRecognition.framework/Versions/A/SpeechRecognition
0x0000000005abc000 	/usr/lib/libauto.dylib
0x0000000005abc000 	/usr/lib/libicucore.A.dylib
0x0000000005abc000 	/usr/lib/libxml2.2.dylib
0x0000000005abc000 	/System/Library/PrivateFrameworks/CoreUI.framework/Versions/A/CoreUI
0x0000000005abc000 	/System/Library/Frameworks/CoreAudio.framework/Versions/A/CoreAudio
0x0000000005abc000 	/System/Library/Frameworks/DiskArbitration.framework/Versions/A/DiskArbitration
0x0000000005abc000 	/usr/lib/liblangid.dylib
0x0000000005abc000 	/System/Library/PrivateFrameworks/MultitouchSupport.framework/Versions/A/MultitouchSupport
0x0000000005abc000 	/System/Library/Frameworks/IOKit.framework/Versions/A/IOKit
0x0000000005abc000 	/usr/lib/libDiagnosticMessagesClient.dylib
0x0000000005abc000 	/System/Library/Frameworks/CoreServices.framework/Versions/A/CoreServices
0x0000000005abc000 	/System/Library/PrivateFrameworks/PerformanceAnalysis.framework/Versions/A/PerformanceAnalysis
0x0000000005abc000 	/System/Library/PrivateFrameworks/GenerationalStorage.framework/Versions/A/GenerationalStorage
0x0000000005abc000 	/System/Library/Frameworks/OpenGL.framework/Versions/A/OpenGL
0x0000000005abc000 	/System/Library/PrivateFrameworks/Sharing.framework/Versions/A/Sharing
0x0000000005abc000 	/System/Library/Frameworks/CoreGraphics.framework/Versions/A/CoreGraphics
0x0000000005abc000 	/System/Library/Frameworks/CoreImage.framework/Versions/A/CoreImage
0x0000000005abc000 	/System/Library/Frameworks/CoreText.framework/Versions/A/CoreText
0x0000000005abc000 	/System/Library/Frameworks/ImageIO.framework/Versions/A/ImageIO
0x0000000005abc000 	/System/Library/PrivateFrameworks/Backup.framework/Versions/A/Backup
0x0000000005abc000 	/usr/lib/libextension.dylib
0x0000000005abc000 	/usr/lib/libarchive.2.dylib
0x0000000005abc000 	/System/Library/Frameworks/CFNetwork.framework/Versions/A/CFNetwork
0x0000000005abc000 	/System/Library/Frameworks/SystemConfiguration.framework/Versions/A/SystemConfiguration
0x0000000005abc000 	/usr/lib/libCRFSuite.dylib
0x0000000005abc000 	/usr/lib/libc++.1.dylib
0x0000000005abc000 	/usr/lib/libc++abi.dylib
0x0000000005abc000 	/usr/lib/system/libcache.dylib
0x0000000005abc000 	/usr/lib/system/libcommonCrypto.dylib
0x0000000005abc000 	/usr/lib/system/libcompiler_rt.dylib
0x0000000005abc000 	/usr/lib/system/libcopyfile.dylib
0x0000000005abc000 	/usr/lib/system/libcorecrypto.dylib
0x0000000005abc000 	/usr/lib/system/libdispatch.dylib
0x0000000005abc000 	/usr/lib/system/libdyld.dylib
0x0000000005abc000 	/usr/lib/system/libkeymgr.dylib
0x0000000005abc000 	/usr/lib/system/liblaunch.dylib
0x0000000005abc000 	/usr/lib/system/libmacho.dylib
0x0000000005abc000 	/usr/lib/system/libquarantine.dylib
0x0000000005abc000 	/usr/lib/system/libremovefile.dylib
0x0000000005abc000 	/usr/lib/system/libsystem_asl.dylib
0x0000000005abc000 	/usr/lib/system/libsystem_blocks.dylib
0x0000000005abc000 	/usr/lib/system/libsystem_c.dylib
0x0000000005abc000 	/usr/lib/system/libsystem_configuration.dylib
0x0000000005abc000 	/usr/lib/system/libsystem_coreservices.dylib
0x0000000005abc000 	/usr/lib/system/libsystem_coretls.dylib
0x0000000005abc000 	/usr/lib/system/libsystem_dnssd.dylib
0x0000000005abc000 	/usr/lib/system/libsystem_info.dylib
0x0000000005abc000 	/usr/lib/system/libsystem_kernel.dylib
0x0000000005abc000 	/usr/lib/system/libsystem_m.dylib
0x0000000005abc000 	/usr/lib/system/libsystem_malloc.dylib
0x0000000005abc000 	/usr/lib/system/libsystem_network.dylib
0x0000000005abc000 	/usr/lib/system/libsystem_networkextension.dylib
0x0000000005abc000 	/usr/lib/system/libsystem_notify.dylib
0x0000000005abc000 	/usr/lib/system/libsystem_platform.dylib
0x0000000005abc000 	/usr/lib/system/libsystem_pthread.dylib
0x0000000005abc000 	/usr/lib/system/libsystem_sandbox.dylib
0x0000000005abc000 	/usr/lib/system/libsystem_secinit.dylib
0x0000000005abc000 	/usr/lib/system/libsystem_trace.dylib
0x0000000005abc000 	/usr/lib/system/libunc.dylib
0x0000000005abc000 	/usr/lib/system/libunwind.dylib
0x0000000005abc000 	/usr/lib/system/libxpc.dylib
0x0000000005abc000 	/usr/lib/libenergytrace.dylib
0x0000000005abc000 	/usr/lib/libbsm.0.dylib
0x0000000005abc000 	/usr/lib/system/libkxld.dylib
0x0000000005abc000 	/usr/lib/libxar.1.dylib
0x0000000005abc000 	/usr/lib/libsqlite3.dylib
0x0000000005abc000 	/usr/lib/libpam.2.dylib
0x0000000005abc000 	/usr/lib/libOpenScriptingUtil.dylib
0x0000000005abc000 	/usr/lib/libbz2.1.0.dylib
0x0000000005abc000 	/usr/lib/liblzma.5.dylib
0x0000000005abc000 	/System/Library/Frameworks/CoreServices.framework/Versions/A/Frameworks/FSEvents.framework/Versions/A/FSEvents
0x0000000005abc000 	/System/Library/Frameworks/CoreServices.framework/Versions/A/Frameworks/CarbonCore.framework/Versions/A/CarbonCore
0x0000000005abc000 	/System/Library/Frameworks/CoreServices.framework/Versions/A/Frameworks/Metadata.framework/Versions/A/Metadata
0x0000000005abc000 	/System/Library/Frameworks/CoreServices.framework/Versions/A/Frameworks/OSServices.framework/Versions/A/OSServices
0x0000000005abc000 	/System/Library/Frameworks/CoreServices.framework/Versions/A/Frameworks/SearchKit.framework/Versions/A/SearchKit
0x0000000005abc000 	/System/Library/Frameworks/CoreServices.framework/Versions/A/Frameworks/AE.framework/Versions/A/AE
0x0000000005abc000 	/System/Library/Frameworks/CoreServices.framework/Versions/A/Frameworks/LaunchServices.framework/Versions/A/LaunchServices
0x0000000005abc000 	/System/Library/Frameworks/CoreServices.framework/Versions/A/Frameworks/DictionaryServices.framework/Versions/A/DictionaryServices
0x0000000005abc000 	/System/Library/Frameworks/CoreServices.framework/Versions/A/Frameworks/SharedFileList.framework/Versions/A/SharedFileList
0x0000000005abc000 	/System/Library/Frameworks/NetFS.framework/Versions/A/NetFS
0x0000000005abc000 	/System/Library/PrivateFrameworks/NetAuth.framework/Versions/A/NetAuth
0x0000000005abc000 	/System/Library/PrivateFrameworks/login.framework/Versions/A/Frameworks/loginsupport.framework/Versions/A/loginsupport
0x0000000005abc000 	/System/Library/PrivateFrameworks/TCC.framework/Versions/A/TCC
0x0000000005abc000 	/usr/lib/libmecabra.dylib
0x0000000005abc000 	/System/Library/Frameworks/ApplicationServices.framework/Versions/A/Frameworks/ATS.framework/Versions/A/ATS
0x0000000005abc000 	/System/Library/Frameworks/ApplicationServices.framework/Versions/A/Frameworks/ColorSync.framework/Versions/A/ColorSync
0x0000000005abc000 	/System/Library/Frameworks/ApplicationServices.framework/Versions/A/Frameworks/HIServices.framework/Versions/A/HIServices
0x0000000005abc000 	/System/Library/Frameworks/ApplicationServices.framework/Versions/A/Frameworks/LangAnalysis.framework/Versions/A/LangAnalysis
0x0000000005abc000 	/System/Library/Frameworks/ApplicationServices.framework/Versions/A/Frameworks/PrintCore.framework/Versions/A/PrintCore
0x0000000005abc000 	/System/Library/Frameworks/ApplicationServices.framework/Versions/A/Frameworks/QD.framework/Versions/A/QD
0x0000000005abc000 	/System/Library/Frameworks/ApplicationServices.framework/Versions/A/Frameworks/SpeechSynthesis.framework/Versions/A/SpeechSynthesis
0x0000000005abc000 	/System/Library/Frameworks/Metal.framework/Versions/A/Metal
0x0000000005abc000 	/System/Library/Frameworks/Accelerate.framework/Versions/A/Frameworks/vImage.framework/Versions/A/vImage
0x0000000005abc000 	/System/Library/Frameworks/Accelerate.framework/Versions/A/Frameworks/vecLib.framework/Versions/A/vecLib
0x0000000005abc000 	/System/Library/Frameworks/Accelerate.framework/Versions/A/Frameworks/vecLib.framework/Versions/A/libvDSP.dylib
0x0000000005abc000 	/System/Library/Frameworks/Accelerate.framework/Versions/A/Frameworks/vecLib.framework/Versions/A/libvMisc.dylib
0x0000000005abc000 	/System/Library/Frameworks/Accelerate.framework/Versions/A/Frameworks/vecLib.framework/Versions/A/libLAPACK.dylib
0x0000000005abc000 	/System/Library/Frameworks/Accelerate.framework/Versions/A/Frameworks/vecLib.framework/Versions/A/libBLAS.dylib
0x0000000005abc000 	/System/Library/Frameworks/Accelerate.framework/Versions/A/Frameworks/vecLib.framework/Versions/A/libLinearAlgebra.dylib
0x0000000005abc000 	/System/Library/Frameworks/Accelerate.framework/Versions/A/Frameworks/vecLib.framework/Versions/A/libSparseBLAS.dylib
0x0000000005abc000 	/System/Library/PrivateFrameworks/GPUCompiler.framework/libmetal_timestamp.dylib
0x0000000005abc000 	/System/Library/Frameworks/OpenGL.framework/Versions/A/Libraries/libCoreFSCache.dylib
0x0000000005abc000 	/System/Library/PrivateFrameworks/IOAccelerator.framework/Versions/A/IOAccelerator
0x0000000005abc000 	/System/Library/Frameworks/ApplicationServices.framework/Versions/A/Frameworks/ATS.framework/Versions/A/Resources/libFontParser.dylib
0x0000000005abc000 	/System/Library/Frameworks/ApplicationServices.framework/Versions/A/Frameworks/ATS.framework/Versions/A/Resources/libFontRegistry.dylib
0x0000000005abc000 	/System/Library/PrivateFrameworks/AppleVPA.framework/Versions/A/AppleVPA
0x0000000005abc000 	/System/Library/PrivateFrameworks/AppleJPEG.framework/Versions/A/AppleJPEG
0x0000000005abc000 	/System/Library/Frameworks/ImageIO.framework/Versions/A/Resources/libJPEG.dylib
0x0000000005abc000 	/System/Library/Frameworks/ImageIO.framework/Versions/A/Resources/libTIFF.dylib
0x0000000005abc000 	/System/Library/Frameworks/ImageIO.framework/Versions/A/Resources/libPng.dylib
0x0000000005abc000 	/System/Library/Frameworks/ImageIO.framework/Versions/A/Resources/libGIF.dylib
0x0000000005abc000 	/System/Library/Frameworks/ImageIO.framework/Versions/A/Resources/libJP2.dylib
0x0000000005abc000 	/System/Library/Frameworks/ImageIO.framework/Versions/A/Resources/libRadiance.dylib
0x0000000005abc000 	/System/Library/Frameworks/CoreVideo.framework/Versions/A/CoreVideo
0x0000000005abc000 	/System/Library/Frameworks/OpenGL.framework/Versions/A/Libraries/libGLU.dylib
0x0000000005abc000 	/System/Library/Frameworks/OpenGL.framework/Versions/A/Libraries/libGFXShared.dylib
0x0000000005abc000 	/System/Library/Frameworks/OpenGL.framework/Versions/A/Libraries/libGL.dylib
0x0000000005abc000 	/System/Library/Frameworks/OpenGL.framework/Versions/A/Libraries/libGLImage.dylib
0x0000000005abc000 	/System/Library/Frameworks/OpenGL.framework/Versions/A/Libraries/libCVMSPluginSupport.dylib
0x0000000005abc000 	/System/Library/Frameworks/OpenGL.framework/Versions/A/Libraries/libCoreVMClient.dylib
0x0000000005abc000 	/usr/lib/libcompression.dylib
0x0000000005abc000 	/usr/lib/libcups.2.dylib
0x0000000005abc000 	/System/Library/Frameworks/Kerberos.framework/Versions/A/Kerberos
0x0000000005abc000 	/System/Library/Frameworks/GSS.framework/Versions/A/GSS
0x0000000005abc000 	/usr/lib/libresolv.9.dylib
0x0000000005abc000 	/usr/lib/libiconv.2.dylib
0x0000000005abc000 	/System/Library/PrivateFrameworks/Heimdal.framework/Versions/A/Heimdal
0x0000000005abc000 	/usr/lib/libheimdal-asn1.dylib
0x0000000005abc000 	/System/Library/Frameworks/OpenDirectory.framework/Versions/A/OpenDirectory
0x0000000005abc000 	/System/Library/PrivateFrameworks/CommonAuth.framework/Versions/A/CommonAuth
0x0000000005abc000 	/System/Library/Frameworks/OpenDirectory.framework/Versions/A/Frameworks/CFOpenDirectory.framework/Versions/A/CFOpenDirectory
0x0000000005abc000 	/System/Library/Frameworks/SecurityFoundation.framework/Versions/A/SecurityFoundation
0x0000000005abc000 	/System/Library/PrivateFrameworks/LanguageModeling.framework/Versions/A/LanguageModeling
0x0000000005abc000 	/usr/lib/libmarisa.dylib
0x0000000005abc000 	/usr/lib/libChineseTokenizer.dylib
0x0000000005abc000 	/usr/lib/libcmph.dylib
0x0000000005abc000 	/System/Library/Frameworks/ServiceManagement.framework/Versions/A/ServiceManagement
0x0000000005abc000 	/usr/lib/libxslt.1.dylib
0x0000000005abc000 	/System/Library/Frameworks/Carbon.framework/Versions/A/Frameworks/Ink.framework/Versions/A/Ink
0x0000000005abc000 	/usr/lib/libFosl_dynamic.dylib
0x0000000005abc000 	/System/Library/PrivateFrameworks/FaceCore.framework/Versions/A/FaceCore
0x0000000005abc000 	/System/Library/Frameworks/OpenCL.framework/Versions/A/OpenCL
0x0000000005abc000 	/System/Library/PrivateFrameworks/CrashReporterSupport.framework/Versions/A/CrashReporterSupport
0x0000000005abc000 	/System/Library/PrivateFrameworks/IconServices.framework/Versions/A/IconServices
0x0000000005abc000 	/System/Library/PrivateFrameworks/Apple80211.framework/Versions/A/Apple80211
0x0000000005abc000 	/System/Library/Frameworks/CoreWLAN.framework/Versions/A/CoreWLAN
0x0000000005abc000 	/System/Library/Frameworks/IOBluetooth.framework/Versions/A/IOBluetooth
0x0000000005abc000 	/System/Library/PrivateFrameworks/CoreWiFi.framework/Versions/A/CoreWiFi
0x0000000005abc000 	/System/Library/Frameworks/CoreBluetooth.framework/Versions/A/CoreBluetooth
0x0000000005abc000 	/System/Library/PrivateFrameworks/ChunkingLibrary.framework/Versions/A/ChunkingLibrary
0x0000000005abc000 	/System/Library/PrivateFrameworks/DebugSymbols.framework/Versions/A/DebugSymbols
0x0000000005abc000 	/System/Library/PrivateFrameworks/CoreSymbolication.framework/Versions/A/CoreSymbolication
0x0000000005abc000 	/System/Library/PrivateFrameworks/Symbolication.framework/Versions/A/Symbolication
0x0000000005abc000 	/System/Library/PrivateFrameworks/SpeechRecognitionCore.framework/Versions/A/SpeechRecognitionCore
0x000000010b600000 	/Library/Java/JavaVirtualMachines/jdk1.8.0_111.jdk/Contents/Home/jre/lib/server/libjvm.dylib
0x0000000005abc000 	/usr/lib/libstdc++.6.dylib
0x000000010acee000 	/Library/Java/JavaVirtualMachines/jdk1.8.0_111.jdk/Contents/Home/jre/lib/libverify.dylib
0x000000010acfc000 	/Library/Java/JavaVirtualMachines/jdk1.8.0_111.jdk/Contents/Home/jre/lib/libjava.dylib
0x000000010ad3b000 	/Library/Java/JavaVirtualMachines/jdk1.8.0_111.jdk/Contents/Home/jre/lib/libzip.dylib
0x0000000121e59000 	/System/Library/Frameworks/JavaVM.framework/Frameworks/JavaRuntimeSupport.framework/JavaRuntimeSupport
0x0000000121e74000 	/System/Library/Frameworks/JavaVM.framework/Versions/A/Frameworks/JavaNativeFoundation.framework/Versions/A/JavaNativeFoundation
0x000000010adf0000 	/System/Library/Frameworks/JavaVM.framework/Versions/A/JavaVM
0x0000000005abc000 	/System/Library/Frameworks/Carbon.framework/Versions/A/Carbon
0x0000000121e89000 	/System/Library/PrivateFrameworks/JavaLaunching.framework/Versions/A/JavaLaunching
0x0000000005abc000 	/System/Library/Frameworks/Carbon.framework/Versions/A/Frameworks/CommonPanels.framework/Versions/A/CommonPanels
0x0000000005abc000 	/System/Library/Frameworks/Carbon.framework/Versions/A/Frameworks/Help.framework/Versions/A/Help
0x0000000005abc000 	/System/Library/Frameworks/Carbon.framework/Versions/A/Frameworks/ImageCapture.framework/Versions/A/ImageCapture
0x0000000005abc000 	/System/Library/Frameworks/Carbon.framework/Versions/A/Frameworks/OpenScripting.framework/Versions/A/OpenScripting
0x0000000005abc000 	/System/Library/Frameworks/Carbon.framework/Versions/A/Frameworks/Print.framework/Versions/A/Print
0x0000000005abc000 	/System/Library/Frameworks/Carbon.framework/Versions/A/Frameworks/SecurityHI.framework/Versions/A/SecurityHI
0x00000001237ac000 	/Library/Java/JavaVirtualMachines/jdk1.8.0_111.jdk/Contents/Home/jre/lib/libawt.dylib
0x0000000123854000 	/Library/Java/JavaVirtualMachines/jdk1.8.0_111.jdk/Contents/Home/jre/lib/./libmlib_image.dylib
0x0000000123920000 	/Library/Java/JavaVirtualMachines/jdk1.8.0_111.jdk/Contents/Home/jre/lib/libawt_lwawt.dylib
0x00000001239d5000 	/Library/Java/JavaVirtualMachines/jdk1.8.0_111.jdk/Contents/Home/jre/lib/./libosxapp.dylib
0x0000000005abc000 	/System/Library/Frameworks/ExceptionHandling.framework/Versions/A/ExceptionHandling
0x0000000005abc000 	/System/Library/PrivateFrameworks/CoreServicesInternal.framework/Versions/A/CoreServicesInternal
0x0000000005abc000 	/System/Library/Frameworks/CoreGraphics.framework/Versions/A/Resources/libRIP.A.dylib
0x0000000005abc000 	/System/Library/Frameworks/Accelerate.framework/Versions/A/Frameworks/vImage.framework/Versions/A/Libraries/libCGInterfaces.dylib
0x0000000005abc000 	/System/Library/Frameworks/CoreGraphics.framework/Versions/A/Resources/libCGXType.A.dylib
0x0000000005abc000 	/System/Library/Frameworks/OpenCL.framework/Versions/A/Libraries/libcldcpuengine.dylib
0x0000000005abc000 	/System/Library/PrivateFrameworks/DiskImages.framework/Versions/A/DiskImages
0x0000000005abc000 	/System/Library/Frameworks/DiscRecording.framework/Versions/A/DiscRecording
0x0000000005abc000 	/usr/lib/libcsfde.dylib
0x0000000005abc000 	/usr/lib/libcurl.4.dylib
0x0000000005abc000 	/System/Library/PrivateFrameworks/MediaKit.framework/Versions/A/MediaKit
0x0000000005abc000 	/System/Library/PrivateFrameworks/ProtectedCloudStorage.framework/Versions/A/ProtectedCloudStorage
0x0000000005abc000 	/usr/lib/libCoreStorage.dylib
0x0000000005abc000 	/System/Library/PrivateFrameworks/EFILogin.framework/Versions/A/EFILogin
0x0000000005abc000 	/usr/lib/libutil.dylib
0x0000000005abc000 	/System/Library/PrivateFrameworks/FindMyDevice.framework/Versions/A/FindMyDevice
0x0000000005abc000 	/System/Library/Frameworks/LDAP.framework/Versions/A/LDAP
0x0000000005abc000 	/usr/lib/libsasl2.2.dylib
0x0000000005abc000 	/System/Library/PrivateFrameworks/CoreDaemon.framework/Versions/B/CoreDaemon
0x0000000005abc000 	/usr/lib/libcrypto.0.9.8.dylib
0x0000000005abc000 	/System/Library/PrivateFrameworks/AppleSRP.framework/Versions/A/AppleSRP
0x0000000005abc000 	/System/Library/PrivateFrameworks/TrustEvaluationAgent.framework/Versions/A/TrustEvaluationAgent
0x0000000124613000 	cl_kernels
0x0000000005abc000 	/System/Library/Frameworks/OpenCL.framework/Versions/A/Libraries/ImageFormats/unorm8_bgra.dylib
0x0000000005abc000 	/System/Library/Frameworks/OpenCL.framework/Versions/A/Libraries/ImageFormats/unorm8_rgba.dylib
0x0000000005abc000 	/System/Library/PrivateFrameworks/FamilyControls.framework/Versions/A/FamilyControls
0x0000000005abc000 	/System/Library/PrivateFrameworks/CommerceKit.framework/Versions/A/Frameworks/CommerceCore.framework/Versions/A/CommerceCore
0x0000000005abc000 	/System/Library/PrivateFrameworks/SystemAdministration.framework/Versions/A/SystemAdministration
0x0000000005abc000 	/System/Library/PrivateFrameworks/AppContainer.framework/Versions/A/AppContainer
0x0000000005abc000 	/System/Library/PrivateFrameworks/SecCodeWrapper.framework/Versions/A/SecCodeWrapper
0x0000000005abc000 	/System/Library/Frameworks/DirectoryService.framework/Versions/A/DirectoryService
0x0000000005abc000 	/System/Library/PrivateFrameworks/LoginUIKit.framework/Versions/A/Frameworks/LoginUICore.framework/Versions/A/LoginUICore
0x0000000005abc000 	/usr/lib/libodfde.dylib
0x0000000005abc000 	/System/Library/Frameworks/OpenGL.framework/Versions/A/Resources/GLEngine.bundle/GLEngine
0x0000000005abc000 	/System/Library/Frameworks/OpenGL.framework/Versions/A/Libraries/libGLProgrammability.dylib
0x000000012676d000 	/System/Library/Extensions/AppleIntelBDWGraphicsGLDriver.bundle/Contents/MacOS/AppleIntelBDWGraphicsGLDriver
0x0000000005abc000 	/System/Library/PrivateFrameworks/GPUSupport.framework/Versions/A/Libraries/libGPUSupportMercury.dylib
0x0000000005abc000 	/System/Library/Frameworks/OpenGL.framework/Versions/A/Resources/GLRendererFloat.bundle/GLRendererFloat
0x00000001276f6000 	/Library/Java/JavaVirtualMachines/jdk1.8.0_111.jdk/Contents/Home/jre/lib/libfontmanager.dylib
0x0000000128bbd000 	/Library/Java/JavaVirtualMachines/jdk1.8.0_111.jdk/Contents/Home/jre/lib/libosxui.dylib
0x000000012989f000 	/Library/Java/JavaVirtualMachines/jdk1.8.0_111.jdk/Contents/Home/jre/lib/libnet.dylib
0x00000001296b3000 	/Library/Java/JavaVirtualMachines/jdk1.8.0_111.jdk/Contents/Home/jre/lib/libnio.dylib
0x0000000005abc000 	/System/Library/Frameworks/ApplicationServices.framework/Versions/A/Frameworks/ATS.framework/Versions/A/Resources/libTrueTypeScaler.dylib
0x000000017a9fe000 	/System/Library/Extensions/AppleIntelBDWGraphicsMTLDriver.bundle/Contents/MacOS/AppleIntelBDWGraphicsMTLDriver
0x0000000128945000 	/private/var/folders/tg/tblkpz2s01q491tnsk9818kh0000gn/T/jogamp_0000/file_cache/jln8627393593143482086/jln4832779995399483446/libgluegen-rt.jnilib
0x000000017a905000 	/private/var/folders/tg/tblkpz2s01q491tnsk9818kh0000gn/T/jogamp_0000/file_cache/jln8627393593143482086/jln4832779995399483446/libnativewindow_awt.jnilib
0x000000017a908000 	/Library/Java/JavaVirtualMachines/jdk1.8.0_111.jdk/Contents/Home/jre/lib/libjawt.dylib
0x000000017a90b000 	/private/var/folders/tg/tblkpz2s01q491tnsk9818kh0000gn/T/jogamp_0000/file_cache/jln8627393593143482086/jln4832779995399483446/libnativewindow_macosx.jnilib
0x000000017b03e000 	/private/var/folders/tg/tblkpz2s01q491tnsk9818kh0000gn/T/jogamp_0000/file_cache/jln8627393593143482086/jln4832779995399483446/libjogl_desktop.jnilib
0x000000017b20b000 	/Library/Java/JavaVirtualMachines/jdk1.8.0_111.jdk/Contents/Home/jre/lib/libjpeg.dylib

VM Arguments:
jvm_args: -Djava.security.policy=java.policy.applet -Dfile.encoding=UTF-8 
java_command: sun.applet.AppletViewer module1.HelloWorld1477196762720.html
java_class_path (initial): /Users/gursimransingh/Documents/workspace/UCSDUnfoldingMaps/build:/Users/gursimransingh/Documents/workspace/UCSDUnfoldingMaps/lib/core.jar:/Users/gursimransingh/Documents/workspace/UCSDUnfoldingMaps/lib/gluegen-rt.jar:/Users/gursimransingh/Documents/workspace/UCSDUnfoldingMaps/lib/jogl-all.jar:/Users/gursimransingh/Documents/workspace/UCSDUnfoldingMaps/lib/log4j-1.2.15.jar:/Users/gursimransingh/Documents/workspace/UCSDUnfoldingMaps/lib/sqlite-jdbc-3.7.2.jar:/Users/gursimransingh/Documents/workspace/UCSDUnfoldingMaps/lib/json4processing.jar:/Users/gursimransingh/Documents/workspace/UCSDUnfoldingMaps/lib/libTUIO.jar:/Users/gursimransingh/Documents/workspace/UCSDUnfoldingMaps/lib/unfolding.0.9.7-uscd.jar
Launcher Type: SUN_STANDARD

Environment Variables:
PATH=/usr/bin:/bin:/usr/sbin:/sbin
SHELL=/bin/bash

Signal Handlers:
SIGSEGV: [libjvm.dylib+0x5b03ed], sa_mask[0]=11111111011111110111111111111111, sa_flags=SA_ONSTACK|SA_RESTART|SA_SIGINFO
SIGBUS: [libjvm.dylib+0x5b03ed], sa_mask[0]=11111111011111110111111111111111, sa_flags=SA_RESTART|SA_SIGINFO
SIGFPE: [libjvm.dylib+0x48711c], sa_mask[0]=11111111011111110111111111111111, sa_flags=SA_RESTART|SA_SIGINFO
SIGPIPE: [libjvm.dylib+0x48711c], sa_mask[0]=11111111011111110111111111111111, sa_flags=SA_RESTART|SA_SIGINFO
SIGXFSZ: [libjvm.dylib+0x48711c], sa_mask[0]=11111111011111110111111111111111, sa_flags=SA_RESTART|SA_SIGINFO
SIGILL: [libjvm.dylib+0x48711c], sa_mask[0]=11111111011111110111111111111111, sa_flags=SA_RESTART|SA_SIGINFO
SIGUSR1: SIG_DFL, sa_mask[0]=00000000000000000000000000000000, sa_flags=none
SIGUSR2: [libjvm.dylib+0x486c3a], sa_mask[0]=00100000000000000000000000000000, sa_flags=SA_RESTART|SA_SIGINFO
SIGHUP: [libjvm.dylib+0x485211], sa_mask[0]=11111111011111110111111111111111, sa_flags=SA_RESTART|SA_SIGINFO
SIGINT: [libjvm.dylib+0x485211], sa_mask[0]=11111111011111110111111111111111, sa_flags=SA_RESTART|SA_SIGINFO
SIGTERM: [libjvm.dylib+0x485211], sa_mask[0]=11111111011111110111111111111111, sa_flags=SA_RESTART|SA_SIGINFO
SIGQUIT: [libjvm.dylib+0x485211], sa_mask[0]=11111111011111110111111111111111, sa_flags=SA_RESTART|SA_SIGINFO


---------------  S Y S T E M  ---------------

OS:Bsduname:Darwin 15.6.0 Darwin Kernel Version 15.6.0: Thu Jun 23 18:25:34 PDT 2016; root:xnu-3248.60.10~1/RELEASE_X86_64 x86_64
rlimit: STACK 8192k, CORE 0k, NPROC 709, NOFILE 10240, AS infinity
load average:2.29 2.13 2.10

CPU:total 4 (2 cores per cpu, 2 threads per core) family 6 model 61 stepping 4, cmov, cx8, fxsr, mmx, sse, sse2, sse3, ssse3, sse4.1, sse4.2, popcnt, avx, avx2, aes, clmul, erms, 3dnowpref, lzcnt, ht, tsc, tscinvbit, bmi1, bmi2, adx

Memory: 4k page, physical 8388608k(1820524k free)

/proc/meminfo:


vm_info: Java HotSpot(TM) 64-Bit Server VM (25.111-b14) for bsd-amd64 JRE (1.8.0_111-b14), built on Sep 22 2016 15:31:41 by "java_re" with gcc 4.2.1 (Based on Apple Inc. build 5658) (LLVM build 2336.11.00)

time: Sun Oct 23 14:01:32 2016
elapsed time: 17860 seconds (0d 4h 57m 40s)

