#
# A fatal error has been detected by the Java Runtime Environment:
#
#  SIGSEGV (0xb) at pc=0x00007fff8649b4dd, pid=2180, tid=0x0000000000000a0b
#
# JRE version: Java(TM) SE Runtime Environment (8.0_111-b14) (build 1.8.0_111-b14)
# Java VM: Java HotSpot(TM) 64-Bit Server VM (25.111-b14 mixed mode bsd-amd64 compressed oops)
# Problematic frame:
# C  [libobjc.A.dylib+0x14dd]  objc_msgSend+0x1d
#
# Failed to write core dump. Core dumps have been disabled. To enable core dumping, try "ulimit -c unlimited" before starting Java again
#
# If you would like to submit a bug report, please visit:
#   http://bugreport.java.com/bugreport/crash.jsp
# The crash happened outside the Java Virtual Machine in native code.
# See problematic frame for where to report the bug.
#

---------------  T H R E A D  ---------------

Current thread (0x00007fb3699aa000):  JavaThread "AWT-AppKit" daemon [_thread_in_native, id=2571, stack(0x00007fff51abd000,0x00007fff522bd000)]

siginfo: si_signo: 11 (SIGSEGV), si_code: 1 (SEGV_MAPERR), si_addr: 0x000007fb368458d0

Registers:
RAX=0x00007fb36d300a40, RBX=0x000000017d835450, RCX=0x0000000127add5a0, RDX=0x0000000127add840
RSP=0x00007fff522b8308, RBP=0x00007fff522b83c0, RSI=0x00007fff9796fcbe, RDI=0x00007fb36afe06d0
R8 =0x0000000000000000, R9 =0x00000000000008b0, R10=0x00007fff9796fcbe, R11=0x000007fb368458b8
R12=0x0000000000000000, R13=0x0000000181c8ec60, R14=0x000000017d835440, R15=0x00007fb3699aa000
RIP=0x00007fff8649b4dd, EFLAGS=0x0000000000010206, ERR=0x0000000000000004
  TRAPNO=0x000000000000000e

Top of Stack: (sp=0x00007fff522b8308)
0x00007fff522b8308:   000000017d833157 00007fff522b8360
0x00007fff522b8318:   0000000000000003 00007fff522b8340
0x00007fff522b8328:   000000010e5f27be 0000000181c8ec60
0x00007fff522b8338:   0000000181c8ec60 00007fb36d300a40
0x00007fff522b8348:   000000017d8356a0 000000017d835710
0x00007fff522b8358:   00007fff776d1770 00007fff774ff500
0x00007fff522b8368:   000000017d835450 000000017d835690
0x00007fff522b8378:   00007fb36d300a40 00007fb36afe06d0
0x00007fff522b8388:   00007fb36d016480 00007fb36d300a40
0x00007fff522b8398:   00007fb36afe06d0 00007fff522b8448
0x00007fff522b83a8:   00007fb3699aa1f8 0000000181c8ec60
0x00007fff522b83b8:   00007fff522b8470 00007fff522b8438
0x00007fff522b83c8:   000000010f3ed9f4 0000000181c8ec60
0x00007fff522b83d8:   00007fff522b8470 00007fff522b8438
0x00007fff522b83e8:   000000010f3ed787 000000010f3ed742
0x00007fff522b83f8:   00007fff522b83f8 0000000181c8ec60
0x00007fff522b8408:   00007fff522b8470 0000000181c91898
0x00007fff522b8418:   0000000000000000 0000000181c8ec60
0x00007fff522b8428:   0000000000000000 00007fff522b8458
0x00007fff522b8438:   00007fff522b84b8 000000010f3de2bd
0x00007fff522b8448:   00000007976a3e70 000000010f3e7538
0x00007fff522b8458:   00007fb36d300a40 00007fff522b84b8
0x00007fff522b8468:   00007fb36afe06d0 000000010f3e8e02
0x00007fff522b8478:   00007fff522b8478 0000000181c8ee2a
0x00007fff522b8488:   00007fff522b84e0 0000000181c91898
0x00007fff522b8498:   0000000000000000 0000000181c8ee38
0x00007fff522b84a8:   00007fff522b8458 00007fff522b84c8
0x00007fff522b84b8:   00007fff522b8528 000000010f3de2bd
0x00007fff522b84c8:   00007fb36d300a40 00000007976589b8
0x00007fff522b84d8:   00007fb36afe06d0 00000007976589b8
0x00007fff522b84e8:   00007fff522b84e8 0000000183e7b8d6
0x00007fff522b84f8:   00007fff522b8538 0000000183e7b990 

Instructions: (pc=0x00007fff8649b4dd)
0x00007fff8649b4bd:   44 00 00 48 85 ff 2e 74 62 40 f6 c7 01 2e 75 66
0x00007fff8649b4cd:   49 bb f8 ff ff ff ff 7f 00 00 4c 23 1f 49 89 f2
0x00007fff8649b4dd:   45 23 53 18 49 c1 e2 04 4d 03 53 10 49 3b 32 75
0x00007fff8649b4ed:   04 41 ff 62 08 49 83 3a 01 76 0d 49 83 c2 10 49 

Register to memory mapping:

RAX=0x00007fb36d300a40 is an unknown value
RBX=0x000000017d835450: Java_jogamp_nativewindow_macosx_OSXUtil_GetScreenRefreshRate0+0x1cf0 in /private/var/folders/tg/tblkpz2s01q491tnsk9818kh0000gn/T/jogamp_0000/file_cache/jln1831713198346768733/jln2662865873546340554/libnativewindow_macosx.jnilib at 0x000000017d82e000
RCX=0x0000000127add5a0 is an unknown value
RDX=0x0000000127add840 is an unknown value
RSP=0x00007fff522b8308 is pointing into the stack for thread: 0x00007fb3699aa000
RBP=0x00007fff522b83c0 is pointing into the stack for thread: 0x00007fb3699aa000
RSI=0x00007fff9796fcbe is an unknown value
RDI=0x00007fb36afe06d0 is an unknown value
R8 =0x0000000000000000 is an unknown value
R9 =0x00000000000008b0 is an unknown value
R10=0x00007fff9796fcbe is an unknown value
R11=0x000007fb368458b8 is an unknown value
R12=0x0000000000000000 is an unknown value
R13={method} {0x0000000181c8ec60} 'UnsetJAWTRootSurfaceLayer0' '(JJ)V' in 'jogamp/nativewindow/jawt/macosx/MacOSXJAWTWindow'
R14=0x000000017d835440: Java_jogamp_nativewindow_macosx_OSXUtil_GetScreenRefreshRate0+0x1ce0 in /private/var/folders/tg/tblkpz2s01q491tnsk9818kh0000gn/T/jogamp_0000/file_cache/jln1831713198346768733/jln2662865873546340554/libnativewindow_macosx.jnilib at 0x000000017d82e000
R15=0x00007fb3699aa000 is a thread


Stack: [0x00007fff51abd000,0x00007fff522bd000],  sp=0x00007fff522b8308,  free space=8172k
Native frames: (J=compiled Java code, j=interpreted, Vv=VM code, C=native code)
C  [libobjc.A.dylib+0x14dd]  objc_msgSend+0x1d
j  jogamp.nativewindow.jawt.macosx.MacOSXJAWTWindow.UnsetJAWTRootSurfaceLayer0(JJ)V+0
j  jogamp.nativewindow.jawt.macosx.MacOSXJAWTWindow.access$200(JJ)V+2
j  jogamp.nativewindow.jawt.macosx.MacOSXJAWTWindow$1.run()V+38
J 1835 C1 com.jogamp.common.util.RunnableTask.run()V (345 bytes) @ 0x000000010fa3f534 [0x000000010fa3f3a0+0x194]
v  ~StubRoutines::call_stub
V  [libjvm.dylib+0x2ecf8a]
V  [libjvm.dylib+0x324119]
V  [libjvm.dylib+0x3168e7]
C  [libnativewindow_macosx.jnilib+0x5326]  Java_jogamp_nativewindow_jawt_macosx_MacOSXJAWTWindow_UnsetJAWTRootSurfaceLayer0+0x2b6
C  [Foundation+0x76fde]  __NSThreadPerformPerform+0x117
C  [CoreFoundation+0xaa881]  __CFRUNLOOP_IS_CALLING_OUT_TO_A_SOURCE0_PERFORM_FUNCTION__+0x11
C  [CoreFoundation+0x89fbc]  __CFRunLoopDoSources0+0x22c
C  [CoreFoundation+0x894df]  __CFRunLoopRun+0x39f
C  [CoreFoundation+0x88ed8]  CFRunLoopRunSpecific+0x128
C  [HIToolbox+0x30935]  RunCurrentEventLoopInMode+0xeb
C  [HIToolbox+0x30677]  ReceiveNextEventCommon+0xb8
C  [HIToolbox+0x305af]  _BlockUntilNextEventMatchingListInModeWithFilter+0x47
C  [AppKit+0x48df6]  _DPSNextEvent+0x42b
C  [AppKit+0x48226]  -[NSApplication _nextEventMatchingEventMask:untilDate:inMode:dequeue:]+0x1c6
C  [libosxapp.dylib+0x23aa]  -[NSApplicationAWT nextEventMatchingMask:untilDate:inMode:dequeue:]+0x7c
C  [AppKit+0x3cd80]  -[NSApplication run]+0x2aa
C  [libosxapp.dylib+0x214d]  +[NSApplicationAWT runAWTLoopWithApp:]+0x9c
C  [libawt_lwawt.dylib+0x444b3]  -[AWTStarter starter:]+0x389
C  [Foundation+0x76fde]  __NSThreadPerformPerform+0x117
C  [CoreFoundation+0xaa881]  __CFRUNLOOP_IS_CALLING_OUT_TO_A_SOURCE0_PERFORM_FUNCTION__+0x11
C  [CoreFoundation+0x89fbc]  __CFRunLoopDoSources0+0x22c
C  [CoreFoundation+0x894df]  __CFRunLoopRun+0x39f
C  [CoreFoundation+0x88ed8]  CFRunLoopRunSpecific+0x128
C  [java+0x6465]  CreateExecutionEnvironment+0x367
C  [java+0x218c]  JLI_Launch+0x7a0
C  [java+0x84c2]  main+0x65
C  [java+0x19e4]  start+0x34
C  0x0000000000000007

Java frames: (J=compiled Java code, j=interpreted, Vv=VM code)
j  jogamp.nativewindow.jawt.macosx.MacOSXJAWTWindow.UnsetJAWTRootSurfaceLayer0(JJ)V+0
j  jogamp.nativewindow.jawt.macosx.MacOSXJAWTWindow.access$200(JJ)V+2
j  jogamp.nativewindow.jawt.macosx.MacOSXJAWTWindow$1.run()V+38
J 1835 C1 com.jogamp.common.util.RunnableTask.run()V (345 bytes) @ 0x000000010fa3f534 [0x000000010fa3f3a0+0x194]
v  ~StubRoutines::call_stub

---------------  P R O C E S S  ---------------

Java Threads: ( => current thread )
  0x00007fb368940800 JavaThread "Thread-27" [_thread_blocked, id=63511, stack(0x00007000019ee000,0x0000700001aee000)]
  0x00007fb369b4d000 JavaThread "Image Fetcher 2" daemon [_thread_blocked, id=68355, stack(0x000070000250f000,0x000070000260f000)]
  0x00007fb369b31800 JavaThread "Image Fetcher 1" daemon [_thread_blocked, id=67843, stack(0x000070000240c000,0x000070000250c000)]
  0x00007fb36a51e800 JavaThread "Image Fetcher 0" daemon [_thread_blocked, id=67331, stack(0x0000700002309000,0x0000700002409000)]
  0x00007fb369b30800 JavaThread "Keep-Alive-Timer" daemon [_thread_blocked, id=66891, stack(0x0000700002206000,0x0000700002306000)]
  0x00007fb369a75800 JavaThread "AWT-EventQueue-1" [_thread_in_native, id=58663, stack(0x0000700001868000,0x0000700001968000)]
  0x00007fb36a0c2000 JavaThread "DestroyJavaVM" [_thread_blocked, id=5891, stack(0x000070000011a000,0x000070000021a000)]
  0x00007fb3699ff000 JavaThread "AWT-EventQueue-0" [_thread_blocked, id=56067, stack(0x0000700001662000,0x0000700001762000)]
  0x00007fb36a100000 JavaThread "Java2D Disposer" daemon [_thread_blocked, id=52739, stack(0x00007000013d9000,0x00007000014d9000)]
  0x00007fb3690ec000 JavaThread "Java2D Queue Flusher" daemon [_thread_blocked, id=43071, stack(0x00007000012d6000,0x00007000013d6000)]
  0x00007fb3699ad800 JavaThread "AWT-Shutdown" [_thread_blocked, id=29715, stack(0x0000700001150000,0x0000700001250000)]
=>0x00007fb3699aa000 JavaThread "AWT-AppKit" daemon [_thread_in_native, id=2571, stack(0x00007fff51abd000,0x00007fff522bd000)]
  0x00007fb36a048000 JavaThread "Service Thread" daemon [_thread_blocked, id=18691, stack(0x0000700000e44000,0x0000700000f44000)]
  0x00007fb368866800 JavaThread "C1 CompilerThread2" daemon [_thread_blocked, id=18179, stack(0x0000700000d41000,0x0000700000e41000)]
  0x00007fb36982f000 JavaThread "C2 CompilerThread1" daemon [_thread_blocked, id=17667, stack(0x0000700000c3e000,0x0000700000d3e000)]
  0x00007fb36881b800 JavaThread "C2 CompilerThread0" daemon [_thread_blocked, id=17155, stack(0x0000700000b3b000,0x0000700000c3b000)]
  0x00007fb368817800 JavaThread "Signal Dispatcher" daemon [_thread_blocked, id=13839, stack(0x0000700000a38000,0x0000700000b38000)]
  0x00007fb369003800 JavaThread "Finalizer" daemon [_thread_blocked, id=12291, stack(0x000070000082f000,0x000070000092f000)]
  0x00007fb36a02c800 JavaThread "Reference Handler" daemon [_thread_blocked, id=11779, stack(0x000070000072c000,0x000070000082c000)]

Other Threads:
  0x00007fb368817000 VMThread [stack: 0x0000700000629000,0x0000700000729000] [id=11267]
  0x00007fb36982d800 WatcherThread [stack: 0x0000700000f47000,0x0000700001047000] [id=19203]

VM state:not at safepoint (normal execution)

VM Mutex/Monitor currently owned by a thread: None

Heap:
 PSYoungGen      total 38400K, used 18448K [0x0000000795580000, 0x0000000798000000, 0x00000007c0000000)
  eden space 33280K, 40% used [0x0000000795580000,0x0000000796290128,0x0000000797600000)
  from space 5120K, 99% used [0x0000000797600000,0x0000000797af4180,0x0000000797b00000)
  to   space 5120K, 0% used [0x0000000797b00000,0x0000000797b00000,0x0000000798000000)
 ParOldGen       total 87552K, used 11464K [0x0000000740000000, 0x0000000745580000, 0x0000000795580000)
  object space 87552K, 13% used [0x0000000740000000,0x0000000740b32050,0x0000000745580000)
 Metaspace       used 19020K, capacity 19251K, committed 19456K, reserved 1067008K
  class space    used 1876K, capacity 1952K, committed 2048K, reserved 1048576K

Card table byte_map: [0x000000011e796000,0x000000011eb97000] byte_map_base: 0x000000011ad96000

Marking Bits: (ParMarkBitMap*) 0x000000010ecefd20
 Begin Bits: [0x000000011ee42000, 0x0000000120e42000)
 End Bits:   [0x0000000120e42000, 0x0000000122e42000)

Polling page: 0x000000010dbd1000

CodeCache: size=245760Kb used=6844Kb max_used=6857Kb free=238915Kb
 bounds [0x000000010f3d6000, 0x000000010fa96000, 0x000000011e3d6000]
 total_blobs=2800 nmethods=1927 adapters=787
 compilation: enabled

Compilation events (10 events):
Event: 7.196 Thread 0x00007fb36982f000 nmethod 1922 0x000000010fa8c790 code [0x000000010fa8c900, 0x000000010fa8ca18]
Event: 7.210 Thread 0x00007fb368866800 1923       1       sun.java2d.SurfaceData::isValid (5 bytes)
Event: 7.210 Thread 0x00007fb368866800 nmethod 1923 0x000000010fa86f10 code [0x000000010fa87060, 0x000000010fa87170]
Event: 7.212 Thread 0x00007fb36881b800 1924       4       java.lang.String::substring (56 bytes)
Event: 7.217 Thread 0x00007fb36881b800 nmethod 1924 0x000000010fa883d0 code [0x000000010fa88540, 0x000000010fa88918]
Event: 7.219 Thread 0x00007fb36982f000 1925  s!   4       sun.misc.URLClassPath::getLoader (197 bytes)
Event: 7.224 Thread 0x00007fb368866800 1926       3       sun.java2d.pipe.RenderBuffer::putInt (26 bytes)
Event: 7.224 Thread 0x00007fb368866800 nmethod 1926 0x000000010fa86b90 code [0x000000010fa86d00, 0x000000010fa86e70]
Event: 7.224 Thread 0x00007fb368866800 1927       3       sun.java2d.pipe.RenderBuffer::putFloat (26 bytes)
Event: 7.224 Thread 0x00007fb368866800 nmethod 1927 0x000000010fa8e250 code [0x000000010fa8e3c0, 0x000000010fa8e550]

GC Heap History (6 events):
Event: 1.897 GC heap before
{Heap before GC invocations=1 (full 0):
 PSYoungGen      total 38400K, used 33280K [0x0000000795580000, 0x0000000798000000, 0x00000007c0000000)
  eden space 33280K, 100% used [0x0000000795580000,0x0000000797600000,0x0000000797600000)
  from space 5120K, 0% used [0x0000000797b00000,0x0000000797b00000,0x0000000798000000)
  to   space 5120K, 0% used [0x0000000797600000,0x0000000797600000,0x0000000797b00000)
 ParOldGen       total 87552K, used 0K [0x0000000740000000, 0x0000000745580000, 0x0000000795580000)
  object space 87552K, 0% used [0x0000000740000000,0x0000000740000000,0x0000000745580000)
 Metaspace       used 16181K, capacity 16411K, committed 16640K, reserved 1064960K
  class space    used 1637K, capacity 1692K, committed 1792K, reserved 1048576K
Event: 1.903 GC heap after
Heap after GC invocations=1 (full 0):
 PSYoungGen      total 38400K, used 5096K [0x0000000795580000, 0x0000000798000000, 0x00000007c0000000)
  eden space 33280K, 0% used [0x0000000795580000,0x0000000795580000,0x0000000797600000)
  from space 5120K, 99% used [0x0000000797600000,0x0000000797afa340,0x0000000797b00000)
  to   space 5120K, 0% used [0x0000000797b00000,0x0000000797b00000,0x0000000798000000)
 ParOldGen       total 87552K, used 8K [0x0000000740000000, 0x0000000745580000, 0x0000000795580000)
  object space 87552K, 0% used [0x0000000740000000,0x0000000740002000,0x0000000745580000)
 Metaspace       used 16181K, capacity 16411K, committed 16640K, reserved 1064960K
  class space    used 1637K, capacity 1692K, committed 1792K, reserved 1048576K
}
Event: 2.861 GC heap before
{Heap before GC invocations=2 (full 0):
 PSYoungGen      total 38400K, used 38376K [0x0000000795580000, 0x0000000798000000, 0x00000007c0000000)
  eden space 33280K, 100% used [0x0000000795580000,0x0000000797600000,0x0000000797600000)
  from space 5120K, 99% used [0x0000000797600000,0x0000000797afa340,0x0000000797b00000)
  to   space 5120K, 0% used [0x0000000797b00000,0x0000000797b00000,0x0000000798000000)
 ParOldGen       total 87552K, used 8K [0x0000000740000000, 0x0000000745580000, 0x0000000795580000)
  object space 87552K, 0% used [0x0000000740000000,0x0000000740002000,0x0000000745580000)
 Metaspace       used 18428K, capacity 18633K, committed 18816K, reserved 1067008K
  class space    used 1868K, capacity 1919K, committed 1920K, reserved 1048576K
Event: 2.877 GC heap after
Heap after GC invocations=2 (full 0):
 PSYoungGen      total 38400K, used 5104K [0x0000000795580000, 0x0000000798000000, 0x00000007c0000000)
  eden space 33280K, 0% used [0x0000000795580000,0x0000000795580000,0x0000000797600000)
  from space 5120K, 99% used [0x0000000797b00000,0x0000000797ffc1c0,0x0000000798000000)
  to   space 5120K, 0% used [0x0000000797600000,0x0000000797600000,0x0000000797b00000)
 ParOldGen       total 87552K, used 8391K [0x0000000740000000, 0x0000000745580000, 0x0000000795580000)
  object space 87552K, 9% used [0x0000000740000000,0x0000000740831f90,0x0000000745580000)
 Metaspace       used 18428K, capacity 18633K, committed 18816K, reserved 1067008K
  class space    used 1868K, capacity 1919K, committed 1920K, reserved 1048576K
}
Event: 4.669 GC heap before
{Heap before GC invocations=3 (full 0):
 PSYoungGen      total 38400K, used 38384K [0x0000000795580000, 0x0000000798000000, 0x00000007c0000000)
  eden space 33280K, 100% used [0x0000000795580000,0x0000000797600000,0x0000000797600000)
  from space 5120K, 99% used [0x0000000797b00000,0x0000000797ffc1c0,0x0000000798000000)
  to   space 5120K, 0% used [0x0000000797600000,0x0000000797600000,0x0000000797b00000)
 ParOldGen       total 87552K, used 8391K [0x0000000740000000, 0x0000000745580000, 0x0000000795580000)
  object space 87552K, 9% used [0x0000000740000000,0x0000000740831f90,0x0000000745580000)
 Metaspace       used 18793K, capacity 18959K, committed 19072K, reserved 1067008K
  class space    used 1868K, capacity 1920K, committed 1920K, reserved 1048576K
Event: 4.675 GC heap after
Heap after GC invocations=3 (full 0):
 PSYoungGen      total 38400K, used 5072K [0x0000000795580000, 0x0000000798000000, 0x00000007c0000000)
  eden space 33280K, 0% used [0x0000000795580000,0x0000000795580000,0x0000000797600000)
  from space 5120K, 99% used [0x0000000797600000,0x0000000797af4180,0x0000000797b00000)
  to   space 5120K, 0% used [0x0000000797b00000,0x0000000797b00000,0x0000000798000000)
 ParOldGen       total 87552K, used 11464K [0x0000000740000000, 0x0000000745580000, 0x0000000795580000)
  object space 87552K, 13% used [0x0000000740000000,0x0000000740b32050,0x0000000745580000)
 Metaspace       used 18793K, capacity 18959K, committed 19072K, reserved 1067008K
  class space    used 1868K, capacity 1920K, committed 1920K, reserved 1048576K
}

Deoptimization events (5 events):
Event: 1.374 Thread 0x00007fb369a22800 Uncommon trap: reason=unstable_if action=reinterpret pc=0x000000010f5a0840 method=java.lang.String.toLowerCase(Ljava/util/Locale;)Ljava/lang/String; @ 85
Event: 1.607 Thread 0x00007fb368c46800 Uncommon trap: reason=unstable_if action=reinterpret pc=0x000000010f6404d4 method=java.lang.String.indexOf([CII[CIII)I @ 3
Event: 1.608 Thread 0x00007fb368c46800 Uncommon trap: reason=unstable_if action=reinterpret pc=0x000000010f58cb98 method=java.lang.String.indexOf([CII[CIII)I @ 3
Event: 2.421 Thread 0x00007fb369a75800 Uncommon trap: reason=unstable_if action=reinterpret pc=0x000000010f577d1c method=java.lang.AbstractStringBuilder.append(Ljava/lang/String;)Ljava/lang/AbstractStringBuilder; @ 1
Event: 7.192 Thread 0x00007fb369a75800 Uncommon trap: reason=unstable_if action=reinterpret pc=0x000000010f865128 method=com.jogamp.common.util.VersionNumber.compareTo(Lcom/jogamp/common/util/VersionNumber;)I @ 21

Internal exceptions (10 events):
Event: 0.198 Thread 0x00007fb369802800 Exception <a 'java/lang/NoSuchFieldError': method resolution failed> (0x0000000795786628) thrown at [/Users/java_re/workspace/8-2-build-macosx-x86_64/jdk8u111/7883/hotspot/src/share/vm/prims/methodHandles.cpp, line 1146]
Event: 0.201 Thread 0x00007fb369802800 Exception <a 'java/lang/NoSuchFieldError': method resolution failed> (0x0000000795793df8) thrown at [/Users/java_re/workspace/8-2-build-macosx-x86_64/jdk8u111/7883/hotspot/src/share/vm/prims/methodHandles.cpp, line 1146]
Event: 0.380 Thread 0x00007fb369802800 Exception <a 'java/io/FileNotFoundException'> (0x000000079580f530) thrown at [/Users/java_re/workspace/8-2-build-macosx-x86_64/jdk8u111/7883/hotspot/src/share/vm/prims/jni.cpp, line 709]
Event: 0.380 Thread 0x00007fb369802800 Exception <a 'java/io/FileNotFoundException'> (0x00000007958100d8) thrown at [/Users/java_re/workspace/8-2-build-macosx-x86_64/jdk8u111/7883/hotspot/src/share/vm/prims/jni.cpp, line 709]
Event: 0.498 Thread 0x00007fb369802800 Exception <a 'java/io/FileNotFoundException'> (0x000000079594c4e8) thrown at [/Users/java_re/workspace/8-2-build-macosx-x86_64/jdk8u111/7883/hotspot/src/share/vm/prims/jni.cpp, line 709]
Event: 1.628 Thread 0x00007fb368c46800 Exception <a 'java/lang/UnsatisfiedLinkError': com.jogamp.common.util.JarUtil.fixNativeLibAttribs(Ljava/lang/String;)Z> (0x0000000796b210e0) thrown at [/Users/java_re/workspace/8-2-build-macosx-x86_64/jdk8u111/7883/hotspot/src/share/vm/prims/nativeLookup.
Event: 1.905 Thread 0x00007fb369003800 Exception <a 'java/lang/NullPointerException'> (0x00000007956aa7d8) thrown at [/Users/java_re/workspace/8-2-build-macosx-x86_64/jdk8u111/7883/hotspot/src/share/vm/interpreter/linkResolver.cpp, line 1178]
Event: 2.420 Thread 0x00007fb369a75800 Exception <a 'java/io/FileNotFoundException'> (0x0000000795ebf550) thrown at [/Users/java_re/workspace/8-2-build-macosx-x86_64/jdk8u111/7883/hotspot/src/share/vm/prims/jni.cpp, line 709]
Event: 2.420 Thread 0x00007fb369a75800 Exception <a 'java/io/FileNotFoundException'> (0x0000000795ec5b60) thrown at [/Users/java_re/workspace/8-2-build-macosx-x86_64/jdk8u111/7883/hotspot/src/share/vm/prims/jni.cpp, line 709]
Event: 2.421 Thread 0x00007fb369a75800 Implicit null exception at 0x000000010f577936 to 0x000000010f577d05

Events (10 events):
Event: 7.220 loading class jogamp/nativewindow/jawt/macosx/MacOSXJAWTWindow$1 done
Event: 7.222 loading class java/awt/LightweightDispatcher$2
Event: 7.222 loading class java/awt/LightweightDispatcher$2 done
Event: 7.222 loading class java/awt/event/AWTEventListenerProxy
Event: 7.222 loading class java/awt/event/AWTEventListenerProxy done
Event: 7.222 loading class java/awt/Toolkit$ToolkitEventMulticaster
Event: 7.222 loading class java/awt/Toolkit$ToolkitEventMulticaster done
Event: 7.223 Thread 0x00007fb368807800 Thread exited: 0x00007fb368807800
Event: 7.224 loading class java/awt/Window$1DisposeAction
Event: 7.224 loading class java/awt/Window$1DisposeAction done


Dynamic libraries:
0x0000000005abc000 	/System/Library/Frameworks/Cocoa.framework/Versions/A/Cocoa
0x0000000005abc000 	/System/Library/Frameworks/Security.framework/Versions/A/Security
0x0000000005abc000 	/System/Library/Frameworks/ApplicationServices.framework/Versions/A/ApplicationServices
0x0000000005abc000 	/usr/lib/libz.1.dylib
0x0000000005abc000 	/usr/lib/libSystem.B.dylib
0x0000000005abc000 	/usr/lib/libobjc.A.dylib
0x0000000005abc000 	/System/Library/Frameworks/CoreFoundation.framework/Versions/A/CoreFoundation
0x0000000005abc000 	/System/Library/Frameworks/Foundation.framework/Versions/C/Foundation
0x0000000005abc000 	/System/Library/Frameworks/AppKit.framework/Versions/C/AppKit
0x0000000005abc000 	/System/Library/Frameworks/CoreData.framework/Versions/A/CoreData
0x0000000005abc000 	/System/Library/PrivateFrameworks/RemoteViewServices.framework/Versions/A/RemoteViewServices
0x0000000005abc000 	/System/Library/PrivateFrameworks/UIFoundation.framework/Versions/A/UIFoundation
0x0000000005abc000 	/usr/lib/libScreenReader.dylib
0x0000000005abc000 	/System/Library/Frameworks/Accelerate.framework/Versions/A/Accelerate
0x0000000005abc000 	/System/Library/Frameworks/IOSurface.framework/Versions/A/IOSurface
0x0000000005abc000 	/System/Library/Frameworks/AudioToolbox.framework/Versions/A/AudioToolbox
0x0000000005abc000 	/System/Library/Frameworks/AudioUnit.framework/Versions/A/AudioUnit
0x0000000005abc000 	/System/Library/PrivateFrameworks/DataDetectorsCore.framework/Versions/A/DataDetectorsCore
0x0000000005abc000 	/System/Library/PrivateFrameworks/DesktopServicesPriv.framework/Versions/A/DesktopServicesPriv
0x0000000005abc000 	/System/Library/Frameworks/Carbon.framework/Versions/A/Frameworks/HIToolbox.framework/Versions/A/HIToolbox
0x0000000005abc000 	/System/Library/Frameworks/QuartzCore.framework/Versions/A/QuartzCore
0x0000000005abc000 	/System/Library/Frameworks/Carbon.framework/Versions/A/Frameworks/SpeechRecognition.framework/Versions/A/SpeechRecognition
0x0000000005abc000 	/usr/lib/libauto.dylib
0x0000000005abc000 	/usr/lib/libicucore.A.dylib
0x0000000005abc000 	/usr/lib/libxml2.2.dylib
0x0000000005abc000 	/System/Library/PrivateFrameworks/CoreUI.framework/Versions/A/CoreUI
0x0000000005abc000 	/System/Library/Frameworks/CoreAudio.framework/Versions/A/CoreAudio
0x0000000005abc000 	/System/Library/Frameworks/DiskArbitration.framework/Versions/A/DiskArbitration
0x0000000005abc000 	/usr/lib/liblangid.dylib
0x0000000005abc000 	/System/Library/PrivateFrameworks/MultitouchSupport.framework/Versions/A/MultitouchSupport
0x0000000005abc000 	/System/Library/Frameworks/IOKit.framework/Versions/A/IOKit
0x0000000005abc000 	/usr/lib/libDiagnosticMessagesClient.dylib
0x0000000005abc000 	/System/Library/Frameworks/CoreServices.framework/Versions/A/CoreServices
0x0000000005abc000 	/System/Library/PrivateFrameworks/PerformanceAnalysis.framework/Versions/A/PerformanceAnalysis
0x0000000005abc000 	/System/Library/PrivateFrameworks/GenerationalStorage.framework/Versions/A/GenerationalStorage
0x0000000005abc000 	/System/Library/Frameworks/OpenGL.framework/Versions/A/OpenGL
0x0000000005abc000 	/System/Library/PrivateFrameworks/Sharing.framework/Versions/A/Sharing
0x0000000005abc000 	/System/Library/Frameworks/CoreGraphics.framework/Versions/A/CoreGraphics
0x0000000005abc000 	/System/Library/Frameworks/CoreImage.framework/Versions/A/CoreImage
0x0000000005abc000 	/System/Library/Frameworks/CoreText.framework/Versions/A/CoreText
0x0000000005abc000 	/System/Library/Frameworks/ImageIO.framework/Versions/A/ImageIO
0x0000000005abc000 	/System/Library/PrivateFrameworks/Backup.framework/Versions/A/Backup
0x0000000005abc000 	/usr/lib/libextension.dylib
0x0000000005abc000 	/usr/lib/libarchive.2.dylib
0x0000000005abc000 	/System/Library/Frameworks/CFNetwork.framework/Versions/A/CFNetwork
0x0000000005abc000 	/System/Library/Frameworks/SystemConfiguration.framework/Versions/A/SystemConfiguration
0x0000000005abc000 	/usr/lib/libCRFSuite.dylib
0x0000000005abc000 	/usr/lib/libc++.1.dylib
0x0000000005abc000 	/usr/lib/libc++abi.dylib
0x0000000005abc000 	/usr/lib/system/libcache.dylib
0x0000000005abc000 	/usr/lib/system/libcommonCrypto.dylib
0x0000000005abc000 	/usr/lib/system/libcompiler_rt.dylib
0x0000000005abc000 	/usr/lib/system/libcopyfile.dylib
0x0000000005abc000 	/usr/lib/system/libcorecrypto.dylib
0x0000000005abc000 	/usr/lib/system/libdispatch.dylib
0x0000000005abc000 	/usr/lib/system/libdyld.dylib
0x0000000005abc000 	/usr/lib/system/libkeymgr.dylib
0x0000000005abc000 	/usr/lib/system/liblaunch.dylib
0x0000000005abc000 	/usr/lib/system/libmacho.dylib
0x0000000005abc000 	/usr/lib/system/libquarantine.dylib
0x0000000005abc000 	/usr/lib/system/libremovefile.dylib
0x0000000005abc000 	/usr/lib/system/libsystem_asl.dylib
0x0000000005abc000 	/usr/lib/system/libsystem_blocks.dylib
0x0000000005abc000 	/usr/lib/system/libsystem_c.dylib
0x0000000005abc000 	/usr/lib/system/libsystem_configuration.dylib
0x0000000005abc000 	/usr/lib/system/libsystem_coreservices.dylib
0x0000000005abc000 	/usr/lib/system/libsystem_coretls.dylib
0x0000000005abc000 	/usr/lib/system/libsystem_dnssd.dylib
0x0000000005abc000 	/usr/lib/system/libsystem_info.dylib
0x0000000005abc000 	/usr/lib/system/libsystem_kernel.dylib
0x0000000005abc000 	/usr/lib/system/libsystem_m.dylib
0x0000000005abc000 	/usr/lib/system/libsystem_malloc.dylib
0x0000000005abc000 	/usr/lib/system/libsystem_network.dylib
0x0000000005abc000 	/usr/lib/system/libsystem_networkextension.dylib
0x0000000005abc000 	/usr/lib/system/libsystem_notify.dylib
0x0000000005abc000 	/usr/lib/system/libsystem_platform.dylib
0x0000000005abc000 	/usr/lib/system/libsystem_pthread.dylib
0x0000000005abc000 	/usr/lib/system/libsystem_sandbox.dylib
0x0000000005abc000 	/usr/lib/system/libsystem_secinit.dylib
0x0000000005abc000 	/usr/lib/system/libsystem_trace.dylib
0x0000000005abc000 	/usr/lib/system/libunc.dylib
0x0000000005abc000 	/usr/lib/system/libunwind.dylib
0x0000000005abc000 	/usr/lib/system/libxpc.dylib
0x0000000005abc000 	/usr/lib/libenergytrace.dylib
0x0000000005abc000 	/usr/lib/libbsm.0.dylib
0x0000000005abc000 	/usr/lib/system/libkxld.dylib
0x0000000005abc000 	/usr/lib/libxar.1.dylib
0x0000000005abc000 	/usr/lib/libsqlite3.dylib
0x0000000005abc000 	/usr/lib/libpam.2.dylib
0x0000000005abc000 	/usr/lib/libOpenScriptingUtil.dylib
0x0000000005abc000 	/usr/lib/libbz2.1.0.dylib
0x0000000005abc000 	/usr/lib/liblzma.5.dylib
0x0000000005abc000 	/System/Library/Frameworks/CoreServices.framework/Versions/A/Frameworks/FSEvents.framework/Versions/A/FSEvents
0x0000000005abc000 	/System/Library/Frameworks/CoreServices.framework/Versions/A/Frameworks/CarbonCore.framework/Versions/A/CarbonCore
0x0000000005abc000 	/System/Library/Frameworks/CoreServices.framework/Versions/A/Frameworks/Metadata.framework/Versions/A/Metadata
0x0000000005abc000 	/System/Library/Frameworks/CoreServices.framework/Versions/A/Frameworks/OSServices.framework/Versions/A/OSServices
0x0000000005abc000 	/System/Library/Frameworks/CoreServices.framework/Versions/A/Frameworks/SearchKit.framework/Versions/A/SearchKit
0x0000000005abc000 	/System/Library/Frameworks/CoreServices.framework/Versions/A/Frameworks/AE.framework/Versions/A/AE
0x0000000005abc000 	/System/Library/Frameworks/CoreServices.framework/Versions/A/Frameworks/LaunchServices.framework/Versions/A/LaunchServices
0x0000000005abc000 	/System/Library/Frameworks/CoreServices.framework/Versions/A/Frameworks/DictionaryServices.framework/Versions/A/DictionaryServices
0x0000000005abc000 	/System/Library/Frameworks/CoreServices.framework/Versions/A/Frameworks/SharedFileList.framework/Versions/A/SharedFileList
0x0000000005abc000 	/System/Library/Frameworks/NetFS.framework/Versions/A/NetFS
0x0000000005abc000 	/System/Library/PrivateFrameworks/NetAuth.framework/Versions/A/NetAuth
0x0000000005abc000 	/System/Library/PrivateFrameworks/login.framework/Versions/A/Frameworks/loginsupport.framework/Versions/A/loginsupport
0x0000000005abc000 	/System/Library/PrivateFrameworks/TCC.framework/Versions/A/TCC
0x0000000005abc000 	/usr/lib/libmecabra.dylib
0x0000000005abc000 	/System/Library/Frameworks/ApplicationServices.framework/Versions/A/Frameworks/ATS.framework/Versions/A/ATS
0x0000000005abc000 	/System/Library/Frameworks/ApplicationServices.framework/Versions/A/Frameworks/ColorSync.framework/Versions/A/ColorSync
0x0000000005abc000 	/System/Library/Frameworks/ApplicationServices.framework/Versions/A/Frameworks/HIServices.framework/Versions/A/HIServices
0x0000000005abc000 	/System/Library/Frameworks/ApplicationServices.framework/Versions/A/Frameworks/LangAnalysis.framework/Versions/A/LangAnalysis
0x0000000005abc000 	/System/Library/Frameworks/ApplicationServices.framework/Versions/A/Frameworks/PrintCore.framework/Versions/A/PrintCore
0x0000000005abc000 	/System/Library/Frameworks/ApplicationServices.framework/Versions/A/Frameworks/QD.framework/Versions/A/QD
0x0000000005abc000 	/System/Library/Frameworks/ApplicationServices.framework/Versions/A/Frameworks/SpeechSynthesis.framework/Versions/A/SpeechSynthesis
0x0000000005abc000 	/System/Library/Frameworks/Metal.framework/Versions/A/Metal
0x0000000005abc000 	/System/Library/Frameworks/Accelerate.framework/Versions/A/Frameworks/vImage.framework/Versions/A/vImage
0x0000000005abc000 	/System/Library/Frameworks/Accelerate.framework/Versions/A/Frameworks/vecLib.framework/Versions/A/vecLib
0x0000000005abc000 	/System/Library/Frameworks/Accelerate.framework/Versions/A/Frameworks/vecLib.framework/Versions/A/libvDSP.dylib
0x0000000005abc000 	/System/Library/Frameworks/Accelerate.framework/Versions/A/Frameworks/vecLib.framework/Versions/A/libvMisc.dylib
0x0000000005abc000 	/System/Library/Frameworks/Accelerate.framework/Versions/A/Frameworks/vecLib.framework/Versions/A/libLAPACK.dylib
0x0000000005abc000 	/System/Library/Frameworks/Accelerate.framework/Versions/A/Frameworks/vecLib.framework/Versions/A/libBLAS.dylib
0x0000000005abc000 	/System/Library/Frameworks/Accelerate.framework/Versions/A/Frameworks/vecLib.framework/Versions/A/libLinearAlgebra.dylib
0x0000000005abc000 	/System/Library/Frameworks/Accelerate.framework/Versions/A/Frameworks/vecLib.framework/Versions/A/libSparseBLAS.dylib
0x0000000005abc000 	/System/Library/PrivateFrameworks/GPUCompiler.framework/libmetal_timestamp.dylib
0x0000000005abc000 	/System/Library/Frameworks/OpenGL.framework/Versions/A/Libraries/libCoreFSCache.dylib
0x0000000005abc000 	/System/Library/PrivateFrameworks/IOAccelerator.framework/Versions/A/IOAccelerator
0x0000000005abc000 	/System/Library/Frameworks/ApplicationServices.framework/Versions/A/Frameworks/ATS.framework/Versions/A/Resources/libFontParser.dylib
0x0000000005abc000 	/System/Library/Frameworks/ApplicationServices.framework/Versions/A/Frameworks/ATS.framework/Versions/A/Resources/libFontRegistry.dylib
0x0000000005abc000 	/System/Library/PrivateFrameworks/AppleVPA.framework/Versions/A/AppleVPA
0x0000000005abc000 	/System/Library/PrivateFrameworks/AppleJPEG.framework/Versions/A/AppleJPEG
0x0000000005abc000 	/System/Library/Frameworks/ImageIO.framework/Versions/A/Resources/libJPEG.dylib
0x0000000005abc000 	/System/Library/Frameworks/ImageIO.framework/Versions/A/Resources/libTIFF.dylib
0x0000000005abc000 	/System/Library/Frameworks/ImageIO.framework/Versions/A/Resources/libPng.dylib
0x0000000005abc000 	/System/Library/Frameworks/ImageIO.framework/Versions/A/Resources/libGIF.dylib
0x0000000005abc000 	/System/Library/Frameworks/ImageIO.framework/Versions/A/Resources/libJP2.dylib
0x0000000005abc000 	/System/Library/Frameworks/ImageIO.framework/Versions/A/Resources/libRadiance.dylib
0x0000000005abc000 	/System/Library/Frameworks/CoreVideo.framework/Versions/A/CoreVideo
0x0000000005abc000 	/System/Library/Frameworks/OpenGL.framework/Versions/A/Libraries/libGLU.dylib
0x0000000005abc000 	/System/Library/Frameworks/OpenGL.framework/Versions/A/Libraries/libGFXShared.dylib
0x0000000005abc000 	/System/Library/Frameworks/OpenGL.framework/Versions/A/Libraries/libGL.dylib
0x0000000005abc000 	/System/Library/Frameworks/OpenGL.framework/Versions/A/Libraries/libGLImage.dylib
0x0000000005abc000 	/System/Library/Frameworks/OpenGL.framework/Versions/A/Libraries/libCVMSPluginSupport.dylib
0x0000000005abc000 	/System/Library/Frameworks/OpenGL.framework/Versions/A/Libraries/libCoreVMClient.dylib
0x0000000005abc000 	/usr/lib/libcompression.dylib
0x0000000005abc000 	/usr/lib/libcups.2.dylib
0x0000000005abc000 	/System/Library/Frameworks/Kerberos.framework/Versions/A/Kerberos
0x0000000005abc000 	/System/Library/Frameworks/GSS.framework/Versions/A/GSS
0x0000000005abc000 	/usr/lib/libresolv.9.dylib
0x0000000005abc000 	/usr/lib/libiconv.2.dylib
0x0000000005abc000 	/System/Library/PrivateFrameworks/Heimdal.framework/Versions/A/Heimdal
0x0000000005abc000 	/usr/lib/libheimdal-asn1.dylib
0x0000000005abc000 	/System/Library/Frameworks/OpenDirectory.framework/Versions/A/OpenDirectory
0x0000000005abc000 	/System/Library/PrivateFrameworks/CommonAuth.framework/Versions/A/CommonAuth
0x0000000005abc000 	/System/Library/Frameworks/OpenDirectory.framework/Versions/A/Frameworks/CFOpenDirectory.framework/Versions/A/CFOpenDirectory
0x0000000005abc000 	/System/Library/Frameworks/SecurityFoundation.framework/Versions/A/SecurityFoundation
0x0000000005abc000 	/System/Library/PrivateFrameworks/LanguageModeling.framework/Versions/A/LanguageModeling
0x0000000005abc000 	/usr/lib/libmarisa.dylib
0x0000000005abc000 	/usr/lib/libChineseTokenizer.dylib
0x0000000005abc000 	/usr/lib/libcmph.dylib
0x0000000005abc000 	/System/Library/Frameworks/ServiceManagement.framework/Versions/A/ServiceManagement
0x0000000005abc000 	/usr/lib/libxslt.1.dylib
0x0000000005abc000 	/System/Library/Frameworks/Carbon.framework/Versions/A/Frameworks/Ink.framework/Versions/A/Ink
0x0000000005abc000 	/usr/lib/libFosl_dynamic.dylib
0x0000000005abc000 	/System/Library/PrivateFrameworks/FaceCore.framework/Versions/A/FaceCore
0x0000000005abc000 	/System/Library/Frameworks/OpenCL.framework/Versions/A/OpenCL
0x0000000005abc000 	/System/Library/PrivateFrameworks/CrashReporterSupport.framework/Versions/A/CrashReporterSupport
0x0000000005abc000 	/System/Library/PrivateFrameworks/IconServices.framework/Versions/A/IconServices
0x0000000005abc000 	/System/Library/PrivateFrameworks/Apple80211.framework/Versions/A/Apple80211
0x0000000005abc000 	/System/Library/Frameworks/CoreWLAN.framework/Versions/A/CoreWLAN
0x0000000005abc000 	/System/Library/Frameworks/IOBluetooth.framework/Versions/A/IOBluetooth
0x0000000005abc000 	/System/Library/PrivateFrameworks/CoreWiFi.framework/Versions/A/CoreWiFi
0x0000000005abc000 	/System/Library/Frameworks/CoreBluetooth.framework/Versions/A/CoreBluetooth
0x0000000005abc000 	/System/Library/PrivateFrameworks/ChunkingLibrary.framework/Versions/A/ChunkingLibrary
0x0000000005abc000 	/System/Library/PrivateFrameworks/DebugSymbols.framework/Versions/A/DebugSymbols
0x0000000005abc000 	/System/Library/PrivateFrameworks/CoreSymbolication.framework/Versions/A/CoreSymbolication
0x0000000005abc000 	/System/Library/PrivateFrameworks/Symbolication.framework/Versions/A/Symbolication
0x0000000005abc000 	/System/Library/PrivateFrameworks/SpeechRecognitionCore.framework/Versions/A/SpeechRecognitionCore
0x000000010e400000 	/Library/Java/JavaVirtualMachines/jdk1.8.0_111.jdk/Contents/Home/jre/lib/server/libjvm.dylib
0x0000000005abc000 	/usr/lib/libstdc++.6.dylib
0x000000010dbc3000 	/Library/Java/JavaVirtualMachines/jdk1.8.0_111.jdk/Contents/Home/jre/lib/libverify.dylib
0x000000010f3a1000 	/Library/Java/JavaVirtualMachines/jdk1.8.0_111.jdk/Contents/Home/jre/lib/libjava.dylib
0x000000010dbdb000 	/Library/Java/JavaVirtualMachines/jdk1.8.0_111.jdk/Contents/Home/jre/lib/libzip.dylib
0x000000010dbe5000 	/System/Library/Frameworks/JavaVM.framework/Frameworks/JavaRuntimeSupport.framework/JavaRuntimeSupport
0x0000000124d39000 	/System/Library/Frameworks/JavaVM.framework/Versions/A/Frameworks/JavaNativeFoundation.framework/Versions/A/JavaNativeFoundation
0x0000000124d4e000 	/System/Library/Frameworks/JavaVM.framework/Versions/A/JavaVM
0x0000000005abc000 	/System/Library/Frameworks/Carbon.framework/Versions/A/Carbon
0x0000000124d5b000 	/System/Library/PrivateFrameworks/JavaLaunching.framework/Versions/A/JavaLaunching
0x0000000005abc000 	/System/Library/Frameworks/Carbon.framework/Versions/A/Frameworks/CommonPanels.framework/Versions/A/CommonPanels
0x0000000005abc000 	/System/Library/Frameworks/Carbon.framework/Versions/A/Frameworks/Help.framework/Versions/A/Help
0x0000000005abc000 	/System/Library/Frameworks/Carbon.framework/Versions/A/Frameworks/ImageCapture.framework/Versions/A/ImageCapture
0x0000000005abc000 	/System/Library/Frameworks/Carbon.framework/Versions/A/Frameworks/OpenScripting.framework/Versions/A/OpenScripting
0x0000000005abc000 	/System/Library/Frameworks/Carbon.framework/Versions/A/Frameworks/Print.framework/Versions/A/Print
0x0000000005abc000 	/System/Library/Frameworks/Carbon.framework/Versions/A/Frameworks/SecurityHI.framework/Versions/A/SecurityHI
0x0000000126680000 	/Library/Java/JavaVirtualMachines/jdk1.8.0_111.jdk/Contents/Home/jre/lib/libawt.dylib
0x0000000126728000 	/Library/Java/JavaVirtualMachines/jdk1.8.0_111.jdk/Contents/Home/jre/lib/./libmlib_image.dylib
0x00000001267f4000 	/Library/Java/JavaVirtualMachines/jdk1.8.0_111.jdk/Contents/Home/jre/lib/libawt_lwawt.dylib
0x00000001268a9000 	/Library/Java/JavaVirtualMachines/jdk1.8.0_111.jdk/Contents/Home/jre/lib/./libosxapp.dylib
0x0000000005abc000 	/System/Library/Frameworks/ExceptionHandling.framework/Versions/A/ExceptionHandling
0x0000000005abc000 	/System/Library/PrivateFrameworks/CoreServicesInternal.framework/Versions/A/CoreServicesInternal
0x0000000005abc000 	/System/Library/Frameworks/CoreGraphics.framework/Versions/A/Resources/libRIP.A.dylib
0x0000000005abc000 	/System/Library/Frameworks/Accelerate.framework/Versions/A/Frameworks/vImage.framework/Versions/A/Libraries/libCGInterfaces.dylib
0x0000000005abc000 	/System/Library/Frameworks/CoreGraphics.framework/Versions/A/Resources/libCGXType.A.dylib
0x0000000005abc000 	/System/Library/Frameworks/OpenCL.framework/Versions/A/Libraries/libcldcpuengine.dylib
0x0000000005abc000 	/System/Library/PrivateFrameworks/DiskImages.framework/Versions/A/DiskImages
0x0000000005abc000 	/System/Library/Frameworks/DiscRecording.framework/Versions/A/DiscRecording
0x0000000005abc000 	/usr/lib/libcsfde.dylib
0x0000000005abc000 	/usr/lib/libcurl.4.dylib
0x0000000005abc000 	/System/Library/PrivateFrameworks/MediaKit.framework/Versions/A/MediaKit
0x0000000005abc000 	/System/Library/PrivateFrameworks/ProtectedCloudStorage.framework/Versions/A/ProtectedCloudStorage
0x0000000005abc000 	/usr/lib/libCoreStorage.dylib
0x0000000005abc000 	/System/Library/PrivateFrameworks/EFILogin.framework/Versions/A/EFILogin
0x0000000005abc000 	/usr/lib/libutil.dylib
0x0000000005abc000 	/System/Library/PrivateFrameworks/FindMyDevice.framework/Versions/A/FindMyDevice
0x0000000005abc000 	/System/Library/Frameworks/LDAP.framework/Versions/A/LDAP
0x0000000005abc000 	/usr/lib/libsasl2.2.dylib
0x0000000005abc000 	/System/Library/PrivateFrameworks/CoreDaemon.framework/Versions/B/CoreDaemon
0x0000000005abc000 	/usr/lib/libcrypto.0.9.8.dylib
0x0000000005abc000 	/System/Library/PrivateFrameworks/AppleSRP.framework/Versions/A/AppleSRP
0x0000000005abc000 	/System/Library/PrivateFrameworks/TrustEvaluationAgent.framework/Versions/A/TrustEvaluationAgent
0x000000012854a000 	cl_kernels
0x0000000005abc000 	/System/Library/Frameworks/OpenCL.framework/Versions/A/Libraries/ImageFormats/unorm8_bgra.dylib
0x0000000005abc000 	/System/Library/Frameworks/OpenCL.framework/Versions/A/Libraries/ImageFormats/unorm8_rgba.dylib
0x0000000005abc000 	/System/Library/PrivateFrameworks/FamilyControls.framework/Versions/A/FamilyControls
0x0000000005abc000 	/System/Library/PrivateFrameworks/CommerceKit.framework/Versions/A/Frameworks/CommerceCore.framework/Versions/A/CommerceCore
0x0000000005abc000 	/System/Library/PrivateFrameworks/SystemAdministration.framework/Versions/A/SystemAdministration
0x0000000005abc000 	/System/Library/PrivateFrameworks/AppContainer.framework/Versions/A/AppContainer
0x0000000005abc000 	/System/Library/PrivateFrameworks/SecCodeWrapper.framework/Versions/A/SecCodeWrapper
0x0000000005abc000 	/System/Library/Frameworks/DirectoryService.framework/Versions/A/DirectoryService
0x0000000005abc000 	/System/Library/PrivateFrameworks/LoginUIKit.framework/Versions/A/Frameworks/LoginUICore.framework/Versions/A/LoginUICore
0x0000000005abc000 	/usr/lib/libodfde.dylib
0x0000000005abc000 	/System/Library/Frameworks/OpenGL.framework/Versions/A/Resources/GLEngine.bundle/GLEngine
0x0000000005abc000 	/System/Library/Frameworks/OpenGL.framework/Versions/A/Libraries/libGLProgrammability.dylib
0x0000000129648000 	/System/Library/Extensions/AppleIntelBDWGraphicsGLDriver.bundle/Contents/MacOS/AppleIntelBDWGraphicsGLDriver
0x0000000005abc000 	/System/Library/PrivateFrameworks/GPUSupport.framework/Versions/A/Libraries/libGPUSupportMercury.dylib
0x0000000005abc000 	/System/Library/Frameworks/OpenGL.framework/Versions/A/Resources/GLRendererFloat.bundle/GLRendererFloat
0x000000012a5ca000 	/Library/Java/JavaVirtualMachines/jdk1.8.0_111.jdk/Contents/Home/jre/lib/libfontmanager.dylib
0x000000012ba92000 	/Library/Java/JavaVirtualMachines/jdk1.8.0_111.jdk/Contents/Home/jre/lib/libosxui.dylib
0x000000012c770000 	/Library/Java/JavaVirtualMachines/jdk1.8.0_111.jdk/Contents/Home/jre/lib/libnet.dylib
0x000000012c584000 	/Library/Java/JavaVirtualMachines/jdk1.8.0_111.jdk/Contents/Home/jre/lib/libnio.dylib
0x0000000005abc000 	/System/Library/Frameworks/ApplicationServices.framework/Versions/A/Frameworks/ATS.framework/Versions/A/Resources/libTrueTypeScaler.dylib
0x000000017d8d1000 	/System/Library/Extensions/AppleIntelBDWGraphicsMTLDriver.bundle/Contents/MacOS/AppleIntelBDWGraphicsMTLDriver
0x000000012b81a000 	/private/var/folders/tg/tblkpz2s01q491tnsk9818kh0000gn/T/jogamp_0000/file_cache/jln1831713198346768733/jln2662865873546340554/libgluegen-rt.jnilib
0x000000017d828000 	/private/var/folders/tg/tblkpz2s01q491tnsk9818kh0000gn/T/jogamp_0000/file_cache/jln1831713198346768733/jln2662865873546340554/libnativewindow_awt.jnilib
0x000000017d82b000 	/Library/Java/JavaVirtualMachines/jdk1.8.0_111.jdk/Contents/Home/jre/lib/libjawt.dylib
0x000000017d82e000 	/private/var/folders/tg/tblkpz2s01q491tnsk9818kh0000gn/T/jogamp_0000/file_cache/jln1831713198346768733/jln2662865873546340554/libnativewindow_macosx.jnilib
0x0000000181b0e000 	/private/var/folders/tg/tblkpz2s01q491tnsk9818kh0000gn/T/jogamp_0000/file_cache/jln1831713198346768733/jln2662865873546340554/libjogl_desktop.jnilib
0x0000000185147000 	/Library/Java/JavaVirtualMachines/jdk1.8.0_111.jdk/Contents/Home/jre/lib/libjpeg.dylib

VM Arguments:
jvm_args: -Djava.security.policy=java.policy.applet -Dfile.encoding=UTF-8 
java_command: sun.applet.AppletViewer module1.HelloWorld1477185586391.html
java_class_path (initial): /Users/gursimransingh/Documents/workspace/UCSDUnfoldingMaps/build:/Users/gursimransingh/Documents/workspace/UCSDUnfoldingMaps/lib/core.jar:/Users/gursimransingh/Documents/workspace/UCSDUnfoldingMaps/lib/gluegen-rt.jar:/Users/gursimransingh/Documents/workspace/UCSDUnfoldingMaps/lib/jogl-all.jar:/Users/gursimransingh/Documents/workspace/UCSDUnfoldingMaps/lib/log4j-1.2.15.jar:/Users/gursimransingh/Documents/workspace/UCSDUnfoldingMaps/lib/sqlite-jdbc-3.7.2.jar:/Users/gursimransingh/Documents/workspace/UCSDUnfoldingMaps/lib/json4processing.jar:/Users/gursimransingh/Documents/workspace/UCSDUnfoldingMaps/lib/libTUIO.jar:/Users/gursimransingh/Documents/workspace/UCSDUnfoldingMaps/lib/unfolding.0.9.7-uscd.jar
Launcher Type: SUN_STANDARD

Environment Variables:
PATH=/usr/bin:/bin:/usr/sbin:/sbin
SHELL=/bin/bash

Signal Handlers:
SIGSEGV: [libjvm.dylib+0x5b03ed], sa_mask[0]=11111111011111110111111111111111, sa_flags=SA_ONSTACK|SA_RESTART|SA_SIGINFO
SIGBUS: [libjvm.dylib+0x5b03ed], sa_mask[0]=11111111011111110111111111111111, sa_flags=SA_RESTART|SA_SIGINFO
SIGFPE: [libjvm.dylib+0x48711c], sa_mask[0]=11111111011111110111111111111111, sa_flags=SA_RESTART|SA_SIGINFO
SIGPIPE: [libjvm.dylib+0x48711c], sa_mask[0]=11111111011111110111111111111111, sa_flags=SA_RESTART|SA_SIGINFO
SIGXFSZ: [libjvm.dylib+0x48711c], sa_mask[0]=11111111011111110111111111111111, sa_flags=SA_RESTART|SA_SIGINFO
SIGILL: [libjvm.dylib+0x48711c], sa_mask[0]=11111111011111110111111111111111, sa_flags=SA_RESTART|SA_SIGINFO
SIGUSR1: SIG_DFL, sa_mask[0]=00000000000000000000000000000000, sa_flags=none
SIGUSR2: [libjvm.dylib+0x486c3a], sa_mask[0]=00100000000000000000000000000000, sa_flags=SA_RESTART|SA_SIGINFO
SIGHUP: [libjvm.dylib+0x485211], sa_mask[0]=11111111011111110111111111111111, sa_flags=SA_RESTART|SA_SIGINFO
SIGINT: [libjvm.dylib+0x485211], sa_mask[0]=11111111011111110111111111111111, sa_flags=SA_RESTART|SA_SIGINFO
SIGTERM: [libjvm.dylib+0x485211], sa_mask[0]=11111111011111110111111111111111, sa_flags=SA_RESTART|SA_SIGINFO
SIGQUIT: [libjvm.dylib+0x485211], sa_mask[0]=11111111011111110111111111111111, sa_flags=SA_RESTART|SA_SIGINFO


---------------  S Y S T E M  ---------------

OS:Bsduname:Darwin 15.6.0 Darwin Kernel Version 15.6.0: Thu Jun 23 18:25:34 PDT 2016; root:xnu-3248.60.10~1/RELEASE_X86_64 x86_64
rlimit: STACK 8192k, CORE 0k, NPROC 709, NOFILE 10240, AS infinity
load average:2.12 2.10 2.01

CPU:total 4 (2 cores per cpu, 2 threads per core) family 6 model 61 stepping 4, cmov, cx8, fxsr, mmx, sse, sse2, sse3, ssse3, sse4.1, sse4.2, popcnt, avx, avx2, aes, clmul, erms, 3dnowpref, lzcnt, ht, tsc, tscinvbit, bmi1, bmi2, adx

Memory: 4k page, physical 8388608k(429768k free)

/proc/meminfo:


vm_info: Java HotSpot(TM) 64-Bit Server VM (25.111-b14) for bsd-amd64 JRE (1.8.0_111-b14), built on Sep 22 2016 15:31:41 by "java_re" with gcc 4.2.1 (Based on Apple Inc. build 5658) (LLVM build 2336.11.00)

time: Sat Oct 22 21:19:53 2016
elapsed time: 7 seconds (0d 0h 0m 7s)

