#
# A fatal error has been detected by the Java Runtime Environment:
#
#  SIGSEGV (0xb) at pc=0x00007fff8649b4dd, pid=2189, tid=0x0000000000000a0b
#
# JRE version: Java(TM) SE Runtime Environment (8.0_111-b14) (build 1.8.0_111-b14)
# Java VM: Java HotSpot(TM) 64-Bit Server VM (25.111-b14 mixed mode bsd-amd64 compressed oops)
# Problematic frame:
# C  [libobjc.A.dylib+0x14dd]  objc_msgSend+0x1d
#
# Failed to write core dump. Core dumps have been disabled. To enable core dumping, try "ulimit -c unlimited" before starting Java again
#
# If you would like to submit a bug report, please visit:
#   http://bugreport.java.com/bugreport/crash.jsp
# The crash happened outside the Java Virtual Machine in native code.
# See problematic frame for where to report the bug.
#

---------------  T H R E A D  ---------------

Current thread (0x00007f80a20c4000):  JavaThread "AWT-AppKit" daemon [_thread_in_native, id=2571, stack(0x00007fff5f304000,0x00007fff5fb04000)]

siginfo: si_signo: 11 (SIGSEGV), si_code: 1 (SEGV_MAPERR), si_addr: 0x00007fff00000018

Registers:
RAX=0x00007f80a5413a50, RBX=0x000000016ff57450, RCX=0x000000011a29fa60, RDX=0x000000011a29f080
RSP=0x00007fff5faff308, RBP=0x00007fff5faff3c0, RSI=0x00007fff9796fcbe, RDI=0x00007f80a5408f90
R8 =0x0000000000000000, R9 =0x00000000000008b0, R10=0x00007fff9796fcbe, R11=0x00007fff00000000
R12=0x0000000000000000, R13=0x0000000174b03c00, R14=0x000000016ff57440, R15=0x00007f80a20c4000
RIP=0x00007fff8649b4dd, EFLAGS=0x0000000000010206, ERR=0x0000000000000004
  TRAPNO=0x000000000000000e

Top of Stack: (sp=0x00007fff5faff308)
0x00007fff5faff308:   000000016ff55157 00007fff5faff360
0x00007fff5faff318:   0000000000000003 00007fff5faff340
0x00007fff5faff328:   0000000100df27be 0000000174b03c00
0x00007fff5faff338:   0000000174b03c00 00007f80a5413a50
0x00007fff5faff348:   000000016ff576a0 000000016ff57710
0x00007fff5faff358:   00007fff776d1770 00007fff774ff500
0x00007fff5faff368:   000000016ff57450 000000016ff57690
0x00007fff5faff378:   00007f80a5413a50 00007f80a5408f90
0x00007fff5faff388:   00007f80a1726f40 00007f80a5413a50
0x00007fff5faff398:   00007f80a5408f90 00007fff5faff448
0x00007fff5faff3a8:   00007f80a20c41f8 0000000174b03c00
0x00007fff5faff3b8:   00007fff5faff470 00007fff5faff438
0x00007fff5faff3c8:   0000000101bb89f4 0000000174b03c00
0x00007fff5faff3d8:   00007fff5faff470 00007fff5faff438
0x00007fff5faff3e8:   0000000101bb8787 0000000101bb8742
0x00007fff5faff3f8:   00007fff5faff3f8 0000000174b03c00
0x00007fff5faff408:   00007fff5faff470 0000000174b06838
0x00007fff5faff418:   0000000000000000 0000000174b03c00
0x00007fff5faff428:   0000000000000000 00007fff5faff458
0x00007fff5faff438:   00007fff5faff4b8 0000000101ba92bd
0x00007fff5faff448:   00000007978f0e50 0000000101bb2538
0x00007fff5faff458:   00007f80a5413a50 00007fff5faff4b8
0x00007fff5faff468:   00007f80a5408f90 0000000101bb3e02
0x00007fff5faff478:   00007fff5faff478 0000000174b03dca
0x00007fff5faff488:   00007fff5faff4e0 0000000174b06838
0x00007fff5faff498:   0000000000000000 0000000174b03dd8
0x00007fff5faff4a8:   00007fff5faff458 00007fff5faff4c8
0x00007fff5faff4b8:   00007fff5faff528 0000000101ba92bd
0x00007fff5faff4c8:   00007f80a5413a50 00000007976fcc90
0x00007fff5faff4d8:   00007f80a5408f90 00000007976fcc90
0x00007fff5faff4e8:   00007fff5faff4e8 0000000176cfbc0e
0x00007fff5faff4f8:   00007fff5faff538 0000000176cfbcc8 

Instructions: (pc=0x00007fff8649b4dd)
0x00007fff8649b4bd:   44 00 00 48 85 ff 2e 74 62 40 f6 c7 01 2e 75 66
0x00007fff8649b4cd:   49 bb f8 ff ff ff ff 7f 00 00 4c 23 1f 49 89 f2
0x00007fff8649b4dd:   45 23 53 18 49 c1 e2 04 4d 03 53 10 49 3b 32 75
0x00007fff8649b4ed:   04 41 ff 62 08 49 83 3a 01 76 0d 49 83 c2 10 49 

Register to memory mapping:

RAX=0x00007f80a5413a50 is an unknown value
RBX=0x000000016ff57450: Java_jogamp_nativewindow_macosx_OSXUtil_GetScreenRefreshRate0+0x1cf0 in /private/var/folders/tg/tblkpz2s01q491tnsk9818kh0000gn/T/jogamp_0000/file_cache/jln4174555554556135981/jln8931216955521307622/libnativewindow_macosx.jnilib at 0x000000016ff50000
RCX=0x000000011a29fa60 is an unknown value
RDX=0x000000011a29f080 is an unknown value
RSP=0x00007fff5faff308 is pointing into the stack for thread: 0x00007f80a20c4000
RBP=0x00007fff5faff3c0 is pointing into the stack for thread: 0x00007f80a20c4000
RSI=0x00007fff9796fcbe is an unknown value
RDI=0x00007f80a5408f90 is an unknown value
R8 =0x0000000000000000 is an unknown value
R9 =0x00000000000008b0 is an unknown value
R10=0x00007fff9796fcbe is an unknown value
R11=0x00007fff00000000 is an unknown value
R12=0x0000000000000000 is an unknown value
R13={method} {0x0000000174b03c00} 'UnsetJAWTRootSurfaceLayer0' '(JJ)V' in 'jogamp/nativewindow/jawt/macosx/MacOSXJAWTWindow'
R14=0x000000016ff57440: Java_jogamp_nativewindow_macosx_OSXUtil_GetScreenRefreshRate0+0x1ce0 in /private/var/folders/tg/tblkpz2s01q491tnsk9818kh0000gn/T/jogamp_0000/file_cache/jln4174555554556135981/jln8931216955521307622/libnativewindow_macosx.jnilib at 0x000000016ff50000
R15=0x00007f80a20c4000 is a thread


Stack: [0x00007fff5f304000,0x00007fff5fb04000],  sp=0x00007fff5faff308,  free space=8172k
Native frames: (J=compiled Java code, j=interpreted, Vv=VM code, C=native code)
C  [libobjc.A.dylib+0x14dd]  objc_msgSend+0x1d
j  jogamp.nativewindow.jawt.macosx.MacOSXJAWTWindow.UnsetJAWTRootSurfaceLayer0(JJ)V+0
j  jogamp.nativewindow.jawt.macosx.MacOSXJAWTWindow.access$200(JJ)V+2
j  jogamp.nativewindow.jawt.macosx.MacOSXJAWTWindow$1.run()V+38
J 1815 C1 com.jogamp.common.util.RunnableTask.run()V (345 bytes) @ 0x00000001021fa1f4 [0x00000001021fa060+0x194]
v  ~StubRoutines::call_stub
V  [libjvm.dylib+0x2ecf8a]
V  [libjvm.dylib+0x324119]
V  [libjvm.dylib+0x3168e7]
C  [libnativewindow_macosx.jnilib+0x5326]  Java_jogamp_nativewindow_jawt_macosx_MacOSXJAWTWindow_UnsetJAWTRootSurfaceLayer0+0x2b6
C  [Foundation+0x76fde]  __NSThreadPerformPerform+0x117
C  [CoreFoundation+0xaa881]  __CFRUNLOOP_IS_CALLING_OUT_TO_A_SOURCE0_PERFORM_FUNCTION__+0x11
C  [CoreFoundation+0x89fbc]  __CFRunLoopDoSources0+0x22c
C  [CoreFoundation+0x894df]  __CFRunLoopRun+0x39f
C  [CoreFoundation+0x88ed8]  CFRunLoopRunSpecific+0x128
C  [HIToolbox+0x30935]  RunCurrentEventLoopInMode+0xeb
C  [HIToolbox+0x30677]  ReceiveNextEventCommon+0xb8
C  [HIToolbox+0x305af]  _BlockUntilNextEventMatchingListInModeWithFilter+0x47
C  [AppKit+0x48df6]  _DPSNextEvent+0x42b
C  [AppKit+0x48226]  -[NSApplication _nextEventMatchingEventMask:untilDate:inMode:dequeue:]+0x1c6
C  [libosxapp.dylib+0x23aa]  -[NSApplicationAWT nextEventMatchingMask:untilDate:inMode:dequeue:]+0x7c
C  [AppKit+0x3cd80]  -[NSApplication run]+0x2aa
C  [libosxapp.dylib+0x214d]  +[NSApplicationAWT runAWTLoopWithApp:]+0x9c
C  [libawt_lwawt.dylib+0x444b3]  -[AWTStarter starter:]+0x389
C  [Foundation+0x76fde]  __NSThreadPerformPerform+0x117
C  [CoreFoundation+0xaa881]  __CFRUNLOOP_IS_CALLING_OUT_TO_A_SOURCE0_PERFORM_FUNCTION__+0x11
C  [CoreFoundation+0x89fbc]  __CFRunLoopDoSources0+0x22c
C  [CoreFoundation+0x894df]  __CFRunLoopRun+0x39f
C  [CoreFoundation+0x88ed8]  CFRunLoopRunSpecific+0x128
C  [java+0x6465]  CreateExecutionEnvironment+0x367
C  [java+0x218c]  JLI_Launch+0x7a0
C  [java+0x84c2]  main+0x65
C  [java+0x19e4]  start+0x34
C  0x0000000000000007

Java frames: (J=compiled Java code, j=interpreted, Vv=VM code)
j  jogamp.nativewindow.jawt.macosx.MacOSXJAWTWindow.UnsetJAWTRootSurfaceLayer0(JJ)V+0
j  jogamp.nativewindow.jawt.macosx.MacOSXJAWTWindow.access$200(JJ)V+2
j  jogamp.nativewindow.jawt.macosx.MacOSXJAWTWindow$1.run()V+38
J 1815 C1 com.jogamp.common.util.RunnableTask.run()V (345 bytes) @ 0x00000001021fa1f4 [0x00000001021fa060+0x194]
v  ~StubRoutines::call_stub

---------------  P R O C E S S  ---------------

Java Threads: ( => current thread )
  0x00007f80a2ca8000 JavaThread "Thread-27" [_thread_blocked, id=67591, stack(0x0000700000fc7000,0x00007000010c7000)]
  0x00007f80a2c27800 JavaThread "Keep-Alive-Timer" daemon [_thread_blocked, id=67147, stack(0x0000700002289000,0x0000700002389000)]
  0x00007f80a2ae7000 JavaThread "Animation Thread" [_thread_blocked, id=58647, stack(0x00007000017e8000,0x00007000018e8000)]
  0x00007f80a1bb6800 JavaThread "AWT-EventQueue-1" [_thread_in_native, id=58931, stack(0x00007000018eb000,0x00007000019eb000)]
  0x00007f80a2178000 JavaThread "DestroyJavaVM" [_thread_blocked, id=5891, stack(0x000070000011a000,0x000070000021a000)]
  0x00007f80a20e2000 JavaThread "AWT-EventQueue-0" [_thread_blocked, id=54539, stack(0x00007000016e5000,0x00007000017e5000)]
  0x00007f80a19bb800 JavaThread "Java2D Disposer" daemon [_thread_blocked, id=50455, stack(0x000070000145c000,0x000070000155c000)]
  0x00007f80a3237800 JavaThread "Java2D Queue Flusher" daemon [_thread_blocked, id=50183, stack(0x0000700001359000,0x0000700001459000)]
  0x00007f80a1931800 JavaThread "AWT-Shutdown" [_thread_blocked, id=29715, stack(0x00007000011d3000,0x00007000012d3000)]
=>0x00007f80a20c4000 JavaThread "AWT-AppKit" daemon [_thread_in_native, id=2571, stack(0x00007fff5f304000,0x00007fff5fb04000)]
  0x00007f80a2828800 JavaThread "Service Thread" daemon [_thread_blocked, id=18435, stack(0x0000700000dc1000,0x0000700000ec1000)]
  0x00007f80a3075800 JavaThread "C1 CompilerThread2" daemon [_thread_blocked, id=17923, stack(0x0000700000cbe000,0x0000700000dbe000)]
  0x00007f80a2820000 JavaThread "C2 CompilerThread1" daemon [_thread_blocked, id=17411, stack(0x0000700000bbb000,0x0000700000cbb000)]
  0x00007f80a182a000 JavaThread "C2 CompilerThread0" daemon [_thread_blocked, id=16899, stack(0x0000700000ab8000,0x0000700000bb8000)]
  0x00007f80a1809000 JavaThread "Signal Dispatcher" daemon [_thread_blocked, id=12815, stack(0x00007000009b5000,0x0000700000ab5000)]
  0x00007f80a2804800 JavaThread "Finalizer" daemon [_thread_blocked, id=12291, stack(0x000070000082f000,0x000070000092f000)]
  0x00007f80a1811000 JavaThread "Reference Handler" daemon [_thread_blocked, id=11779, stack(0x000070000072c000,0x000070000082c000)]

Other Threads:
  0x00007f80a305a000 VMThread [stack: 0x0000700000629000,0x0000700000729000] [id=11267]
  0x00007f80a281c000 WatcherThread [stack: 0x0000700000ec4000,0x0000700000fc4000] [id=18947]

VM state:not at safepoint (normal execution)

VM Mutex/Monitor currently owned by a thread: None

Heap:
 PSYoungGen      total 38400K, used 35387K [0x0000000795580000, 0x0000000798000000, 0x00000007c0000000)
  eden space 33280K, 91% used [0x0000000795580000,0x0000000797314368,0x0000000797600000)
  from space 5120K, 99% used [0x0000000797600000,0x0000000797afa8f0,0x0000000797b00000)
  to   space 5120K, 0% used [0x0000000797b00000,0x0000000797b00000,0x0000000798000000)
 ParOldGen       total 87552K, used 11948K [0x0000000740000000, 0x0000000745580000, 0x0000000795580000)
  object space 87552K, 13% used [0x0000000740000000,0x0000000740bab308,0x0000000745580000)
 Metaspace       used 19094K, capacity 19251K, committed 19456K, reserved 1067008K
  class space    used 1877K, capacity 1952K, committed 2048K, reserved 1048576K

Card table byte_map: [0x0000000110f61000,0x0000000111362000] byte_map_base: 0x000000010d561000

Marking Bits: (ParMarkBitMap*) 0x00000001014efd20
 Begin Bits: [0x000000011160d000, 0x000000011360d000)
 End Bits:   [0x000000011360d000, 0x000000011560d000)

Polling page: 0x00000001003bf000

CodeCache: size=245760Kb used=7135Kb max_used=7144Kb free=238624Kb
 bounds [0x0000000101ba1000, 0x00000001022a1000, 0x0000000110ba1000]
 total_blobs=2885 nmethods=2012 adapters=787
 compilation: enabled

Compilation events (10 events):
Event: 10.752 Thread 0x00007f80a2820000 2008       4       processing.opengl.PGraphicsOpenGL::blendModeImpl (690 bytes)
Event: 10.760 Thread 0x00007f80a2820000 nmethod 2008 0x000000010229dc10 code [0x000000010229de00, 0x000000010229e368]
Event: 10.980 Thread 0x00007f80a3075800 2009       3       sun.awt.AWTAccessor::getEventQueueAccessor (18 bytes)
Event: 10.981 Thread 0x00007f80a3075800 nmethod 2009 0x000000010229d710 code [0x000000010229d880, 0x000000010229dae8]
Event: 10.981 Thread 0x00007f80a3075800 2010       3       sun.lwawt.LWComponentPeer::getVisibleRegion (9 bytes)
Event: 10.981 Thread 0x00007f80a3075800 nmethod 2010 0x000000010229c810 code [0x000000010229c980, 0x000000010229cbb8]
Event: 10.981 Thread 0x00007f80a3075800 2011       1       java.awt.Component::getTreeLock (4 bytes)
Event: 10.981 Thread 0x00007f80a3075800 nmethod 2011 0x0000000102295450 code [0x00000001022955a0, 0x00000001022956b0]
Event: 10.994 Thread 0x00007f80a3075800 2012       1       java.awt.Component::isEnabledImpl (5 bytes)
Event: 10.994 Thread 0x00007f80a3075800 nmethod 2012 0x000000010229c550 code [0x000000010229c6a0, 0x000000010229c7b0]

GC Heap History (6 events):
Event: 1.810 GC heap before
{Heap before GC invocations=1 (full 0):
 PSYoungGen      total 38400K, used 33280K [0x0000000795580000, 0x0000000798000000, 0x00000007c0000000)
  eden space 33280K, 100% used [0x0000000795580000,0x0000000797600000,0x0000000797600000)
  from space 5120K, 0% used [0x0000000797b00000,0x0000000797b00000,0x0000000798000000)
  to   space 5120K, 0% used [0x0000000797600000,0x0000000797600000,0x0000000797b00000)
 ParOldGen       total 87552K, used 0K [0x0000000740000000, 0x0000000745580000, 0x0000000795580000)
  object space 87552K, 0% used [0x0000000740000000,0x0000000740000000,0x0000000745580000)
 Metaspace       used 16170K, capacity 16379K, committed 16640K, reserved 1064960K
  class space    used 1635K, capacity 1724K, committed 1792K, reserved 1048576K
Event: 1.817 GC heap after
Heap after GC invocations=1 (full 0):
 PSYoungGen      total 38400K, used 5063K [0x0000000795580000, 0x0000000798000000, 0x00000007c0000000)
  eden space 33280K, 0% used [0x0000000795580000,0x0000000795580000,0x0000000797600000)
  from space 5120K, 98% used [0x0000000797600000,0x0000000797af1f10,0x0000000797b00000)
  to   space 5120K, 0% used [0x0000000797b00000,0x0000000797b00000,0x0000000798000000)
 ParOldGen       total 87552K, used 16K [0x0000000740000000, 0x0000000745580000, 0x0000000795580000)
  object space 87552K, 0% used [0x0000000740000000,0x0000000740004000,0x0000000745580000)
 Metaspace       used 16170K, capacity 16379K, committed 16640K, reserved 1064960K
  class space    used 1635K, capacity 1724K, committed 1792K, reserved 1048576K
}
Event: 2.741 GC heap before
{Heap before GC invocations=2 (full 0):
 PSYoungGen      total 38400K, used 38343K [0x0000000795580000, 0x0000000798000000, 0x00000007c0000000)
  eden space 33280K, 100% used [0x0000000795580000,0x0000000797600000,0x0000000797600000)
  from space 5120K, 98% used [0x0000000797600000,0x0000000797af1f10,0x0000000797b00000)
  to   space 5120K, 0% used [0x0000000797b00000,0x0000000797b00000,0x0000000798000000)
 ParOldGen       total 87552K, used 16K [0x0000000740000000, 0x0000000745580000, 0x0000000795580000)
  object space 87552K, 0% used [0x0000000740000000,0x0000000740004000,0x0000000745580000)
 Metaspace       used 18416K, capacity 18595K, committed 18944K, reserved 1067008K
  class space    used 1868K, capacity 1950K, committed 2048K, reserved 1048576K
Event: 2.751 GC heap after
Heap after GC invocations=2 (full 0):
 PSYoungGen      total 38400K, used 5107K [0x0000000795580000, 0x0000000798000000, 0x00000007c0000000)
  eden space 33280K, 0% used [0x0000000795580000,0x0000000795580000,0x0000000797600000)
  from space 5120K, 99% used [0x0000000797b00000,0x0000000797ffccc0,0x0000000798000000)
  to   space 5120K, 0% used [0x0000000797600000,0x0000000797600000,0x0000000797b00000)
 ParOldGen       total 87552K, used 8092K [0x0000000740000000, 0x0000000745580000, 0x0000000795580000)
  object space 87552K, 9% used [0x0000000740000000,0x00000007407e7218,0x0000000745580000)
 Metaspace       used 18416K, capacity 18595K, committed 18944K, reserved 1067008K
  class space    used 1868K, capacity 1950K, committed 2048K, reserved 1048576K
}
Event: 4.630 GC heap before
{Heap before GC invocations=3 (full 0):
 PSYoungGen      total 38400K, used 38387K [0x0000000795580000, 0x0000000798000000, 0x00000007c0000000)
  eden space 33280K, 100% used [0x0000000795580000,0x0000000797600000,0x0000000797600000)
  from space 5120K, 99% used [0x0000000797b00000,0x0000000797ffccc0,0x0000000798000000)
  to   space 5120K, 0% used [0x0000000797600000,0x0000000797600000,0x0000000797b00000)
 ParOldGen       total 87552K, used 8092K [0x0000000740000000, 0x0000000745580000, 0x0000000795580000)
  object space 87552K, 9% used [0x0000000740000000,0x00000007407e7218,0x0000000745580000)
 Metaspace       used 18777K, capacity 18985K, committed 19200K, reserved 1067008K
  class space    used 1869K, capacity 1951K, committed 2048K, reserved 1048576K
Event: 4.636 GC heap after
Heap after GC invocations=3 (full 0):
 PSYoungGen      total 38400K, used 5098K [0x0000000795580000, 0x0000000798000000, 0x00000007c0000000)
  eden space 33280K, 0% used [0x0000000795580000,0x0000000795580000,0x0000000797600000)
  from space 5120K, 99% used [0x0000000797600000,0x0000000797afa8f0,0x0000000797b00000)
  to   space 5120K, 0% used [0x0000000797b00000,0x0000000797b00000,0x0000000798000000)
 ParOldGen       total 87552K, used 11948K [0x0000000740000000, 0x0000000745580000, 0x0000000795580000)
  object space 87552K, 13% used [0x0000000740000000,0x0000000740bab308,0x0000000745580000)
 Metaspace       used 18777K, capacity 18985K, committed 19200K, reserved 1067008K
  class space    used 1869K, capacity 1951K, committed 2048K, reserved 1048576K
}

Deoptimization events (5 events):
Event: 1.280 Thread 0x00007f80a2179000 Uncommon trap: reason=unstable_if action=reinterpret pc=0x0000000101d6cd00 method=java.lang.String.toLowerCase(Ljava/util/Locale;)Ljava/lang/String; @ 85
Event: 1.520 Thread 0x00007f80a2ae7000 Uncommon trap: reason=unstable_if action=reinterpret pc=0x0000000101e15154 method=java.lang.String.indexOf([CII[CIII)I @ 3
Event: 1.520 Thread 0x00007f80a2ae7000 Uncommon trap: reason=unstable_if action=reinterpret pc=0x0000000101d58a18 method=java.lang.String.indexOf([CII[CIII)I @ 3
Event: 2.354 Thread 0x00007f80a1bb6800 Uncommon trap: reason=unstable_if action=reinterpret pc=0x0000000101d3e6c0 method=java.lang.AbstractStringBuilder.append(Ljava/lang/String;)Ljava/lang/AbstractStringBuilder; @ 1
Event: 10.965 Thread 0x00007f80a1bb6800 Uncommon trap: reason=unstable_if action=reinterpret pc=0x000000010204d368 method=com.jogamp.common.util.VersionNumber.compareTo(Lcom/jogamp/common/util/VersionNumber;)I @ 21

Internal exceptions (10 events):
Event: 0.154 Thread 0x00007f80a3002000 Exception <a 'java/lang/NoSuchFieldError': method resolution failed> (0x0000000795786628) thrown at [/Users/java_re/workspace/8-2-build-macosx-x86_64/jdk8u111/7883/hotspot/src/share/vm/prims/methodHandles.cpp, line 1146]
Event: 0.156 Thread 0x00007f80a3002000 Exception <a 'java/lang/NoSuchFieldError': method resolution failed> (0x0000000795793df8) thrown at [/Users/java_re/workspace/8-2-build-macosx-x86_64/jdk8u111/7883/hotspot/src/share/vm/prims/methodHandles.cpp, line 1146]
Event: 0.319 Thread 0x00007f80a3002000 Exception <a 'java/io/FileNotFoundException'> (0x000000079580f530) thrown at [/Users/java_re/workspace/8-2-build-macosx-x86_64/jdk8u111/7883/hotspot/src/share/vm/prims/jni.cpp, line 709]
Event: 0.319 Thread 0x00007f80a3002000 Exception <a 'java/io/FileNotFoundException'> (0x00000007958100d8) thrown at [/Users/java_re/workspace/8-2-build-macosx-x86_64/jdk8u111/7883/hotspot/src/share/vm/prims/jni.cpp, line 709]
Event: 0.415 Thread 0x00007f80a3002000 Exception <a 'java/io/FileNotFoundException'> (0x000000079594c4e8) thrown at [/Users/java_re/workspace/8-2-build-macosx-x86_64/jdk8u111/7883/hotspot/src/share/vm/prims/jni.cpp, line 709]
Event: 1.539 Thread 0x00007f80a2ae7000 Exception <a 'java/lang/UnsatisfiedLinkError': com.jogamp.common.util.JarUtil.fixNativeLibAttribs(Ljava/lang/String;)Z> (0x0000000796b42c38) thrown at [/Users/java_re/workspace/8-2-build-macosx-x86_64/jdk8u111/7883/hotspot/src/share/vm/prims/nativeLookup.
Event: 1.818 Thread 0x00007f80a2804800 Exception <a 'java/lang/NullPointerException'> (0x00000007956a7d68) thrown at [/Users/java_re/workspace/8-2-build-macosx-x86_64/jdk8u111/7883/hotspot/src/share/vm/interpreter/linkResolver.cpp, line 1178]
Event: 2.354 Thread 0x00007f80a1bb6800 Exception <a 'java/io/FileNotFoundException'> (0x0000000795edeaf8) thrown at [/Users/java_re/workspace/8-2-build-macosx-x86_64/jdk8u111/7883/hotspot/src/share/vm/prims/jni.cpp, line 709]
Event: 2.354 Thread 0x00007f80a1bb6800 Exception <a 'java/io/FileNotFoundException'> (0x0000000795ee5108) thrown at [/Users/java_re/workspace/8-2-build-macosx-x86_64/jdk8u111/7883/hotspot/src/share/vm/prims/jni.cpp, line 709]
Event: 2.354 Thread 0x00007f80a1bb6800 Implicit null exception at 0x0000000101d3e274 to 0x0000000101d3e6a9

Events (10 events):
Event: 10.992 loading class jogamp/nativewindow/jawt/macosx/MacOSXJAWTWindow$1 done
Event: 10.993 loading class java/awt/LightweightDispatcher$2
Event: 10.993 loading class java/awt/LightweightDispatcher$2 done
Event: 10.993 loading class java/awt/event/AWTEventListenerProxy
Event: 10.993 loading class java/awt/event/AWTEventListenerProxy done
Event: 10.993 loading class java/awt/Toolkit$ToolkitEventMulticaster
Event: 10.993 loading class java/awt/Toolkit$ToolkitEventMulticaster done
Event: 10.994 Thread 0x00007f80a28c0800 Thread exited: 0x00007f80a28c0800
Event: 10.994 loading class java/awt/Window$1DisposeAction
Event: 10.994 loading class java/awt/Window$1DisposeAction done


Dynamic libraries:
0x0000000005abc000 	/System/Library/Frameworks/Cocoa.framework/Versions/A/Cocoa
0x0000000005abc000 	/System/Library/Frameworks/Security.framework/Versions/A/Security
0x0000000005abc000 	/System/Library/Frameworks/ApplicationServices.framework/Versions/A/ApplicationServices
0x0000000005abc000 	/usr/lib/libz.1.dylib
0x0000000005abc000 	/usr/lib/libSystem.B.dylib
0x0000000005abc000 	/usr/lib/libobjc.A.dylib
0x0000000005abc000 	/System/Library/Frameworks/CoreFoundation.framework/Versions/A/CoreFoundation
0x0000000005abc000 	/System/Library/Frameworks/Foundation.framework/Versions/C/Foundation
0x0000000005abc000 	/System/Library/Frameworks/AppKit.framework/Versions/C/AppKit
0x0000000005abc000 	/System/Library/Frameworks/CoreData.framework/Versions/A/CoreData
0x0000000005abc000 	/System/Library/PrivateFrameworks/RemoteViewServices.framework/Versions/A/RemoteViewServices
0x0000000005abc000 	/System/Library/PrivateFrameworks/UIFoundation.framework/Versions/A/UIFoundation
0x0000000005abc000 	/usr/lib/libScreenReader.dylib
0x0000000005abc000 	/System/Library/Frameworks/Accelerate.framework/Versions/A/Accelerate
0x0000000005abc000 	/System/Library/Frameworks/IOSurface.framework/Versions/A/IOSurface
0x0000000005abc000 	/System/Library/Frameworks/AudioToolbox.framework/Versions/A/AudioToolbox
0x0000000005abc000 	/System/Library/Frameworks/AudioUnit.framework/Versions/A/AudioUnit
0x0000000005abc000 	/System/Library/PrivateFrameworks/DataDetectorsCore.framework/Versions/A/DataDetectorsCore
0x0000000005abc000 	/System/Library/PrivateFrameworks/DesktopServicesPriv.framework/Versions/A/DesktopServicesPriv
0x0000000005abc000 	/System/Library/Frameworks/Carbon.framework/Versions/A/Frameworks/HIToolbox.framework/Versions/A/HIToolbox
0x0000000005abc000 	/System/Library/Frameworks/QuartzCore.framework/Versions/A/QuartzCore
0x0000000005abc000 	/System/Library/Frameworks/Carbon.framework/Versions/A/Frameworks/SpeechRecognition.framework/Versions/A/SpeechRecognition
0x0000000005abc000 	/usr/lib/libauto.dylib
0x0000000005abc000 	/usr/lib/libicucore.A.dylib
0x0000000005abc000 	/usr/lib/libxml2.2.dylib
0x0000000005abc000 	/System/Library/PrivateFrameworks/CoreUI.framework/Versions/A/CoreUI
0x0000000005abc000 	/System/Library/Frameworks/CoreAudio.framework/Versions/A/CoreAudio
0x0000000005abc000 	/System/Library/Frameworks/DiskArbitration.framework/Versions/A/DiskArbitration
0x0000000005abc000 	/usr/lib/liblangid.dylib
0x0000000005abc000 	/System/Library/PrivateFrameworks/MultitouchSupport.framework/Versions/A/MultitouchSupport
0x0000000005abc000 	/System/Library/Frameworks/IOKit.framework/Versions/A/IOKit
0x0000000005abc000 	/usr/lib/libDiagnosticMessagesClient.dylib
0x0000000005abc000 	/System/Library/Frameworks/CoreServices.framework/Versions/A/CoreServices
0x0000000005abc000 	/System/Library/PrivateFrameworks/PerformanceAnalysis.framework/Versions/A/PerformanceAnalysis
0x0000000005abc000 	/System/Library/PrivateFrameworks/GenerationalStorage.framework/Versions/A/GenerationalStorage
0x0000000005abc000 	/System/Library/Frameworks/OpenGL.framework/Versions/A/OpenGL
0x0000000005abc000 	/System/Library/PrivateFrameworks/Sharing.framework/Versions/A/Sharing
0x0000000005abc000 	/System/Library/Frameworks/CoreGraphics.framework/Versions/A/CoreGraphics
0x0000000005abc000 	/System/Library/Frameworks/CoreImage.framework/Versions/A/CoreImage
0x0000000005abc000 	/System/Library/Frameworks/CoreText.framework/Versions/A/CoreText
0x0000000005abc000 	/System/Library/Frameworks/ImageIO.framework/Versions/A/ImageIO
0x0000000005abc000 	/System/Library/PrivateFrameworks/Backup.framework/Versions/A/Backup
0x0000000005abc000 	/usr/lib/libextension.dylib
0x0000000005abc000 	/usr/lib/libarchive.2.dylib
0x0000000005abc000 	/System/Library/Frameworks/CFNetwork.framework/Versions/A/CFNetwork
0x0000000005abc000 	/System/Library/Frameworks/SystemConfiguration.framework/Versions/A/SystemConfiguration
0x0000000005abc000 	/usr/lib/libCRFSuite.dylib
0x0000000005abc000 	/usr/lib/libc++.1.dylib
0x0000000005abc000 	/usr/lib/libc++abi.dylib
0x0000000005abc000 	/usr/lib/system/libcache.dylib
0x0000000005abc000 	/usr/lib/system/libcommonCrypto.dylib
0x0000000005abc000 	/usr/lib/system/libcompiler_rt.dylib
0x0000000005abc000 	/usr/lib/system/libcopyfile.dylib
0x0000000005abc000 	/usr/lib/system/libcorecrypto.dylib
0x0000000005abc000 	/usr/lib/system/libdispatch.dylib
0x0000000005abc000 	/usr/lib/system/libdyld.dylib
0x0000000005abc000 	/usr/lib/system/libkeymgr.dylib
0x0000000005abc000 	/usr/lib/system/liblaunch.dylib
0x0000000005abc000 	/usr/lib/system/libmacho.dylib
0x0000000005abc000 	/usr/lib/system/libquarantine.dylib
0x0000000005abc000 	/usr/lib/system/libremovefile.dylib
0x0000000005abc000 	/usr/lib/system/libsystem_asl.dylib
0x0000000005abc000 	/usr/lib/system/libsystem_blocks.dylib
0x0000000005abc000 	/usr/lib/system/libsystem_c.dylib
0x0000000005abc000 	/usr/lib/system/libsystem_configuration.dylib
0x0000000005abc000 	/usr/lib/system/libsystem_coreservices.dylib
0x0000000005abc000 	/usr/lib/system/libsystem_coretls.dylib
0x0000000005abc000 	/usr/lib/system/libsystem_dnssd.dylib
0x0000000005abc000 	/usr/lib/system/libsystem_info.dylib
0x0000000005abc000 	/usr/lib/system/libsystem_kernel.dylib
0x0000000005abc000 	/usr/lib/system/libsystem_m.dylib
0x0000000005abc000 	/usr/lib/system/libsystem_malloc.dylib
0x0000000005abc000 	/usr/lib/system/libsystem_network.dylib
0x0000000005abc000 	/usr/lib/system/libsystem_networkextension.dylib
0x0000000005abc000 	/usr/lib/system/libsystem_notify.dylib
0x0000000005abc000 	/usr/lib/system/libsystem_platform.dylib
0x0000000005abc000 	/usr/lib/system/libsystem_pthread.dylib
0x0000000005abc000 	/usr/lib/system/libsystem_sandbox.dylib
0x0000000005abc000 	/usr/lib/system/libsystem_secinit.dylib
0x0000000005abc000 	/usr/lib/system/libsystem_trace.dylib
0x0000000005abc000 	/usr/lib/system/libunc.dylib
0x0000000005abc000 	/usr/lib/system/libunwind.dylib
0x0000000005abc000 	/usr/lib/system/libxpc.dylib
0x0000000005abc000 	/usr/lib/libenergytrace.dylib
0x0000000005abc000 	/usr/lib/libbsm.0.dylib
0x0000000005abc000 	/usr/lib/system/libkxld.dylib
0x0000000005abc000 	/usr/lib/libxar.1.dylib
0x0000000005abc000 	/usr/lib/libsqlite3.dylib
0x0000000005abc000 	/usr/lib/libpam.2.dylib
0x0000000005abc000 	/usr/lib/libOpenScriptingUtil.dylib
0x0000000005abc000 	/usr/lib/libbz2.1.0.dylib
0x0000000005abc000 	/usr/lib/liblzma.5.dylib
0x0000000005abc000 	/System/Library/Frameworks/CoreServices.framework/Versions/A/Frameworks/FSEvents.framework/Versions/A/FSEvents
0x0000000005abc000 	/System/Library/Frameworks/CoreServices.framework/Versions/A/Frameworks/CarbonCore.framework/Versions/A/CarbonCore
0x0000000005abc000 	/System/Library/Frameworks/CoreServices.framework/Versions/A/Frameworks/Metadata.framework/Versions/A/Metadata
0x0000000005abc000 	/System/Library/Frameworks/CoreServices.framework/Versions/A/Frameworks/OSServices.framework/Versions/A/OSServices
0x0000000005abc000 	/System/Library/Frameworks/CoreServices.framework/Versions/A/Frameworks/SearchKit.framework/Versions/A/SearchKit
0x0000000005abc000 	/System/Library/Frameworks/CoreServices.framework/Versions/A/Frameworks/AE.framework/Versions/A/AE
0x0000000005abc000 	/System/Library/Frameworks/CoreServices.framework/Versions/A/Frameworks/LaunchServices.framework/Versions/A/LaunchServices
0x0000000005abc000 	/System/Library/Frameworks/CoreServices.framework/Versions/A/Frameworks/DictionaryServices.framework/Versions/A/DictionaryServices
0x0000000005abc000 	/System/Library/Frameworks/CoreServices.framework/Versions/A/Frameworks/SharedFileList.framework/Versions/A/SharedFileList
0x0000000005abc000 	/System/Library/Frameworks/NetFS.framework/Versions/A/NetFS
0x0000000005abc000 	/System/Library/PrivateFrameworks/NetAuth.framework/Versions/A/NetAuth
0x0000000005abc000 	/System/Library/PrivateFrameworks/login.framework/Versions/A/Frameworks/loginsupport.framework/Versions/A/loginsupport
0x0000000005abc000 	/System/Library/PrivateFrameworks/TCC.framework/Versions/A/TCC
0x0000000005abc000 	/usr/lib/libmecabra.dylib
0x0000000005abc000 	/System/Library/Frameworks/ApplicationServices.framework/Versions/A/Frameworks/ATS.framework/Versions/A/ATS
0x0000000005abc000 	/System/Library/Frameworks/ApplicationServices.framework/Versions/A/Frameworks/ColorSync.framework/Versions/A/ColorSync
0x0000000005abc000 	/System/Library/Frameworks/ApplicationServices.framework/Versions/A/Frameworks/HIServices.framework/Versions/A/HIServices
0x0000000005abc000 	/System/Library/Frameworks/ApplicationServices.framework/Versions/A/Frameworks/LangAnalysis.framework/Versions/A/LangAnalysis
0x0000000005abc000 	/System/Library/Frameworks/ApplicationServices.framework/Versions/A/Frameworks/PrintCore.framework/Versions/A/PrintCore
0x0000000005abc000 	/System/Library/Frameworks/ApplicationServices.framework/Versions/A/Frameworks/QD.framework/Versions/A/QD
0x0000000005abc000 	/System/Library/Frameworks/ApplicationServices.framework/Versions/A/Frameworks/SpeechSynthesis.framework/Versions/A/SpeechSynthesis
0x0000000005abc000 	/System/Library/Frameworks/Metal.framework/Versions/A/Metal
0x0000000005abc000 	/System/Library/Frameworks/Accelerate.framework/Versions/A/Frameworks/vImage.framework/Versions/A/vImage
0x0000000005abc000 	/System/Library/Frameworks/Accelerate.framework/Versions/A/Frameworks/vecLib.framework/Versions/A/vecLib
0x0000000005abc000 	/System/Library/Frameworks/Accelerate.framework/Versions/A/Frameworks/vecLib.framework/Versions/A/libvDSP.dylib
0x0000000005abc000 	/System/Library/Frameworks/Accelerate.framework/Versions/A/Frameworks/vecLib.framework/Versions/A/libvMisc.dylib
0x0000000005abc000 	/System/Library/Frameworks/Accelerate.framework/Versions/A/Frameworks/vecLib.framework/Versions/A/libLAPACK.dylib
0x0000000005abc000 	/System/Library/Frameworks/Accelerate.framework/Versions/A/Frameworks/vecLib.framework/Versions/A/libBLAS.dylib
0x0000000005abc000 	/System/Library/Frameworks/Accelerate.framework/Versions/A/Frameworks/vecLib.framework/Versions/A/libLinearAlgebra.dylib
0x0000000005abc000 	/System/Library/Frameworks/Accelerate.framework/Versions/A/Frameworks/vecLib.framework/Versions/A/libSparseBLAS.dylib
0x0000000005abc000 	/System/Library/PrivateFrameworks/GPUCompiler.framework/libmetal_timestamp.dylib
0x0000000005abc000 	/System/Library/Frameworks/OpenGL.framework/Versions/A/Libraries/libCoreFSCache.dylib
0x0000000005abc000 	/System/Library/PrivateFrameworks/IOAccelerator.framework/Versions/A/IOAccelerator
0x0000000005abc000 	/System/Library/Frameworks/ApplicationServices.framework/Versions/A/Frameworks/ATS.framework/Versions/A/Resources/libFontParser.dylib
0x0000000005abc000 	/System/Library/Frameworks/ApplicationServices.framework/Versions/A/Frameworks/ATS.framework/Versions/A/Resources/libFontRegistry.dylib
0x0000000005abc000 	/System/Library/PrivateFrameworks/AppleVPA.framework/Versions/A/AppleVPA
0x0000000005abc000 	/System/Library/PrivateFrameworks/AppleJPEG.framework/Versions/A/AppleJPEG
0x0000000005abc000 	/System/Library/Frameworks/ImageIO.framework/Versions/A/Resources/libJPEG.dylib
0x0000000005abc000 	/System/Library/Frameworks/ImageIO.framework/Versions/A/Resources/libTIFF.dylib
0x0000000005abc000 	/System/Library/Frameworks/ImageIO.framework/Versions/A/Resources/libPng.dylib
0x0000000005abc000 	/System/Library/Frameworks/ImageIO.framework/Versions/A/Resources/libGIF.dylib
0x0000000005abc000 	/System/Library/Frameworks/ImageIO.framework/Versions/A/Resources/libJP2.dylib
0x0000000005abc000 	/System/Library/Frameworks/ImageIO.framework/Versions/A/Resources/libRadiance.dylib
0x0000000005abc000 	/System/Library/Frameworks/CoreVideo.framework/Versions/A/CoreVideo
0x0000000005abc000 	/System/Library/Frameworks/OpenGL.framework/Versions/A/Libraries/libGLU.dylib
0x0000000005abc000 	/System/Library/Frameworks/OpenGL.framework/Versions/A/Libraries/libGFXShared.dylib
0x0000000005abc000 	/System/Library/Frameworks/OpenGL.framework/Versions/A/Libraries/libGL.dylib
0x0000000005abc000 	/System/Library/Frameworks/OpenGL.framework/Versions/A/Libraries/libGLImage.dylib
0x0000000005abc000 	/System/Library/Frameworks/OpenGL.framework/Versions/A/Libraries/libCVMSPluginSupport.dylib
0x0000000005abc000 	/System/Library/Frameworks/OpenGL.framework/Versions/A/Libraries/libCoreVMClient.dylib
0x0000000005abc000 	/usr/lib/libcompression.dylib
0x0000000005abc000 	/usr/lib/libcups.2.dylib
0x0000000005abc000 	/System/Library/Frameworks/Kerberos.framework/Versions/A/Kerberos
0x0000000005abc000 	/System/Library/Frameworks/GSS.framework/Versions/A/GSS
0x0000000005abc000 	/usr/lib/libresolv.9.dylib
0x0000000005abc000 	/usr/lib/libiconv.2.dylib
0x0000000005abc000 	/System/Library/PrivateFrameworks/Heimdal.framework/Versions/A/Heimdal
0x0000000005abc000 	/usr/lib/libheimdal-asn1.dylib
0x0000000005abc000 	/System/Library/Frameworks/OpenDirectory.framework/Versions/A/OpenDirectory
0x0000000005abc000 	/System/Library/PrivateFrameworks/CommonAuth.framework/Versions/A/CommonAuth
0x0000000005abc000 	/System/Library/Frameworks/OpenDirectory.framework/Versions/A/Frameworks/CFOpenDirectory.framework/Versions/A/CFOpenDirectory
0x0000000005abc000 	/System/Library/Frameworks/SecurityFoundation.framework/Versions/A/SecurityFoundation
0x0000000005abc000 	/System/Library/PrivateFrameworks/LanguageModeling.framework/Versions/A/LanguageModeling
0x0000000005abc000 	/usr/lib/libmarisa.dylib
0x0000000005abc000 	/usr/lib/libChineseTokenizer.dylib
0x0000000005abc000 	/usr/lib/libcmph.dylib
0x0000000005abc000 	/System/Library/Frameworks/ServiceManagement.framework/Versions/A/ServiceManagement
0x0000000005abc000 	/usr/lib/libxslt.1.dylib
0x0000000005abc000 	/System/Library/Frameworks/Carbon.framework/Versions/A/Frameworks/Ink.framework/Versions/A/Ink
0x0000000005abc000 	/usr/lib/libFosl_dynamic.dylib
0x0000000005abc000 	/System/Library/PrivateFrameworks/FaceCore.framework/Versions/A/FaceCore
0x0000000005abc000 	/System/Library/Frameworks/OpenCL.framework/Versions/A/OpenCL
0x0000000005abc000 	/System/Library/PrivateFrameworks/CrashReporterSupport.framework/Versions/A/CrashReporterSupport
0x0000000005abc000 	/System/Library/PrivateFrameworks/IconServices.framework/Versions/A/IconServices
0x0000000005abc000 	/System/Library/PrivateFrameworks/Apple80211.framework/Versions/A/Apple80211
0x0000000005abc000 	/System/Library/Frameworks/CoreWLAN.framework/Versions/A/CoreWLAN
0x0000000005abc000 	/System/Library/Frameworks/IOBluetooth.framework/Versions/A/IOBluetooth
0x0000000005abc000 	/System/Library/PrivateFrameworks/CoreWiFi.framework/Versions/A/CoreWiFi
0x0000000005abc000 	/System/Library/Frameworks/CoreBluetooth.framework/Versions/A/CoreBluetooth
0x0000000005abc000 	/System/Library/PrivateFrameworks/ChunkingLibrary.framework/Versions/A/ChunkingLibrary
0x0000000005abc000 	/System/Library/PrivateFrameworks/DebugSymbols.framework/Versions/A/DebugSymbols
0x0000000005abc000 	/System/Library/PrivateFrameworks/CoreSymbolication.framework/Versions/A/CoreSymbolication
0x0000000005abc000 	/System/Library/PrivateFrameworks/Symbolication.framework/Versions/A/Symbolication
0x0000000005abc000 	/System/Library/PrivateFrameworks/SpeechRecognitionCore.framework/Versions/A/SpeechRecognitionCore
0x0000000100c00000 	/Library/Java/JavaVirtualMachines/jdk1.8.0_111.jdk/Contents/Home/jre/lib/server/libjvm.dylib
0x0000000005abc000 	/usr/lib/libstdc++.6.dylib
0x000000010037c000 	/Library/Java/JavaVirtualMachines/jdk1.8.0_111.jdk/Contents/Home/jre/lib/libverify.dylib
0x000000010038a000 	/Library/Java/JavaVirtualMachines/jdk1.8.0_111.jdk/Contents/Home/jre/lib/libjava.dylib
0x00000001003c9000 	/Library/Java/JavaVirtualMachines/jdk1.8.0_111.jdk/Contents/Home/jre/lib/libzip.dylib
0x00000001174dc000 	/System/Library/Frameworks/JavaVM.framework/Frameworks/JavaRuntimeSupport.framework/JavaRuntimeSupport
0x00000001174f7000 	/System/Library/Frameworks/JavaVM.framework/Versions/A/Frameworks/JavaNativeFoundation.framework/Versions/A/JavaNativeFoundation
0x000000011750c000 	/System/Library/Frameworks/JavaVM.framework/Versions/A/JavaVM
0x0000000005abc000 	/System/Library/Frameworks/Carbon.framework/Versions/A/Carbon
0x0000000117519000 	/System/Library/PrivateFrameworks/JavaLaunching.framework/Versions/A/JavaLaunching
0x0000000005abc000 	/System/Library/Frameworks/Carbon.framework/Versions/A/Frameworks/CommonPanels.framework/Versions/A/CommonPanels
0x0000000005abc000 	/System/Library/Frameworks/Carbon.framework/Versions/A/Frameworks/Help.framework/Versions/A/Help
0x0000000005abc000 	/System/Library/Frameworks/Carbon.framework/Versions/A/Frameworks/ImageCapture.framework/Versions/A/ImageCapture
0x0000000005abc000 	/System/Library/Frameworks/Carbon.framework/Versions/A/Frameworks/OpenScripting.framework/Versions/A/OpenScripting
0x0000000005abc000 	/System/Library/Frameworks/Carbon.framework/Versions/A/Frameworks/Print.framework/Versions/A/Print
0x0000000005abc000 	/System/Library/Frameworks/Carbon.framework/Versions/A/Frameworks/SecurityHI.framework/Versions/A/SecurityHI
0x0000000118e3a000 	/Library/Java/JavaVirtualMachines/jdk1.8.0_111.jdk/Contents/Home/jre/lib/libawt.dylib
0x0000000118ee2000 	/Library/Java/JavaVirtualMachines/jdk1.8.0_111.jdk/Contents/Home/jre/lib/./libmlib_image.dylib
0x0000000118fae000 	/Library/Java/JavaVirtualMachines/jdk1.8.0_111.jdk/Contents/Home/jre/lib/libawt_lwawt.dylib
0x0000000119063000 	/Library/Java/JavaVirtualMachines/jdk1.8.0_111.jdk/Contents/Home/jre/lib/./libosxapp.dylib
0x0000000005abc000 	/System/Library/Frameworks/ExceptionHandling.framework/Versions/A/ExceptionHandling
0x0000000005abc000 	/System/Library/PrivateFrameworks/CoreServicesInternal.framework/Versions/A/CoreServicesInternal
0x0000000005abc000 	/System/Library/Frameworks/CoreGraphics.framework/Versions/A/Resources/libRIP.A.dylib
0x0000000005abc000 	/System/Library/Frameworks/Accelerate.framework/Versions/A/Frameworks/vImage.framework/Versions/A/Libraries/libCGInterfaces.dylib
0x0000000005abc000 	/System/Library/Frameworks/CoreGraphics.framework/Versions/A/Resources/libCGXType.A.dylib
0x0000000005abc000 	/System/Library/Frameworks/OpenCL.framework/Versions/A/Libraries/libcldcpuengine.dylib
0x0000000005abc000 	/System/Library/PrivateFrameworks/DiskImages.framework/Versions/A/DiskImages
0x0000000005abc000 	/System/Library/Frameworks/DiscRecording.framework/Versions/A/DiscRecording
0x0000000005abc000 	/usr/lib/libcsfde.dylib
0x0000000005abc000 	/usr/lib/libcurl.4.dylib
0x0000000005abc000 	/System/Library/PrivateFrameworks/MediaKit.framework/Versions/A/MediaKit
0x0000000005abc000 	/System/Library/PrivateFrameworks/ProtectedCloudStorage.framework/Versions/A/ProtectedCloudStorage
0x0000000005abc000 	/usr/lib/libCoreStorage.dylib
0x0000000005abc000 	/System/Library/PrivateFrameworks/EFILogin.framework/Versions/A/EFILogin
0x0000000005abc000 	/usr/lib/libutil.dylib
0x0000000005abc000 	/System/Library/PrivateFrameworks/FindMyDevice.framework/Versions/A/FindMyDevice
0x0000000005abc000 	/System/Library/Frameworks/LDAP.framework/Versions/A/LDAP
0x0000000005abc000 	/usr/lib/libsasl2.2.dylib
0x0000000005abc000 	/System/Library/PrivateFrameworks/CoreDaemon.framework/Versions/B/CoreDaemon
0x0000000005abc000 	/usr/lib/libcrypto.0.9.8.dylib
0x0000000005abc000 	/System/Library/PrivateFrameworks/AppleSRP.framework/Versions/A/AppleSRP
0x0000000005abc000 	/System/Library/PrivateFrameworks/TrustEvaluationAgent.framework/Versions/A/TrustEvaluationAgent
0x0000000119ca1000 	cl_kernels
0x0000000005abc000 	/System/Library/Frameworks/OpenCL.framework/Versions/A/Libraries/ImageFormats/unorm8_bgra.dylib
0x0000000005abc000 	/System/Library/Frameworks/OpenCL.framework/Versions/A/Libraries/ImageFormats/unorm8_rgba.dylib
0x0000000005abc000 	/System/Library/PrivateFrameworks/FamilyControls.framework/Versions/A/FamilyControls
0x0000000005abc000 	/System/Library/PrivateFrameworks/CommerceKit.framework/Versions/A/Frameworks/CommerceCore.framework/Versions/A/CommerceCore
0x0000000005abc000 	/System/Library/PrivateFrameworks/SystemAdministration.framework/Versions/A/SystemAdministration
0x0000000005abc000 	/System/Library/PrivateFrameworks/AppContainer.framework/Versions/A/AppContainer
0x0000000005abc000 	/System/Library/PrivateFrameworks/SecCodeWrapper.framework/Versions/A/SecCodeWrapper
0x0000000005abc000 	/System/Library/Frameworks/DirectoryService.framework/Versions/A/DirectoryService
0x0000000005abc000 	/System/Library/PrivateFrameworks/LoginUIKit.framework/Versions/A/Frameworks/LoginUICore.framework/Versions/A/LoginUICore
0x0000000005abc000 	/usr/lib/libodfde.dylib
0x0000000005abc000 	/System/Library/Frameworks/OpenGL.framework/Versions/A/Resources/GLEngine.bundle/GLEngine
0x0000000005abc000 	/System/Library/Frameworks/OpenGL.framework/Versions/A/Libraries/libGLProgrammability.dylib
0x000000011bdfb000 	/System/Library/Extensions/AppleIntelBDWGraphicsGLDriver.bundle/Contents/MacOS/AppleIntelBDWGraphicsGLDriver
0x0000000005abc000 	/System/Library/PrivateFrameworks/GPUSupport.framework/Versions/A/Libraries/libGPUSupportMercury.dylib
0x0000000005abc000 	/System/Library/Frameworks/OpenGL.framework/Versions/A/Resources/GLRendererFloat.bundle/GLRendererFloat
0x000000011cd83000 	/Library/Java/JavaVirtualMachines/jdk1.8.0_111.jdk/Contents/Home/jre/lib/libfontmanager.dylib
0x000000011e24b000 	/Library/Java/JavaVirtualMachines/jdk1.8.0_111.jdk/Contents/Home/jre/lib/libosxui.dylib
0x000000011ef29000 	/Library/Java/JavaVirtualMachines/jdk1.8.0_111.jdk/Contents/Home/jre/lib/libnet.dylib
0x000000011ed3d000 	/Library/Java/JavaVirtualMachines/jdk1.8.0_111.jdk/Contents/Home/jre/lib/libnio.dylib
0x0000000005abc000 	/System/Library/Frameworks/ApplicationServices.framework/Versions/A/Frameworks/ATS.framework/Versions/A/Resources/libTrueTypeScaler.dylib
0x0000000170089000 	/System/Library/Extensions/AppleIntelBDWGraphicsMTLDriver.bundle/Contents/MacOS/AppleIntelBDWGraphicsMTLDriver
0x000000011a2dc000 	/private/var/folders/tg/tblkpz2s01q491tnsk9818kh0000gn/T/jogamp_0000/file_cache/jln4174555554556135981/jln8931216955521307622/libgluegen-rt.jnilib
0x000000011a2e1000 	/private/var/folders/tg/tblkpz2s01q491tnsk9818kh0000gn/T/jogamp_0000/file_cache/jln4174555554556135981/jln8931216955521307622/libnativewindow_awt.jnilib
0x000000011a2e4000 	/Library/Java/JavaVirtualMachines/jdk1.8.0_111.jdk/Contents/Home/jre/lib/libjawt.dylib
0x000000016ff50000 	/private/var/folders/tg/tblkpz2s01q491tnsk9818kh0000gn/T/jogamp_0000/file_cache/jln4174555554556135981/jln8931216955521307622/libnativewindow_macosx.jnilib
0x00000001706c9000 	/private/var/folders/tg/tblkpz2s01q491tnsk9818kh0000gn/T/jogamp_0000/file_cache/jln4174555554556135981/jln8931216955521307622/libjogl_desktop.jnilib
0x0000000178191000 	/Library/Java/JavaVirtualMachines/jdk1.8.0_111.jdk/Contents/Home/jre/lib/libjpeg.dylib

VM Arguments:
jvm_args: -Djava.security.policy=java.policy.applet -Dfile.encoding=UTF-8 
java_command: sun.applet.AppletViewer module1.HelloWorld1477185703528.html
java_class_path (initial): /Users/gursimransingh/Documents/workspace/UCSDUnfoldingMaps/build:/Users/gursimransingh/Documents/workspace/UCSDUnfoldingMaps/lib/core.jar:/Users/gursimransingh/Documents/workspace/UCSDUnfoldingMaps/lib/gluegen-rt.jar:/Users/gursimransingh/Documents/workspace/UCSDUnfoldingMaps/lib/jogl-all.jar:/Users/gursimransingh/Documents/workspace/UCSDUnfoldingMaps/lib/log4j-1.2.15.jar:/Users/gursimransingh/Documents/workspace/UCSDUnfoldingMaps/lib/sqlite-jdbc-3.7.2.jar:/Users/gursimransingh/Documents/workspace/UCSDUnfoldingMaps/lib/json4processing.jar:/Users/gursimransingh/Documents/workspace/UCSDUnfoldingMaps/lib/libTUIO.jar:/Users/gursimransingh/Documents/workspace/UCSDUnfoldingMaps/lib/unfolding.0.9.7-uscd.jar
Launcher Type: SUN_STANDARD

Environment Variables:
PATH=/usr/bin:/bin:/usr/sbin:/sbin
SHELL=/bin/bash

Signal Handlers:
SIGSEGV: [libjvm.dylib+0x5b03ed], sa_mask[0]=11111111011111110111111111111111, sa_flags=SA_ONSTACK|SA_RESTART|SA_SIGINFO
SIGBUS: [libjvm.dylib+0x5b03ed], sa_mask[0]=11111111011111110111111111111111, sa_flags=SA_RESTART|SA_SIGINFO
SIGFPE: [libjvm.dylib+0x48711c], sa_mask[0]=11111111011111110111111111111111, sa_flags=SA_RESTART|SA_SIGINFO
SIGPIPE: [libjvm.dylib+0x48711c], sa_mask[0]=11111111011111110111111111111111, sa_flags=SA_RESTART|SA_SIGINFO
SIGXFSZ: [libjvm.dylib+0x48711c], sa_mask[0]=11111111011111110111111111111111, sa_flags=SA_RESTART|SA_SIGINFO
SIGILL: [libjvm.dylib+0x48711c], sa_mask[0]=11111111011111110111111111111111, sa_flags=SA_RESTART|SA_SIGINFO
SIGUSR1: SIG_DFL, sa_mask[0]=00000000000000000000000000000000, sa_flags=none
SIGUSR2: [libjvm.dylib+0x486c3a], sa_mask[0]=00100000000000000000000000000000, sa_flags=SA_RESTART|SA_SIGINFO
SIGHUP: [libjvm.dylib+0x485211], sa_mask[0]=11111111011111110111111111111111, sa_flags=SA_RESTART|SA_SIGINFO
SIGINT: [libjvm.dylib+0x485211], sa_mask[0]=11111111011111110111111111111111, sa_flags=SA_RESTART|SA_SIGINFO
SIGTERM: [libjvm.dylib+0x485211], sa_mask[0]=11111111011111110111111111111111, sa_flags=SA_RESTART|SA_SIGINFO
SIGQUIT: [libjvm.dylib+0x485211], sa_mask[0]=11111111011111110111111111111111, sa_flags=SA_RESTART|SA_SIGINFO


---------------  S Y S T E M  ---------------

OS:Bsduname:Darwin 15.6.0 Darwin Kernel Version 15.6.0: Thu Jun 23 18:25:34 PDT 2016; root:xnu-3248.60.10~1/RELEASE_X86_64 x86_64
rlimit: STACK 8192k, CORE 0k, NPROC 709, NOFILE 10240, AS infinity
load average:1.94 1.99 1.98

CPU:total 4 (2 cores per cpu, 2 threads per core) family 6 model 61 stepping 4, cmov, cx8, fxsr, mmx, sse, sse2, sse3, ssse3, sse4.1, sse4.2, popcnt, avx, avx2, aes, clmul, erms, 3dnowpref, lzcnt, ht, tsc, tscinvbit, bmi1, bmi2, adx

Memory: 4k page, physical 8388608k(151144k free)

/proc/meminfo:


vm_info: Java HotSpot(TM) 64-Bit Server VM (25.111-b14) for bsd-amd64 JRE (1.8.0_111-b14), built on Sep 22 2016 15:31:41 by "java_re" with gcc 4.2.1 (Based on Apple Inc. build 5658) (LLVM build 2336.11.00)

time: Sat Oct 22 21:21:54 2016
elapsed time: 11 seconds (0d 0h 0m 11s)

